{"C:\\Users\\scott\\Claude_Code\\caddyai-web\\app\\layout.tsx": {"path":"C:\\Users\\scott\\Claude_Code\\caddyai-web\\app\\layout.tsx","statementMap":{"0":{"start":{"line":49,"column":24},"end":{"line":49,"column":35}},"1":{"start":{"line":17,"column":13},"end":{"line":17,"column":34}},"2":{"start":{"line":2,"column":22},"end":{"line":2,"column":null}},"3":{"start":{"line":3,"column":29},"end":{"line":3,"column":null}},"4":{"start":{"line":4,"column":28},"end":{"line":4,"column":null}},"5":{"start":{"line":5,"column":30},"end":{"line":5,"column":null}},"6":{"start":{"line":6,"column":106},"end":{"line":6,"column":null}},"7":{"start":{"line":7,"column":7},"end":{"line":7,"column":null}},"8":{"start":{"line":9,"column":14},"end":{"line":15,"column":null}},"9":{"start":{"line":17,"column":34},"end":{"line":47,"column":null}}},"fnMap":{"0":{"name":"RootLayout","decl":{"start":{"line":49,"column":24},"end":{"line":49,"column":35}},"loc":{"start":{"line":53,"column":2},"end":{"line":70,"column":null}}}},"branchMap":{},"s":{"0":0,"1":0,"2":0,"3":0,"4":0,"5":0,"6":0,"7":0,"8":0,"9":0},"f":{"0":0},"b":{}}
,"C:\\Users\\scott\\Claude_Code\\caddyai-web\\app\\page.tsx": {"path":"C:\\Users\\scott\\Claude_Code\\caddyai-web\\app\\page.tsx","statementMap":{"0":{"start":{"line":30,"column":24},"end":{"line":30,"column":null}},"1":{"start":{"line":8,"column":26},"end":{"line":8,"column":null}},"2":{"start":{"line":9,"column":26},"end":{"line":9,"column":null}},"3":{"start":{"line":10,"column":24},"end":{"line":10,"column":null}},"4":{"start":{"line":11,"column":27},"end":{"line":11,"column":null}},"5":{"start":{"line":12,"column":21},"end":{"line":12,"column":null}},"6":{"start":{"line":13,"column":41},"end":{"line":13,"column":null}},"7":{"start":{"line":14,"column":34},"end":{"line":14,"column":null}},"8":{"start":{"line":15,"column":43},"end":{"line":15,"column":null}},"9":{"start":{"line":16,"column":27},"end":{"line":16,"column":null}},"10":{"start":{"line":17,"column":23},"end":{"line":17,"column":null}},"11":{"start":{"line":18,"column":35},"end":{"line":18,"column":null}},"12":{"start":{"line":19,"column":31},"end":{"line":19,"column":null}},"13":{"start":{"line":20,"column":23},"end":{"line":20,"column":null}},"14":{"start":{"line":28,"column":7},"end":{"line":28,"column":null}},"15":{"start":{"line":31,"column":17},"end":{"line":31,"column":null}},"16":{"start":{"line":32,"column":28},"end":{"line":32,"column":null}},"17":{"start":{"line":35,"column":2},"end":{"line":39,"column":null}},"18":{"start":{"line":36,"column":4},"end":{"line":38,"column":null}},"19":{"start":{"line":37,"column":6},"end":{"line":37,"column":null}},"20":{"start":{"line":41,"column":2},"end":{"line":47,"column":null}},"21":{"start":{"line":50,"column":19},"end":{"line":69,"column":null}},"22":{"start":{"line":108,"column":14},"end":{"line":108,"column":48}},"23":{"start":{"line":176,"column":14},"end":{"line":177,"column":null}}},"fnMap":{"0":{"name":"LandingPage","decl":{"start":{"line":30,"column":24},"end":{"line":30,"column":null}},"loc":{"start":{"line":30,"column":24},"end":{"line":235,"column":null}}},"1":{"name":"(anonymous_2)","decl":{"start":{"line":35,"column":12},"end":{"line":35,"column":null}},"loc":{"start":{"line":35,"column":12},"end":{"line":39,"column":5}}},"2":{"name":"(anonymous_3)","decl":{"start":{"line":107,"column":26},"end":{"line":107,"column":27}},"loc":{"start":{"line":108,"column":14},"end":{"line":108,"column":48}}},"3":{"name":"(anonymous_4)","decl":{"start":{"line":175,"column":18},"end":{"line":175,"column":19}},"loc":{"start":{"line":176,"column":14},"end":{"line":177,"column":null}}}},"branchMap":{"0":{"loc":{"start":{"line":36,"column":4},"end":{"line":38,"column":null}},"type":"if","locations":[{"start":{"line":36,"column":4},"end":{"line":38,"column":null}},{"start":{},"end":{}}]},"1":{"loc":{"start":{"line":36,"column":8},"end":{"line":36,"column":26}},"type":"binary-expr","locations":[{"start":{"line":36,"column":8},"end":{"line":36,"column":20}},{"start":{"line":36,"column":20},"end":{"line":36,"column":26}}]},"2":{"loc":{"start":{"line":41,"column":2},"end":{"line":47,"column":null}},"type":"if","locations":[{"start":{"line":41,"column":2},"end":{"line":47,"column":null}},{"start":{},"end":{}}]}},"s":{"0":0,"1":0,"2":0,"3":0,"4":0,"5":0,"6":0,"7":0,"8":0,"9":0,"10":0,"11":0,"12":0,"13":0,"14":0,"15":0,"16":0,"17":0,"18":0,"19":0,"20":0,"21":0,"22":0,"23":0},"f":{"0":0,"1":0,"2":0,"3":0},"b":{"0":[0,0],"1":[0,0],"2":[0,0]}}
,"C:\\Users\\scott\\Claude_Code\\caddyai-web\\app\\robots.ts": {"path":"C:\\Users\\scott\\Claude_Code\\caddyai-web\\app\\robots.ts","statementMap":{"0":{"start":{"line":3,"column":24},"end":{"line":3,"column":null}},"1":{"start":{"line":4,"column":18},"end":{"line":4,"column":null}},"2":{"start":{"line":6,"column":2},"end":{"line":31,"column":null}}},"fnMap":{"0":{"name":"robots","decl":{"start":{"line":3,"column":24},"end":{"line":3,"column":null}},"loc":{"start":{"line":3,"column":24},"end":{"line":32,"column":null}}}},"branchMap":{},"s":{"0":0,"1":0,"2":0},"f":{"0":0},"b":{}}
,"C:\\Users\\scott\\Claude_Code\\caddyai-web\\app\\sitemap.ts": {"path":"C:\\Users\\scott\\Claude_Code\\caddyai-web\\app\\sitemap.ts","statementMap":{"0":{"start":{"line":3,"column":24},"end":{"line":3,"column":null}},"1":{"start":{"line":4,"column":18},"end":{"line":4,"column":null}},"2":{"start":{"line":5,"column":22},"end":{"line":5,"column":null}},"3":{"start":{"line":8,"column":22},"end":{"line":123,"column":null}},"4":{"start":{"line":125,"column":2},"end":{"line":125,"column":null}}},"fnMap":{"0":{"name":"sitemap","decl":{"start":{"line":3,"column":24},"end":{"line":3,"column":null}},"loc":{"start":{"line":3,"column":24},"end":{"line":126,"column":null}}}},"branchMap":{},"s":{"0":0,"1":0,"2":0,"3":0,"4":0},"f":{"0":0},"b":{}}
,"C:\\Users\\scott\\Claude_Code\\caddyai-web\\app\\about\\page.tsx": {"path":"C:\\Users\\scott\\Claude_Code\\caddyai-web\\app\\about\\page.tsx","statementMap":{"0":{"start":{"line":16,"column":24},"end":{"line":16,"column":null}},"1":{"start":{"line":8,"column":27},"end":{"line":8,"column":null}},"2":{"start":{"line":9,"column":23},"end":{"line":9,"column":null}},"3":{"start":{"line":10,"column":29},"end":{"line":10,"column":null}},"4":{"start":{"line":11,"column":27},"end":{"line":11,"column":null}},"5":{"start":{"line":12,"column":23},"end":{"line":12,"column":null}},"6":{"start":{"line":13,"column":42},"end":{"line":13,"column":null}},"7":{"start":{"line":14,"column":46},"end":{"line":14,"column":null}},"8":{"start":{"line":17,"column":17},"end":{"line":38,"column":null}},"9":{"start":{"line":97,"column":27},"end":{"line":97,"column":37}},"10":{"start":{"line":98,"column":14},"end":{"line":100,"column":null}}},"fnMap":{"0":{"name":"AboutPage","decl":{"start":{"line":16,"column":24},"end":{"line":16,"column":null}},"loc":{"start":{"line":16,"column":24},"end":{"line":141,"column":null}}},"1":{"name":"(anonymous_2)","decl":{"start":{"line":96,"column":24},"end":{"line":96,"column":25}},"loc":{"start":{"line":96,"column":32},"end":{"line":116,"column":null}}}},"branchMap":{},"s":{"0":0,"1":0,"2":0,"3":0,"4":0,"5":0,"6":0,"7":0,"8":0,"9":0,"10":0},"f":{"0":0,"1":0},"b":{}}
,"C:\\Users\\scott\\Claude_Code\\caddyai-web\\app\\blog\\page.tsx": {"path":"C:\\Users\\scott\\Claude_Code\\caddyai-web\\app\\blog\\page.tsx","statementMap":{"0":{"start":{"line":21,"column":24},"end":{"line":21,"column":null}},"1":{"start":{"line":8,"column":23},"end":{"line":8,"column":null}},"2":{"start":{"line":9,"column":27},"end":{"line":9,"column":null}},"3":{"start":{"line":10,"column":23},"end":{"line":10,"column":null}},"4":{"start":{"line":18,"column":7},"end":{"line":18,"column":null}},"5":{"start":{"line":19,"column":23},"end":{"line":19,"column":null}},"6":{"start":{"line":22,"column":16},"end":{"line":83,"column":null}},"7":{"start":{"line":85,"column":21},"end":{"line":93,"column":null}},"8":{"start":{"line":132,"column":14},"end":{"line":133,"column":null}},"9":{"start":{"line":155,"column":14},"end":{"line":156,"column":null}}},"fnMap":{"0":{"name":"BlogPage","decl":{"start":{"line":21,"column":24},"end":{"line":21,"column":null}},"loc":{"start":{"line":21,"column":24},"end":{"line":266,"column":null}}},"1":{"name":"(anonymous_2)","decl":{"start":{"line":131,"column":28},"end":{"line":131,"column":29}},"loc":{"start":{"line":132,"column":14},"end":{"line":133,"column":null}}},"2":{"name":"(anonymous_3)","decl":{"start":{"line":154,"column":23},"end":{"line":154,"column":24}},"loc":{"start":{"line":155,"column":14},"end":{"line":156,"column":null}}}},"branchMap":{"0":{"loc":{"start":{"line":138,"column":18},"end":{"line":140,"column":null}},"type":"cond-expr","locations":[{"start":{"line":139,"column":22},"end":{"line":139,"column":null}},{"start":{"line":140,"column":22},"end":{"line":140,"column":null}}]}},"s":{"0":0,"1":0,"2":0,"3":0,"4":0,"5":0,"6":0,"7":0,"8":0,"9":0},"f":{"0":0,"1":0,"2":0},"b":{"0":[0,0]}}
,"C:\\Users\\scott\\Claude_Code\\caddyai-web\\app\\careers\\page.tsx": {"path":"C:\\Users\\scott\\Claude_Code\\caddyai-web\\app\\careers\\page.tsx","statementMap":{"0":{"start":{"line":24,"column":24},"end":{"line":24,"column":null}},"1":{"start":{"line":8,"column":23},"end":{"line":8,"column":null}},"2":{"start":{"line":9,"column":27},"end":{"line":9,"column":null}},"3":{"start":{"line":10,"column":23},"end":{"line":10,"column":null}},"4":{"start":{"line":21,"column":7},"end":{"line":21,"column":null}},"5":{"start":{"line":22,"column":23},"end":{"line":22,"column":null}},"6":{"start":{"line":25,"column":15},"end":{"line":71,"column":null}},"7":{"start":{"line":73,"column":19},"end":{"line":104,"column":null}},"8":{"start":{"line":106,"column":17},"end":{"line":126,"column":null}},"9":{"start":{"line":179,"column":14},"end":{"line":180,"column":null}},"10":{"start":{"line":214,"column":27},"end":{"line":214,"column":39}},"11":{"start":{"line":215,"column":14},"end":{"line":217,"column":null}},"12":{"start":{"line":252,"column":14},"end":{"line":253,"column":null}}},"fnMap":{"0":{"name":"CareersPage","decl":{"start":{"line":24,"column":24},"end":{"line":24,"column":null}},"loc":{"start":{"line":24,"column":24},"end":{"line":322,"column":null}}},"1":{"name":"(anonymous_2)","decl":{"start":{"line":178,"column":24},"end":{"line":178,"column":25}},"loc":{"start":{"line":179,"column":14},"end":{"line":180,"column":null}}},"2":{"name":"(anonymous_3)","decl":{"start":{"line":213,"column":26},"end":{"line":213,"column":27}},"loc":{"start":{"line":213,"column":36},"end":{"line":233,"column":null}}},"3":{"name":"(anonymous_4)","decl":{"start":{"line":251,"column":22},"end":{"line":251,"column":23}},"loc":{"start":{"line":252,"column":14},"end":{"line":253,"column":null}}}},"branchMap":{},"s":{"0":0,"1":0,"2":0,"3":0,"4":0,"5":0,"6":0,"7":0,"8":0,"9":0,"10":0,"11":0,"12":0},"f":{"0":0,"1":0,"2":0,"3":0},"b":{}}
,"C:\\Users\\scott\\Claude_Code\\caddyai-web\\app\\clubs\\page.tsx": {"path":"C:\\Users\\scott\\Claude_Code\\caddyai-web\\app\\clubs\\page.tsx","statementMap":{"0":{"start":{"line":39,"column":24},"end":{"line":39,"column":null}},"1":{"start":{"line":10,"column":36},"end":{"line":10,"column":null}},"2":{"start":{"line":11,"column":26},"end":{"line":11,"column":null}},"3":{"start":{"line":12,"column":24},"end":{"line":12,"column":null}},"4":{"start":{"line":13,"column":23},"end":{"line":13,"column":null}},"5":{"start":{"line":14,"column":46},"end":{"line":14,"column":null}},"6":{"start":{"line":15,"column":22},"end":{"line":15,"column":null}},"7":{"start":{"line":16,"column":46},"end":{"line":16,"column":null}},"8":{"start":{"line":17,"column":17},"end":{"line":17,"column":null}},"9":{"start":{"line":18,"column":32},"end":{"line":18,"column":null}},"10":{"start":{"line":22,"column":54},"end":{"line":37,"column":null}},"11":{"start":{"line":40,"column":17},"end":{"line":40,"column":null}},"12":{"start":{"line":41,"column":41},"end":{"line":41,"column":null}},"13":{"start":{"line":42,"column":32},"end":{"line":42,"column":null}},"14":{"start":{"line":43,"column":30},"end":{"line":43,"column":null}},"15":{"start":{"line":44,"column":28},"end":{"line":44,"column":null}},"16":{"start":{"line":45,"column":32},"end":{"line":45,"column":null}},"17":{"start":{"line":46,"column":28},"end":{"line":46,"column":null}},"18":{"start":{"line":49,"column":2},"end":{"line":53,"column":null}},"19":{"start":{"line":50,"column":4},"end":{"line":52,"column":null}},"20":{"start":{"line":51,"column":6},"end":{"line":51,"column":null}},"21":{"start":{"line":56,"column":2},"end":{"line":85,"column":null}},"22":{"start":{"line":57,"column":4},"end":{"line":57,"column":null}},"23":{"start":{"line":57,"column":15},"end":{"line":57,"column":null}},"24":{"start":{"line":59,"column":22},"end":{"line":82,"column":null}},"25":{"start":{"line":60,"column":6},"end":{"line":81,"column":null}},"26":{"start":{"line":61,"column":8},"end":{"line":61,"column":null}},"27":{"start":{"line":62,"column":30},"end":{"line":62,"column":null}},"28":{"start":{"line":64,"column":8},"end":{"line":75,"column":null}},"29":{"start":{"line":65,"column":10},"end":{"line":65,"column":null}},"30":{"start":{"line":68,"column":10},"end":{"line":73,"column":null}},"31":{"start":{"line":69,"column":41},"end":{"line":73,"column":null}},"32":{"start":{"line":77,"column":8},"end":{"line":77,"column":null}},"33":{"start":{"line":78,"column":8},"end":{"line":78,"column":null}},"34":{"start":{"line":80,"column":8},"end":{"line":80,"column":null}},"35":{"start":{"line":84,"column":4},"end":{"line":84,"column":null}},"36":{"start":{"line":87,"column":21},"end":{"line":95,"column":null}},"37":{"start":{"line":88,"column":21},"end":{"line":88,"column":null}},"38":{"start":{"line":89,"column":4},"end":{"line":93,"column":null}},"39":{"start":{"line":94,"column":4},"end":{"line":94,"column":null}},"40":{"start":{"line":97,"column":18},"end":{"line":108,"column":null}},"41":{"start":{"line":98,"column":4},"end":{"line":107,"column":null}},"42":{"start":{"line":110,"column":21},"end":{"line":112,"column":null}},"43":{"start":{"line":111,"column":4},"end":{"line":111,"column":null}},"44":{"start":{"line":111,"column":36},"end":{"line":111,"column":null}},"45":{"start":{"line":114,"column":23},"end":{"line":143,"column":null}},"46":{"start":{"line":115,"column":4},"end":{"line":115,"column":null}},"47":{"start":{"line":117,"column":4},"end":{"line":117,"column":null}},"48":{"start":{"line":117,"column":15},"end":{"line":117,"column":null}},"49":{"start":{"line":120,"column":4},"end":{"line":123,"column":null}},"50":{"start":{"line":121,"column":6},"end":{"line":121,"column":null}},"51":{"start":{"line":122,"column":6},"end":{"line":122,"column":null}},"52":{"start":{"line":125,"column":4},"end":{"line":142,"column":null}},"53":{"start":{"line":126,"column":6},"end":{"line":126,"column":null}},"54":{"start":{"line":127,"column":6},"end":{"line":127,"column":null}},"55":{"start":{"line":128,"column":6},"end":{"line":128,"column":null}},"56":{"start":{"line":130,"column":6},"end":{"line":130,"column":null}},"57":{"start":{"line":131,"column":6},"end":{"line":131,"column":null}},"58":{"start":{"line":134,"column":6},"end":{"line":136,"column":null}},"59":{"start":{"line":135,"column":8},"end":{"line":135,"column":null}},"60":{"start":{"line":138,"column":6},"end":{"line":138,"column":null}},"61":{"start":{"line":139,"column":6},"end":{"line":139,"column":null}},"62":{"start":{"line":141,"column":6},"end":{"line":141,"column":null}},"63":{"start":{"line":145,"column":2},"end":{"line":151,"column":null}},"64":{"start":{"line":200,"column":18},"end":{"line":201,"column":null}},"65":{"start":{"line":211,"column":41},"end":{"line":211,"column":null}},"66":{"start":{"line":224,"column":41},"end":{"line":224,"column":null}},"67":{"start":{"line":244,"column":41},"end":{"line":244,"column":null}},"68":{"start":{"line":266,"column":41},"end":{"line":266,"column":null}},"69":{"start":{"line":275,"column":39},"end":{"line":275,"column":null}}},"fnMap":{"0":{"name":"ClubsPage","decl":{"start":{"line":39,"column":24},"end":{"line":39,"column":null}},"loc":{"start":{"line":39,"column":24},"end":{"line":348,"column":null}}},"1":{"name":"(anonymous_3)","decl":{"start":{"line":49,"column":12},"end":{"line":49,"column":null}},"loc":{"start":{"line":49,"column":12},"end":{"line":53,"column":5}}},"2":{"name":"(anonymous_4)","decl":{"start":{"line":56,"column":12},"end":{"line":56,"column":null}},"loc":{"start":{"line":56,"column":12},"end":{"line":85,"column":5}}},"3":{"name":"(anonymous_5)","decl":{"start":{"line":59,"column":22},"end":{"line":59,"column":null}},"loc":{"start":{"line":59,"column":22},"end":{"line":82,"column":null}}},"4":{"name":"(anonymous_6)","decl":{"start":{"line":69,"column":30},"end":{"line":69,"column":31}},"loc":{"start":{"line":69,"column":41},"end":{"line":73,"column":null}}},"5":{"name":"(anonymous_7)","decl":{"start":{"line":87,"column":21},"end":{"line":87,"column":22}},"loc":{"start":{"line":87,"column":60},"end":{"line":95,"column":null}}},"6":{"name":"(anonymous_8)","decl":{"start":{"line":97,"column":18},"end":{"line":97,"column":null}},"loc":{"start":{"line":97,"column":18},"end":{"line":108,"column":null}}},"7":{"name":"(anonymous_9)","decl":{"start":{"line":110,"column":21},"end":{"line":110,"column":22}},"loc":{"start":{"line":110,"column":22},"end":{"line":112,"column":null}}},"8":{"name":"(anonymous_10)","decl":{"start":{"line":111,"column":26},"end":{"line":111,"column":27}},"loc":{"start":{"line":111,"column":36},"end":{"line":111,"column":null}}},"9":{"name":"(anonymous_11)","decl":{"start":{"line":114,"column":23},"end":{"line":114,"column":30}},"loc":{"start":{"line":114,"column":30},"end":{"line":143,"column":null}}},"10":{"name":"(anonymous_12)","decl":{"start":{"line":134,"column":17},"end":{"line":134,"column":null}},"loc":{"start":{"line":134,"column":17},"end":{"line":136,"column":9}}},"11":{"name":"(anonymous_13)","decl":{"start":{"line":199,"column":27},"end":{"line":199,"column":28}},"loc":{"start":{"line":200,"column":18},"end":{"line":201,"column":null}}},"12":{"name":"(anonymous_14)","decl":{"start":{"line":211,"column":34},"end":{"line":211,"column":35}},"loc":{"start":{"line":211,"column":41},"end":{"line":211,"column":null}}},"13":{"name":"(anonymous_15)","decl":{"start":{"line":224,"column":34},"end":{"line":224,"column":35}},"loc":{"start":{"line":224,"column":41},"end":{"line":224,"column":null}}},"14":{"name":"(anonymous_16)","decl":{"start":{"line":244,"column":34},"end":{"line":244,"column":35}},"loc":{"start":{"line":244,"column":41},"end":{"line":244,"column":null}}},"15":{"name":"(anonymous_17)","decl":{"start":{"line":266,"column":34},"end":{"line":266,"column":35}},"loc":{"start":{"line":266,"column":41},"end":{"line":266,"column":null}}},"16":{"name":"(anonymous_18)","decl":{"start":{"line":275,"column":33},"end":{"line":275,"column":39}},"loc":{"start":{"line":275,"column":39},"end":{"line":275,"column":null}}}},"branchMap":{"0":{"loc":{"start":{"line":50,"column":4},"end":{"line":52,"column":null}},"type":"if","locations":[{"start":{"line":50,"column":4},"end":{"line":52,"column":null}},{"start":{},"end":{}}]},"1":{"loc":{"start":{"line":50,"column":8},"end":{"line":50,"column":31}},"type":"binary-expr","locations":[{"start":{"line":50,"column":8},"end":{"line":50,"column":24}},{"start":{"line":50,"column":24},"end":{"line":50,"column":31}}]},"2":{"loc":{"start":{"line":57,"column":4},"end":{"line":57,"column":null}},"type":"if","locations":[{"start":{"line":57,"column":4},"end":{"line":57,"column":null}},{"start":{},"end":{}}]},"3":{"loc":{"start":{"line":64,"column":8},"end":{"line":75,"column":null}},"type":"if","locations":[{"start":{"line":64,"column":8},"end":{"line":75,"column":null}},{"start":{"line":66,"column":15},"end":{"line":75,"column":null}}]},"4":{"loc":{"start":{"line":64,"column":12},"end":{"line":64,"column":61}},"type":"binary-expr","locations":[{"start":{"line":64,"column":12},"end":{"line":64,"column":29}},{"start":{"line":64,"column":29},"end":{"line":64,"column":61}}]},"5":{"loc":{"start":{"line":117,"column":4},"end":{"line":117,"column":null}},"type":"if","locations":[{"start":{"line":117,"column":4},"end":{"line":117,"column":null}},{"start":{},"end":{}}]},"6":{"loc":{"start":{"line":120,"column":4},"end":{"line":123,"column":null}},"type":"if","locations":[{"start":{"line":120,"column":4},"end":{"line":123,"column":null}},{"start":{},"end":{}}]},"7":{"loc":{"start":{"line":145,"column":2},"end":{"line":151,"column":null}},"type":"if","locations":[{"start":{"line":145,"column":2},"end":{"line":151,"column":null}},{"start":{},"end":{}}]},"8":{"loc":{"start":{"line":145,"column":6},"end":{"line":145,"column":30}},"type":"binary-expr","locations":[{"start":{"line":145,"column":6},"end":{"line":145,"column":21}},{"start":{"line":145,"column":21},"end":{"line":145,"column":30}}]},"9":{"loc":{"start":{"line":177,"column":11},"end":{"line":177,"column":null}},"type":"binary-expr","locations":[{"start":{"line":177,"column":11},"end":{"line":177,"column":null}}]},"10":{"loc":{"start":{"line":186,"column":11},"end":{"line":186,"column":null}},"type":"binary-expr","locations":[{"start":{"line":186,"column":11},"end":{"line":186,"column":null}}]},"11":{"loc":{"start":{"line":195,"column":46},"end":{"line":195,"column":84}},"type":"cond-expr","locations":[{"start":{"line":195,"column":67},"end":{"line":195,"column":76}},{"start":{"line":195,"column":76},"end":{"line":195,"column":84}}]},"12":{"loc":{"start":{"line":286,"column":17},"end":{"line":286,"column":null}},"type":"binary-expr","locations":[{"start":{"line":286,"column":17},"end":{"line":286,"column":null}}]},"13":{"loc":{"start":{"line":332,"column":16},"end":{"line":337,"column":null}},"type":"cond-expr","locations":[{"start":{"line":332,"column":16},"end":{"line":337,"column":null}}]}},"s":{"0":0,"1":0,"2":0,"3":0,"4":0,"5":0,"6":0,"7":0,"8":0,"9":0,"10":0,"11":0,"12":0,"13":0,"14":0,"15":0,"16":0,"17":0,"18":0,"19":0,"20":0,"21":0,"22":0,"23":0,"24":0,"25":0,"26":0,"27":0,"28":0,"29":0,"30":0,"31":0,"32":0,"33":0,"34":0,"35":0,"36":0,"37":0,"38":0,"39":0,"40":0,"41":0,"42":0,"43":0,"44":0,"45":0,"46":0,"47":0,"48":0,"49":0,"50":0,"51":0,"52":0,"53":0,"54":0,"55":0,"56":0,"57":0,"58":0,"59":0,"60":0,"61":0,"62":0,"63":0,"64":0,"65":0,"66":0,"67":0,"68":0,"69":0},"f":{"0":0,"1":0,"2":0,"3":0,"4":0,"5":0,"6":0,"7":0,"8":0,"9":0,"10":0,"11":0,"12":0,"13":0,"14":0,"15":0,"16":0},"b":{"0":[0,0],"1":[0,0],"2":[0,0],"3":[0,0],"4":[0,0],"5":[0,0],"6":[0,0],"7":[0,0],"8":[0,0],"9":[0],"10":[0],"11":[0,0],"12":[0],"13":[0]}}
,"C:\\Users\\scott\\Claude_Code\\caddyai-web\\app\\community\\page.tsx": {"path":"C:\\Users\\scott\\Claude_Code\\caddyai-web\\app\\community\\page.tsx","statementMap":{"0":{"start":{"line":24,"column":24},"end":{"line":24,"column":null}},"1":{"start":{"line":8,"column":23},"end":{"line":8,"column":null}},"2":{"start":{"line":9,"column":27},"end":{"line":9,"column":null}},"3":{"start":{"line":10,"column":23},"end":{"line":10,"column":null}},"4":{"start":{"line":21,"column":7},"end":{"line":21,"column":null}},"5":{"start":{"line":22,"column":23},"end":{"line":22,"column":null}},"6":{"start":{"line":25,"column":16},"end":{"line":59,"column":null}},"7":{"start":{"line":61,"column":21},"end":{"line":86,"column":null}},"8":{"start":{"line":88,"column":16},"end":{"line":93,"column":null}},"9":{"start":{"line":137,"column":27},"end":{"line":137,"column":36}},"10":{"start":{"line":138,"column":14},"end":{"line":140,"column":null}},"11":{"start":{"line":175,"column":27},"end":{"line":175,"column":40}},"12":{"start":{"line":176,"column":14},"end":{"line":178,"column":null}},"13":{"start":{"line":217,"column":14},"end":{"line":218,"column":null}}},"fnMap":{"0":{"name":"CommunityPage","decl":{"start":{"line":24,"column":24},"end":{"line":24,"column":null}},"loc":{"start":{"line":24,"column":24},"end":{"line":318,"column":null}}},"1":{"name":"(anonymous_2)","decl":{"start":{"line":136,"column":23},"end":{"line":136,"column":24}},"loc":{"start":{"line":136,"column":30},"end":{"line":156,"column":null}}},"2":{"name":"(anonymous_3)","decl":{"start":{"line":174,"column":28},"end":{"line":174,"column":29}},"loc":{"start":{"line":174,"column":39},"end":{"line":198,"column":null}}},"3":{"name":"(anonymous_4)","decl":{"start":{"line":216,"column":23},"end":{"line":216,"column":24}},"loc":{"start":{"line":217,"column":14},"end":{"line":218,"column":null}}}},"branchMap":{},"s":{"0":0,"1":0,"2":0,"3":0,"4":0,"5":0,"6":0,"7":0,"8":0,"9":0,"10":0,"11":0,"12":0,"13":0},"f":{"0":0,"1":0,"2":0,"3":0},"b":{}}
,"C:\\Users\\scott\\Claude_Code\\caddyai-web\\app\\cookies\\page.tsx": {"path":"C:\\Users\\scott\\Claude_Code\\caddyai-web\\app\\cookies\\page.tsx","statementMap":{"0":{"start":{"line":14,"column":24},"end":{"line":14,"column":null}},"1":{"start":{"line":8,"column":23},"end":{"line":8,"column":null}},"2":{"start":{"line":9,"column":27},"end":{"line":9,"column":null}},"3":{"start":{"line":10,"column":23},"end":{"line":10,"column":null}},"4":{"start":{"line":11,"column":52},"end":{"line":11,"column":null}},"5":{"start":{"line":12,"column":23},"end":{"line":12,"column":null}}},"fnMap":{"0":{"name":"CookiesPage","decl":{"start":{"line":14,"column":24},"end":{"line":14,"column":null}},"loc":{"start":{"line":14,"column":24},"end":{"line":312,"column":null}}}},"branchMap":{},"s":{"0":0,"1":0,"2":0,"3":0,"4":0,"5":0},"f":{"0":0},"b":{}}
,"C:\\Users\\scott\\Claude_Code\\caddyai-web\\app\\courses\\page.tsx": {"path":"C:\\Users\\scott\\Claude_Code\\caddyai-web\\app\\courses\\page.tsx","statementMap":{"0":{"start":{"line":20,"column":24},"end":{"line":20,"column":null}},"1":{"start":{"line":9,"column":36},"end":{"line":9,"column":null}},"2":{"start":{"line":10,"column":26},"end":{"line":10,"column":null}},"3":{"start":{"line":11,"column":56},"end":{"line":11,"column":null}},"4":{"start":{"line":16,"column":7},"end":{"line":16,"column":null}},"5":{"start":{"line":18,"column":24},"end":{"line":18,"column":null}},"6":{"start":{"line":21,"column":17},"end":{"line":21,"column":null}},"7":{"start":{"line":22,"column":19},"end":{"line":22,"column":null}},"8":{"start":{"line":24,"column":32},"end":{"line":24,"column":null}},"9":{"start":{"line":25,"column":32},"end":{"line":25,"column":null}},"10":{"start":{"line":26,"column":34},"end":{"line":26,"column":null}},"11":{"start":{"line":27,"column":40},"end":{"line":27,"column":null}},"12":{"start":{"line":28,"column":40},"end":{"line":28,"column":null}},"13":{"start":{"line":29,"column":42},"end":{"line":32,"column":null}},"14":{"start":{"line":35,"column":32},"end":{"line":38,"column":null}},"15":{"start":{"line":41,"column":2},"end":{"line":55,"column":null}},"16":{"start":{"line":42,"column":4},"end":{"line":54,"column":null}},"17":{"start":{"line":43,"column":6},"end":{"line":52,"column":null}},"18":{"start":{"line":45,"column":10},"end":{"line":48,"column":null}},"19":{"start":{"line":51,"column":10},"end":{"line":51,"column":null}},"20":{"start":{"line":58,"column":2},"end":{"line":60,"column":null}},"21":{"start":{"line":59,"column":4},"end":{"line":59,"column":null}},"22":{"start":{"line":63,"column":4},"end":{"line":95,"column":null}},"23":{"start":{"line":64,"column":6},"end":{"line":64,"column":null}},"24":{"start":{"line":68,"column":6},"end":{"line":88,"column":null}},"25":{"start":{"line":70,"column":8},"end":{"line":76,"column":null}},"26":{"start":{"line":77,"column":13},"end":{"line":88,"column":null}},"27":{"start":{"line":79,"column":8},"end":{"line":83,"column":null}},"28":{"start":{"line":87,"column":8},"end":{"line":87,"column":null}},"29":{"start":{"line":90,"column":6},"end":{"line":90,"column":null}},"30":{"start":{"line":92,"column":6},"end":{"line":92,"column":null}},"31":{"start":{"line":94,"column":6},"end":{"line":94,"column":null}},"32":{"start":{"line":99,"column":4},"end":{"line":99,"column":null}},"33":{"start":{"line":100,"column":4},"end":{"line":100,"column":null}},"34":{"start":{"line":104,"column":4},"end":{"line":104,"column":null}},"35":{"start":{"line":125,"column":31},"end":{"line":125,"column":null}},"36":{"start":{"line":135,"column":31},"end":{"line":135,"column":null}},"37":{"start":{"line":155,"column":33},"end":{"line":155,"column":null}},"38":{"start":{"line":164,"column":18},"end":{"line":164,"column":null}},"39":{"start":{"line":165,"column":18},"end":{"line":165,"column":null}},"40":{"start":{"line":176,"column":29},"end":{"line":176,"column":null}},"41":{"start":{"line":203,"column":22},"end":{"line":208,"column":null}},"42":{"start":{"line":227,"column":22},"end":{"line":230,"column":null}},"43":{"start":{"line":248,"column":22},"end":{"line":251,"column":null}},"44":{"start":{"line":294,"column":16},"end":{"line":295,"column":null}},"45":{"start":{"line":296,"column":33},"end":{"line":296,"column":null}}},"fnMap":{"0":{"name":"CoursesPage","decl":{"start":{"line":20,"column":24},"end":{"line":20,"column":null}},"loc":{"start":{"line":20,"column":24},"end":{"line":362,"column":null}}},"1":{"name":"(anonymous_2)","decl":{"start":{"line":41,"column":12},"end":{"line":41,"column":null}},"loc":{"start":{"line":41,"column":12},"end":{"line":55,"column":5}}},"2":{"name":"(anonymous_3)","decl":{"start":{"line":44,"column":8},"end":{"line":44,"column":9}},"loc":{"start":{"line":44,"column":9},"end":{"line":49,"column":null}}},"3":{"name":"(anonymous_4)","decl":{"start":{"line":50,"column":8},"end":{"line":50,"column":9}},"loc":{"start":{"line":50,"column":9},"end":{"line":52,"column":null}}},"4":{"name":"(anonymous_5)","decl":{"start":{"line":58,"column":12},"end":{"line":58,"column":null}},"loc":{"start":{"line":58,"column":12},"end":{"line":60,"column":5}}},"5":{"name":"loadCourses","decl":{"start":{"line":62,"column":17},"end":{"line":62,"column":null}},"loc":{"start":{"line":62,"column":17},"end":{"line":96,"column":null}}},"6":{"name":"handleSearch","decl":{"start":{"line":98,"column":11},"end":{"line":98,"column":24}},"loc":{"start":{"line":98,"column":42},"end":{"line":101,"column":null}}},"7":{"name":"handleCourseClick","decl":{"start":{"line":103,"column":11},"end":{"line":103,"column":29}},"loc":{"start":{"line":103,"column":45},"end":{"line":105,"column":null}}},"8":{"name":"(anonymous_9)","decl":{"start":{"line":125,"column":25},"end":{"line":125,"column":31}},"loc":{"start":{"line":125,"column":31},"end":{"line":125,"column":null}}},"9":{"name":"(anonymous_10)","decl":{"start":{"line":135,"column":25},"end":{"line":135,"column":31}},"loc":{"start":{"line":135,"column":31},"end":{"line":135,"column":null}}},"10":{"name":"(anonymous_11)","decl":{"start":{"line":155,"column":26},"end":{"line":155,"column":27}},"loc":{"start":{"line":155,"column":33},"end":{"line":155,"column":null}}},"11":{"name":"(anonymous_12)","decl":{"start":{"line":163,"column":25},"end":{"line":163,"column":null}},"loc":{"start":{"line":163,"column":25},"end":{"line":166,"column":null}}},"12":{"name":"(anonymous_13)","decl":{"start":{"line":176,"column":23},"end":{"line":176,"column":29}},"loc":{"start":{"line":176,"column":29},"end":{"line":176,"column":null}}},"13":{"name":"(anonymous_14)","decl":{"start":{"line":202,"column":30},"end":{"line":202,"column":31}},"loc":{"start":{"line":203,"column":22},"end":{"line":208,"column":null}}},"14":{"name":"(anonymous_15)","decl":{"start":{"line":226,"column":30},"end":{"line":226,"column":31}},"loc":{"start":{"line":227,"column":22},"end":{"line":230,"column":null}}},"15":{"name":"(anonymous_16)","decl":{"start":{"line":247,"column":30},"end":{"line":247,"column":31}},"loc":{"start":{"line":248,"column":22},"end":{"line":251,"column":null}}},"16":{"name":"(anonymous_17)","decl":{"start":{"line":293,"column":27},"end":{"line":293,"column":28}},"loc":{"start":{"line":294,"column":16},"end":{"line":295,"column":null}}},"17":{"name":"(anonymous_18)","decl":{"start":{"line":296,"column":27},"end":{"line":296,"column":33}},"loc":{"start":{"line":296,"column":33},"end":{"line":296,"column":null}}}},"branchMap":{"0":{"loc":{"start":{"line":42,"column":4},"end":{"line":54,"column":null}},"type":"if","locations":[{"start":{"line":42,"column":4},"end":{"line":54,"column":null}},{"start":{},"end":{}}]},"1":{"loc":{"start":{"line":68,"column":6},"end":{"line":88,"column":null}},"type":"if","locations":[{"start":{"line":68,"column":6},"end":{"line":88,"column":null}},{"start":{"line":77,"column":13},"end":{"line":88,"column":null}}]},"2":{"loc":{"start":{"line":73,"column":20},"end":{"line":75,"column":null}},"type":"cond-expr","locations":[{"start":{"line":74,"column":14},"end":{"line":74,"column":null}},{"start":{"line":75,"column":14},"end":{"line":75,"column":null}}]},"3":{"loc":{"start":{"line":77,"column":13},"end":{"line":88,"column":null}},"type":"if","locations":[{"start":{"line":77,"column":13},"end":{"line":88,"column":null}},{"start":{"line":85,"column":13},"end":{"line":88,"column":null}}]},"4":{"loc":{"start":{"line":127,"column":18},"end":{"line":129,"column":null}},"type":"cond-expr","locations":[{"start":{"line":128,"column":22},"end":{"line":128,"column":null}},{"start":{"line":129,"column":22},"end":{"line":129,"column":null}}]},"5":{"loc":{"start":{"line":137,"column":18},"end":{"line":139,"column":null}},"type":"cond-expr","locations":[{"start":{"line":138,"column":22},"end":{"line":138,"column":null}},{"start":{"line":139,"column":22},"end":{"line":139,"column":null}}]},"6":{"loc":{"start":{"line":160,"column":13},"end":{"line":160,"column":null}},"type":"binary-expr","locations":[{"start":{"line":160,"column":13},"end":{"line":160,"column":null}}]},"7":{"loc":{"start":{"line":192,"column":11},"end":{"line":192,"column":null}},"type":"binary-expr","locations":[{"start":{"line":192,"column":11},"end":{"line":192,"column":null}}]},"8":{"loc":{"start":{"line":205,"column":36},"end":{"line":207,"column":null}},"type":"cond-expr","locations":[{"start":{"line":206,"column":28},"end":{"line":206,"column":null}},{"start":{"line":207,"column":28},"end":{"line":207,"column":null}}]},"9":{"loc":{"start":{"line":229,"column":31},"end":{"line":229,"column":null}},"type":"cond-expr","locations":[{"start":{"line":229,"column":48},"end":{"line":229,"column":75}},{"start":{"line":229,"column":75},"end":{"line":229,"column":null}}]},"10":{"loc":{"start":{"line":256,"column":21},"end":{"line":256,"column":37}},"type":"binary-expr","locations":[{"start":{"line":256,"column":21},"end":{"line":256,"column":37}}]},"11":{"loc":{"start":{"line":268,"column":10},"end":{"line":274,"column":20}},"type":"cond-expr","locations":[{"start":{"line":268,"column":10},"end":{"line":274,"column":20}}]},"12":{"loc":{"start":{"line":275,"column":10},"end":{"line":285,"column":null}},"type":"cond-expr","locations":[{"start":{"line":275,"column":10},"end":{"line":285,"column":null}}]},"13":{"loc":{"start":{"line":301,"column":21},"end":{"line":301,"column":40}},"type":"binary-expr","locations":[{"start":{"line":301,"column":21},"end":{"line":301,"column":40}}]},"14":{"loc":{"start":{"line":327,"column":23},"end":{"line":327,"column":38}},"type":"binary-expr","locations":[{"start":{"line":327,"column":23},"end":{"line":327,"column":38}}]},"15":{"loc":{"start":{"line":345,"column":29},"end":{"line":345,"column":null}},"type":"binary-expr","locations":[{"start":{"line":345,"column":29},"end":{"line":345,"column":56}},{"start":{"line":345,"column":56},"end":{"line":345,"column":null}}]}},"s":{"0":0,"1":0,"2":0,"3":0,"4":0,"5":0,"6":0,"7":0,"8":0,"9":0,"10":0,"11":0,"12":0,"13":0,"14":0,"15":0,"16":0,"17":0,"18":0,"19":0,"20":0,"21":0,"22":0,"23":0,"24":0,"25":0,"26":0,"27":0,"28":0,"29":0,"30":0,"31":0,"32":0,"33":0,"34":0,"35":0,"36":0,"37":0,"38":0,"39":0,"40":0,"41":0,"42":0,"43":0,"44":0,"45":0},"f":{"0":0,"1":0,"2":0,"3":0,"4":0,"5":0,"6":0,"7":0,"8":0,"9":0,"10":0,"11":0,"12":0,"13":0,"14":0,"15":0,"16":0,"17":0},"b":{"0":[0,0],"1":[0,0],"2":[0,0],"3":[0,0],"4":[0,0],"5":[0,0],"6":[0],"7":[0],"8":[0,0],"9":[0,0],"10":[0],"11":[0],"12":[0],"13":[0],"14":[0],"15":[0,0]}}
,"C:\\Users\\scott\\Claude_Code\\caddyai-web\\app\\courses\\[id]\\page.tsx": {"path":"C:\\Users\\scott\\Claude_Code\\caddyai-web\\app\\courses\\[id]\\page.tsx","statementMap":{"0":{"start":{"line":51,"column":24},"end":{"line":51,"column":null}},"1":{"start":{"line":9,"column":36},"end":{"line":9,"column":null}},"2":{"start":{"line":10,"column":37},"end":{"line":10,"column":null}},"3":{"start":{"line":21,"column":7},"end":{"line":21,"column":null}},"4":{"start":{"line":22,"column":20},"end":{"line":22,"column":null}},"5":{"start":{"line":30,"column":7},"end":{"line":30,"column":null}},"6":{"start":{"line":36,"column":24},"end":{"line":36,"column":null}},"7":{"start":{"line":39,"column":32},"end":{"line":39,"column":null}},"8":{"start":{"line":52,"column":17},"end":{"line":52,"column":null}},"9":{"start":{"line":53,"column":17},"end":{"line":53,"column":null}},"10":{"start":{"line":54,"column":19},"end":{"line":54,"column":null}},"11":{"start":{"line":55,"column":19},"end":{"line":55,"column":28}},"12":{"start":{"line":57,"column":30},"end":{"line":57,"column":null}},"13":{"start":{"line":58,"column":28},"end":{"line":58,"column":null}},"14":{"start":{"line":59,"column":32},"end":{"line":59,"column":null}},"15":{"start":{"line":60,"column":42},"end":{"line":60,"column":null}},"16":{"start":{"line":61,"column":38},"end":{"line":61,"column":null}},"17":{"start":{"line":62,"column":32},"end":{"line":62,"column":null}},"18":{"start":{"line":63,"column":42},"end":{"line":66,"column":null}},"19":{"start":{"line":69,"column":2},"end":{"line":83,"column":null}},"20":{"start":{"line":70,"column":4},"end":{"line":82,"column":null}},"21":{"start":{"line":71,"column":6},"end":{"line":80,"column":null}},"22":{"start":{"line":73,"column":10},"end":{"line":76,"column":null}},"23":{"start":{"line":79,"column":10},"end":{"line":79,"column":null}},"24":{"start":{"line":86,"column":2},"end":{"line":90,"column":null}},"25":{"start":{"line":87,"column":4},"end":{"line":89,"column":null}},"26":{"start":{"line":88,"column":6},"end":{"line":88,"column":null}},"27":{"start":{"line":93,"column":4},"end":{"line":119,"column":null}},"28":{"start":{"line":94,"column":6},"end":{"line":94,"column":null}},"29":{"start":{"line":96,"column":51},"end":{"line":100,"column":null}},"30":{"start":{"line":102,"column":6},"end":{"line":105,"column":null}},"31":{"start":{"line":103,"column":8},"end":{"line":103,"column":null}},"32":{"start":{"line":104,"column":8},"end":{"line":104,"column":null}},"33":{"start":{"line":107,"column":6},"end":{"line":107,"column":null}},"34":{"start":{"line":108,"column":6},"end":{"line":108,"column":null}},"35":{"start":{"line":109,"column":6},"end":{"line":109,"column":null}},"36":{"start":{"line":111,"column":6},"end":{"line":114,"column":null}},"37":{"start":{"line":112,"column":31},"end":{"line":112,"column":null}},"38":{"start":{"line":113,"column":8},"end":{"line":113,"column":null}},"39":{"start":{"line":116,"column":6},"end":{"line":116,"column":null}},"40":{"start":{"line":118,"column":6},"end":{"line":118,"column":null}},"41":{"start":{"line":123,"column":4},"end":{"line":123,"column":null}},"42":{"start":{"line":123,"column":26},"end":{"line":123,"column":null}},"43":{"start":{"line":125,"column":4},"end":{"line":135,"column":null}},"44":{"start":{"line":126,"column":6},"end":{"line":132,"column":null}},"45":{"start":{"line":127,"column":8},"end":{"line":127,"column":null}},"46":{"start":{"line":128,"column":8},"end":{"line":128,"column":null}},"47":{"start":{"line":130,"column":8},"end":{"line":130,"column":null}},"48":{"start":{"line":131,"column":8},"end":{"line":131,"column":null}},"49":{"start":{"line":134,"column":6},"end":{"line":134,"column":null}},"50":{"start":{"line":138,"column":2},"end":{"line":147,"column":null}},"51":{"start":{"line":149,"column":2},"end":{"line":151,"column":null}},"52":{"start":{"line":150,"column":4},"end":{"line":150,"column":null}},"53":{"start":{"line":153,"column":27},"end":{"line":153,"column":null}},"54":{"start":{"line":153,"column":45},"end":{"line":153,"column":null}},"55":{"start":{"line":161,"column":27},"end":{"line":161,"column":null}},"56":{"start":{"line":266,"column":18},"end":{"line":267,"column":null}},"57":{"start":{"line":268,"column":35},"end":{"line":268,"column":null}},"58":{"start":{"line":301,"column":22},"end":{"line":302,"column":null}},"59":{"start":{"line":317,"column":62},"end":{"line":317,"column":73}},"60":{"start":{"line":321,"column":62},"end":{"line":321,"column":93}},"61":{"start":{"line":324,"column":62},"end":{"line":324,"column":92}},"62":{"start":{"line":327,"column":62},"end":{"line":327,"column":93}},"63":{"start":{"line":330,"column":62},"end":{"line":330,"column":91}},"64":{"start":{"line":458,"column":20},"end":{"line":459,"column":null}}},"fnMap":{"0":{"name":"(anonymous_5)","decl":{"start":{"line":39,"column":26},"end":{"line":39,"column":32}},"loc":{"start":{"line":39,"column":32},"end":{"line":39,"column":null}}},"1":{"name":"(anonymous_6)","decl":{"start":{"line":39,"column":32},"end":{"line":39,"column":39}},"loc":{"start":{"line":39,"column":32},"end":{"line":39,"column":null}}},"2":{"name":"CourseDetailPage","decl":{"start":{"line":51,"column":24},"end":{"line":51,"column":null}},"loc":{"start":{"line":51,"column":24},"end":{"line":478,"column":null}}},"3":{"name":"(anonymous_10)","decl":{"start":{"line":69,"column":12},"end":{"line":69,"column":null}},"loc":{"start":{"line":69,"column":12},"end":{"line":83,"column":5}}},"4":{"name":"(anonymous_11)","decl":{"start":{"line":72,"column":8},"end":{"line":72,"column":9}},"loc":{"start":{"line":72,"column":9},"end":{"line":77,"column":null}}},"5":{"name":"(anonymous_12)","decl":{"start":{"line":78,"column":8},"end":{"line":78,"column":9}},"loc":{"start":{"line":78,"column":9},"end":{"line":80,"column":null}}},"6":{"name":"(anonymous_13)","decl":{"start":{"line":86,"column":12},"end":{"line":86,"column":null}},"loc":{"start":{"line":86,"column":12},"end":{"line":90,"column":5}}},"7":{"name":"loadCourseData","decl":{"start":{"line":92,"column":17},"end":{"line":92,"column":null}},"loc":{"start":{"line":92,"column":17},"end":{"line":120,"column":null}}},"8":{"name":"handleToggleFavorite","decl":{"start":{"line":122,"column":17},"end":{"line":122,"column":null}},"loc":{"start":{"line":122,"column":17},"end":{"line":136,"column":null}}},"9":{"name":"(anonymous_16)","decl":{"start":{"line":153,"column":38},"end":{"line":153,"column":39}},"loc":{"start":{"line":153,"column":45},"end":{"line":153,"column":null}}},"10":{"name":"(anonymous_17)","decl":{"start":{"line":161,"column":21},"end":{"line":161,"column":27}},"loc":{"start":{"line":161,"column":27},"end":{"line":161,"column":null}}},"11":{"name":"(anonymous_18)","decl":{"start":{"line":265,"column":27},"end":{"line":265,"column":28}},"loc":{"start":{"line":266,"column":18},"end":{"line":267,"column":null}}},"12":{"name":"(anonymous_19)","decl":{"start":{"line":268,"column":29},"end":{"line":268,"column":35}},"loc":{"start":{"line":268,"column":35},"end":{"line":268,"column":null}}},"13":{"name":"(anonymous_20)","decl":{"start":{"line":300,"column":43},"end":{"line":300,"column":44}},"loc":{"start":{"line":301,"column":22},"end":{"line":302,"column":null}}},"14":{"name":"(anonymous_21)","decl":{"start":{"line":317,"column":50},"end":{"line":317,"column":51}},"loc":{"start":{"line":317,"column":62},"end":{"line":317,"column":73}}},"15":{"name":"(anonymous_22)","decl":{"start":{"line":321,"column":50},"end":{"line":321,"column":51}},"loc":{"start":{"line":321,"column":62},"end":{"line":321,"column":93}}},"16":{"name":"(anonymous_23)","decl":{"start":{"line":324,"column":50},"end":{"line":324,"column":51}},"loc":{"start":{"line":324,"column":62},"end":{"line":324,"column":92}}},"17":{"name":"(anonymous_24)","decl":{"start":{"line":327,"column":50},"end":{"line":327,"column":51}},"loc":{"start":{"line":327,"column":62},"end":{"line":327,"column":93}}},"18":{"name":"(anonymous_25)","decl":{"start":{"line":330,"column":50},"end":{"line":330,"column":51}},"loc":{"start":{"line":330,"column":62},"end":{"line":330,"column":91}}},"19":{"name":"(anonymous_26)","decl":{"start":{"line":457,"column":37},"end":{"line":457,"column":38}},"loc":{"start":{"line":458,"column":20},"end":{"line":459,"column":null}}}},"branchMap":{"0":{"loc":{"start":{"line":70,"column":4},"end":{"line":82,"column":null}},"type":"if","locations":[{"start":{"line":70,"column":4},"end":{"line":82,"column":null}},{"start":{},"end":{}}]},"1":{"loc":{"start":{"line":87,"column":4},"end":{"line":89,"column":null}},"type":"if","locations":[{"start":{"line":87,"column":4},"end":{"line":89,"column":null}},{"start":{},"end":{}}]},"2":{"loc":{"start":{"line":102,"column":6},"end":{"line":105,"column":null}},"type":"if","locations":[{"start":{"line":102,"column":6},"end":{"line":105,"column":null}},{"start":{},"end":{}}]},"3":{"loc":{"start":{"line":111,"column":6},"end":{"line":114,"column":null}},"type":"if","locations":[{"start":{"line":111,"column":6},"end":{"line":114,"column":null}},{"start":{},"end":{}}]},"4":{"loc":{"start":{"line":123,"column":4},"end":{"line":123,"column":null}},"type":"if","locations":[{"start":{"line":123,"column":4},"end":{"line":123,"column":null}},{"start":{},"end":{}}]},"5":{"loc":{"start":{"line":123,"column":8},"end":{"line":123,"column":26}},"type":"binary-expr","locations":[{"start":{"line":123,"column":8},"end":{"line":123,"column":17}},{"start":{"line":123,"column":17},"end":{"line":123,"column":26}}]},"6":{"loc":{"start":{"line":126,"column":6},"end":{"line":132,"column":null}},"type":"if","locations":[{"start":{"line":126,"column":6},"end":{"line":132,"column":null}},{"start":{"line":129,"column":13},"end":{"line":132,"column":null}}]},"7":{"loc":{"start":{"line":138,"column":2},"end":{"line":147,"column":null}},"type":"if","locations":[{"start":{"line":138,"column":2},"end":{"line":147,"column":null}},{"start":{},"end":{}}]},"8":{"loc":{"start":{"line":149,"column":2},"end":{"line":151,"column":null}},"type":"if","locations":[{"start":{"line":149,"column":2},"end":{"line":151,"column":null}},{"start":{},"end":{}}]},"9":{"loc":{"start":{"line":197,"column":15},"end":{"line":197,"column":33}},"type":"binary-expr","locations":[{"start":{"line":197,"column":15},"end":{"line":197,"column":33}}]},"10":{"loc":{"start":{"line":204,"column":15},"end":{"line":204,"column":null}},"type":"binary-expr","locations":[{"start":{"line":204,"column":15},"end":{"line":204,"column":null}}]},"11":{"loc":{"start":{"line":208,"column":20},"end":{"line":210,"column":null}},"type":"cond-expr","locations":[{"start":{"line":209,"column":24},"end":{"line":209,"column":null}},{"start":{"line":210,"column":24},"end":{"line":210,"column":null}}]},"12":{"loc":{"start":{"line":214,"column":42},"end":{"line":214,"column":76}},"type":"cond-expr","locations":[{"start":{"line":214,"column":55},"end":{"line":214,"column":72}},{"start":{"line":214,"column":72},"end":{"line":214,"column":76}}]},"13":{"loc":{"start":{"line":233,"column":13},"end":{"line":233,"column":null}},"type":"binary-expr","locations":[{"start":{"line":233,"column":13},"end":{"line":233,"column":null}}]},"14":{"loc":{"start":{"line":243,"column":25},"end":{"line":243,"column":96}},"type":"binary-expr","locations":[{"start":{"line":243,"column":25},"end":{"line":243,"column":55}},{"start":{"line":243,"column":59},"end":{"line":243,"column":90}},{"start":{"line":243,"column":94},"end":{"line":243,"column":96}}]},"15":{"loc":{"start":{"line":270,"column":22},"end":{"line":272,"column":null}},"type":"cond-expr","locations":[{"start":{"line":271,"column":26},"end":{"line":271,"column":null}},{"start":{"line":272,"column":26},"end":{"line":272,"column":null}}]},"16":{"loc":{"start":{"line":308,"column":62},"end":{"line":308,"column":null}},"type":"binary-expr","locations":[{"start":{"line":308,"column":62},"end":{"line":308,"column":81}},{"start":{"line":308,"column":85},"end":{"line":308,"column":null}}]},"17":{"loc":{"start":{"line":309,"column":62},"end":{"line":309,"column":null}},"type":"binary-expr","locations":[{"start":{"line":309,"column":62},"end":{"line":309,"column":80}},{"start":{"line":309,"column":84},"end":{"line":309,"column":null}}]},"18":{"loc":{"start":{"line":310,"column":62},"end":{"line":310,"column":null}},"type":"binary-expr","locations":[{"start":{"line":310,"column":62},"end":{"line":310,"column":81}},{"start":{"line":310,"column":85},"end":{"line":310,"column":null}}]},"19":{"loc":{"start":{"line":311,"column":62},"end":{"line":311,"column":null}},"type":"binary-expr","locations":[{"start":{"line":311,"column":62},"end":{"line":311,"column":79}},{"start":{"line":311,"column":83},"end":{"line":311,"column":null}}]},"20":{"loc":{"start":{"line":321,"column":69},"end":{"line":321,"column":93}},"type":"binary-expr","locations":[{"start":{"line":321,"column":69},"end":{"line":321,"column":85}},{"start":{"line":321,"column":89},"end":{"line":321,"column":93}}]},"21":{"loc":{"start":{"line":324,"column":69},"end":{"line":324,"column":92}},"type":"binary-expr","locations":[{"start":{"line":324,"column":69},"end":{"line":324,"column":84}},{"start":{"line":324,"column":88},"end":{"line":324,"column":92}}]},"22":{"loc":{"start":{"line":327,"column":69},"end":{"line":327,"column":93}},"type":"binary-expr","locations":[{"start":{"line":327,"column":69},"end":{"line":327,"column":85}},{"start":{"line":327,"column":89},"end":{"line":327,"column":93}}]},"23":{"loc":{"start":{"line":330,"column":69},"end":{"line":330,"column":91}},"type":"binary-expr","locations":[{"start":{"line":330,"column":69},"end":{"line":330,"column":83}},{"start":{"line":330,"column":87},"end":{"line":330,"column":91}}]},"24":{"loc":{"start":{"line":357,"column":21},"end":{"line":357,"column":null}},"type":"binary-expr","locations":[{"start":{"line":357,"column":21},"end":{"line":357,"column":36}},{"start":{"line":357,"column":40},"end":{"line":357,"column":null}}]},"25":{"loc":{"start":{"line":361,"column":17},"end":{"line":361,"column":33}},"type":"binary-expr","locations":[{"start":{"line":361,"column":17},"end":{"line":361,"column":33}}]},"26":{"loc":{"start":{"line":370,"column":17},"end":{"line":370,"column":37}},"type":"binary-expr","locations":[{"start":{"line":370,"column":17},"end":{"line":370,"column":37}}]},"27":{"loc":{"start":{"line":383,"column":17},"end":{"line":383,"column":39}},"type":"binary-expr","locations":[{"start":{"line":383,"column":17},"end":{"line":383,"column":39}}]},"28":{"loc":{"start":{"line":401,"column":13},"end":{"line":401,"column":29}},"type":"binary-expr","locations":[{"start":{"line":401,"column":13},"end":{"line":401,"column":29}}]},"29":{"loc":{"start":{"line":407,"column":19},"end":{"line":407,"column":48}},"type":"binary-expr","locations":[{"start":{"line":407,"column":19},"end":{"line":407,"column":48}}]},"30":{"loc":{"start":{"line":413,"column":19},"end":{"line":413,"column":48}},"type":"binary-expr","locations":[{"start":{"line":413,"column":19},"end":{"line":413,"column":48}}]},"31":{"loc":{"start":{"line":419,"column":19},"end":{"line":419,"column":43}},"type":"binary-expr","locations":[{"start":{"line":419,"column":19},"end":{"line":419,"column":43}}]},"32":{"loc":{"start":{"line":425,"column":19},"end":{"line":425,"column":46}},"type":"binary-expr","locations":[{"start":{"line":425,"column":19},"end":{"line":425,"column":46}}]},"33":{"loc":{"start":{"line":431,"column":19},"end":{"line":431,"column":46}},"type":"binary-expr","locations":[{"start":{"line":431,"column":19},"end":{"line":431,"column":46}}]},"34":{"loc":{"start":{"line":437,"column":19},"end":{"line":437,"column":46}},"type":"binary-expr","locations":[{"start":{"line":437,"column":19},"end":{"line":437,"column":46}}]},"35":{"loc":{"start":{"line":461,"column":24},"end":{"line":463,"column":null}},"type":"cond-expr","locations":[{"start":{"line":462,"column":28},"end":{"line":462,"column":null}},{"start":{"line":463,"column":28},"end":{"line":463,"column":null}}]}},"s":{"0":0,"1":0,"2":0,"3":0,"4":0,"5":0,"6":0,"7":0,"8":0,"9":0,"10":0,"11":0,"12":0,"13":0,"14":0,"15":0,"16":0,"17":0,"18":0,"19":0,"20":0,"21":0,"22":0,"23":0,"24":0,"25":0,"26":0,"27":0,"28":0,"29":0,"30":0,"31":0,"32":0,"33":0,"34":0,"35":0,"36":0,"37":0,"38":0,"39":0,"40":0,"41":0,"42":0,"43":0,"44":0,"45":0,"46":0,"47":0,"48":0,"49":0,"50":0,"51":0,"52":0,"53":0,"54":0,"55":0,"56":0,"57":0,"58":0,"59":0,"60":0,"61":0,"62":0,"63":0,"64":0},"f":{"0":0,"1":0,"2":0,"3":0,"4":0,"5":0,"6":0,"7":0,"8":0,"9":0,"10":0,"11":0,"12":0,"13":0,"14":0,"15":0,"16":0,"17":0,"18":0,"19":0},"b":{"0":[0,0],"1":[0,0],"2":[0,0],"3":[0,0],"4":[0,0],"5":[0,0],"6":[0,0],"7":[0,0],"8":[0,0],"9":[0],"10":[0],"11":[0,0],"12":[0,0],"13":[0],"14":[0,0,0],"15":[0,0],"16":[0,0],"17":[0,0],"18":[0,0],"19":[0,0],"20":[0,0],"21":[0,0],"22":[0,0],"23":[0,0],"24":[0,0],"25":[0],"26":[0],"27":[0],"28":[0],"29":[0],"30":[0],"31":[0],"32":[0],"33":[0],"34":[0],"35":[0,0]}}
,"C:\\Users\\scott\\Claude_Code\\caddyai-web\\app\\dashboard\\page.tsx": {"path":"C:\\Users\\scott\\Claude_Code\\caddyai-web\\app\\dashboard\\page.tsx","statementMap":{"0":{"start":{"line":15,"column":24},"end":{"line":15,"column":null}},"1":{"start":{"line":8,"column":26},"end":{"line":8,"column":null}},"2":{"start":{"line":9,"column":26},"end":{"line":9,"column":null}},"3":{"start":{"line":10,"column":17},"end":{"line":10,"column":null}},"4":{"start":{"line":11,"column":24},"end":{"line":11,"column":null}},"5":{"start":{"line":12,"column":23},"end":{"line":12,"column":null}},"6":{"start":{"line":13,"column":46},"end":{"line":13,"column":null}},"7":{"start":{"line":16,"column":17},"end":{"line":16,"column":null}},"8":{"start":{"line":17,"column":51},"end":{"line":17,"column":null}},"9":{"start":{"line":20,"column":2},"end":{"line":24,"column":null}},"10":{"start":{"line":21,"column":4},"end":{"line":23,"column":null}},"11":{"start":{"line":22,"column":6},"end":{"line":22,"column":null}},"12":{"start":{"line":26,"column":24},"end":{"line":33,"column":null}},"13":{"start":{"line":27,"column":4},"end":{"line":32,"column":null}},"14":{"start":{"line":28,"column":6},"end":{"line":28,"column":null}},"15":{"start":{"line":29,"column":6},"end":{"line":29,"column":null}},"16":{"start":{"line":31,"column":6},"end":{"line":31,"column":null}},"17":{"start":{"line":35,"column":2},"end":{"line":41,"column":null}},"18":{"start":{"line":43,"column":2},"end":{"line":45,"column":null}},"19":{"start":{"line":44,"column":4},"end":{"line":44,"column":null}}},"fnMap":{"0":{"name":"DashboardPage","decl":{"start":{"line":15,"column":24},"end":{"line":15,"column":null}},"loc":{"start":{"line":15,"column":24},"end":{"line":403,"column":null}}},"1":{"name":"(anonymous_3)","decl":{"start":{"line":20,"column":12},"end":{"line":20,"column":null}},"loc":{"start":{"line":20,"column":12},"end":{"line":24,"column":5}}},"2":{"name":"(anonymous_4)","decl":{"start":{"line":26,"column":24},"end":{"line":26,"column":null}},"loc":{"start":{"line":26,"column":24},"end":{"line":33,"column":null}}}},"branchMap":{"0":{"loc":{"start":{"line":21,"column":4},"end":{"line":23,"column":null}},"type":"if","locations":[{"start":{"line":21,"column":4},"end":{"line":23,"column":null}},{"start":{},"end":{}}]},"1":{"loc":{"start":{"line":21,"column":8},"end":{"line":21,"column":27}},"type":"binary-expr","locations":[{"start":{"line":21,"column":8},"end":{"line":21,"column":20}},{"start":{"line":21,"column":20},"end":{"line":21,"column":27}}]},"2":{"loc":{"start":{"line":35,"column":2},"end":{"line":41,"column":null}},"type":"if","locations":[{"start":{"line":35,"column":2},"end":{"line":41,"column":null}},{"start":{},"end":{}}]},"3":{"loc":{"start":{"line":43,"column":2},"end":{"line":45,"column":null}},"type":"if","locations":[{"start":{"line":43,"column":2},"end":{"line":45,"column":null}},{"start":{},"end":{}}]},"4":{"loc":{"start":{"line":59,"column":17},"end":{"line":59,"column":47}},"type":"binary-expr","locations":[{"start":{"line":59,"column":17},"end":{"line":59,"column":33}},{"start":{"line":59,"column":37},"end":{"line":59,"column":47}}]},"5":{"loc":{"start":{"line":74,"column":27},"end":{"line":74,"column":56}},"type":"binary-expr","locations":[{"start":{"line":74,"column":27},"end":{"line":74,"column":43}},{"start":{"line":74,"column":47},"end":{"line":74,"column":56}}]},"6":{"loc":{"start":{"line":84,"column":21},"end":{"line":84,"column":null}},"type":"cond-expr","locations":[{"start":{"line":84,"column":53},"end":{"line":84,"column":65}},{"start":{"line":84,"column":65},"end":{"line":84,"column":null}}]},"7":{"loc":{"start":{"line":90,"column":16},"end":{"line":102,"column":17}},"type":"cond-expr","locations":[{"start":{"line":90,"column":16},"end":{"line":102,"column":17}}]},"8":{"loc":{"start":{"line":116,"column":15},"end":{"line":118,"column":null}},"type":"cond-expr","locations":[{"start":{"line":117,"column":18},"end":{"line":117,"column":null}},{"start":{"line":118,"column":18},"end":{"line":118,"column":null}}]},"9":{"loc":{"start":{"line":122,"column":17},"end":{"line":122,"column":null}},"type":"cond-expr","locations":[{"start":{"line":122,"column":49},"end":{"line":122,"column":66}},{"start":{"line":122,"column":66},"end":{"line":122,"column":null}}]},"10":{"loc":{"start":{"line":128,"column":21},"end":{"line":128,"column":null}},"type":"cond-expr","locations":[{"start":{"line":128,"column":51},"end":{"line":128,"column":63}},{"start":{"line":128,"column":63},"end":{"line":128,"column":null}}]},"11":{"loc":{"start":{"line":134,"column":16},"end":{"line":146,"column":17}},"type":"cond-expr","locations":[{"start":{"line":134,"column":16},"end":{"line":146,"column":17}}]},"12":{"loc":{"start":{"line":160,"column":15},"end":{"line":162,"column":null}},"type":"cond-expr","locations":[{"start":{"line":161,"column":18},"end":{"line":161,"column":null}},{"start":{"line":162,"column":18},"end":{"line":162,"column":null}}]},"13":{"loc":{"start":{"line":166,"column":17},"end":{"line":166,"column":null}},"type":"cond-expr","locations":[{"start":{"line":166,"column":47},"end":{"line":166,"column":64}},{"start":{"line":166,"column":64},"end":{"line":166,"column":null}}]},"14":{"loc":{"start":{"line":328,"column":10},"end":{"line":328,"column":44}},"type":"binary-expr","locations":[{"start":{"line":328,"column":10},"end":{"line":328,"column":44}},{"start":{"line":328,"column":44},"end":{"line":328,"column":71}}]},"15":{"loc":{"start":{"line":338,"column":20},"end":{"line":350,"column":21}},"type":"cond-expr","locations":[{"start":{"line":338,"column":20},"end":{"line":350,"column":21}}]},"16":{"loc":{"start":{"line":354,"column":22},"end":{"line":356,"column":null}},"type":"cond-expr","locations":[{"start":{"line":355,"column":26},"end":{"line":355,"column":null}},{"start":{"line":356,"column":26},"end":{"line":356,"column":null}}]},"17":{"loc":{"start":{"line":365,"column":20},"end":{"line":377,"column":21}},"type":"cond-expr","locations":[{"start":{"line":365,"column":20},"end":{"line":377,"column":21}}]},"18":{"loc":{"start":{"line":381,"column":22},"end":{"line":383,"column":null}},"type":"cond-expr","locations":[{"start":{"line":382,"column":26},"end":{"line":382,"column":null}},{"start":{"line":383,"column":26},"end":{"line":383,"column":null}}]}},"s":{"0":0,"1":0,"2":0,"3":0,"4":0,"5":0,"6":0,"7":0,"8":0,"9":0,"10":0,"11":0,"12":0,"13":0,"14":0,"15":0,"16":0,"17":0,"18":0,"19":0},"f":{"0":0,"1":0,"2":0},"b":{"0":[0,0],"1":[0,0],"2":[0,0],"3":[0,0],"4":[0,0],"5":[0,0],"6":[0,0],"7":[0],"8":[0,0],"9":[0,0],"10":[0,0],"11":[0],"12":[0,0],"13":[0,0],"14":[0,0],"15":[0],"16":[0,0],"17":[0],"18":[0,0]}}
,"C:\\Users\\scott\\Claude_Code\\caddyai-web\\app\\docs\\page.tsx": {"path":"C:\\Users\\scott\\Claude_Code\\caddyai-web\\app\\docs\\page.tsx","statementMap":{"0":{"start":{"line":25,"column":24},"end":{"line":25,"column":null}},"1":{"start":{"line":8,"column":25},"end":{"line":8,"column":null}},"2":{"start":{"line":9,"column":23},"end":{"line":9,"column":null}},"3":{"start":{"line":10,"column":27},"end":{"line":10,"column":null}},"4":{"start":{"line":11,"column":23},"end":{"line":11,"column":null}},"5":{"start":{"line":22,"column":7},"end":{"line":22,"column":null}},"6":{"start":{"line":23,"column":23},"end":{"line":23,"column":null}},"7":{"start":{"line":26,"column":38},"end":{"line":26,"column":null}},"8":{"start":{"line":28,"column":19},"end":{"line":53,"column":null}},"9":{"start":{"line":55,"column":21},"end":{"line":74,"column":40}},"10":{"start":{"line":76,"column":21},"end":{"line":80,"column":null}},"11":{"start":{"line":77,"column":4},"end":{"line":77,"column":null}},"12":{"start":{"line":78,"column":4},"end":{"line":78,"column":null}},"13":{"start":{"line":79,"column":4},"end":{"line":79,"column":null}},"14":{"start":{"line":79,"column":21},"end":{"line":79,"column":42}},"15":{"start":{"line":150,"column":33},"end":{"line":150,"column":null}},"16":{"start":{"line":190,"column":27},"end":{"line":190,"column":39}},"17":{"start":{"line":191,"column":14},"end":{"line":193,"column":null}},"18":{"start":{"line":250,"column":27},"end":{"line":250,"column":39}},"19":{"start":{"line":251,"column":14},"end":{"line":253,"column":null}},"20":{"start":{"line":293,"column":14},"end":{"line":294,"column":null}}},"fnMap":{"0":{"name":"DocsPage","decl":{"start":{"line":25,"column":24},"end":{"line":25,"column":null}},"loc":{"start":{"line":25,"column":24},"end":{"line":340,"column":null}}},"1":{"name":"(anonymous_2)","decl":{"start":{"line":76,"column":21},"end":{"line":76,"column":22}},"loc":{"start":{"line":76,"column":36},"end":{"line":80,"column":null}}},"2":{"name":"(anonymous_3)","decl":{"start":{"line":79,"column":15},"end":{"line":79,"column":21}},"loc":{"start":{"line":79,"column":21},"end":{"line":79,"column":42}}},"3":{"name":"(anonymous_4)","decl":{"start":{"line":150,"column":27},"end":{"line":150,"column":33}},"loc":{"start":{"line":150,"column":33},"end":{"line":150,"column":null}}},"4":{"name":"(anonymous_5)","decl":{"start":{"line":189,"column":26},"end":{"line":189,"column":27}},"loc":{"start":{"line":189,"column":36},"end":{"line":218,"column":null}}},"5":{"name":"(anonymous_6)","decl":{"start":{"line":249,"column":18},"end":{"line":249,"column":19}},"loc":{"start":{"line":249,"column":28},"end":{"line":269,"column":null}}},"6":{"name":"(anonymous_7)","decl":{"start":{"line":292,"column":18},"end":{"line":292,"column":19}},"loc":{"start":{"line":293,"column":14},"end":{"line":294,"column":null}}}},"branchMap":{"0":{"loc":{"start":{"line":154,"column":20},"end":{"line":159,"column":null}},"type":"cond-expr","locations":[{"start":{"line":154,"column":20},"end":{"line":159,"column":null}}]}},"s":{"0":0,"1":0,"2":0,"3":0,"4":0,"5":0,"6":0,"7":0,"8":0,"9":0,"10":0,"11":0,"12":0,"13":0,"14":0,"15":0,"16":0,"17":0,"18":0,"19":0,"20":0},"f":{"0":0,"1":0,"2":0,"3":0,"4":0,"5":0,"6":0},"b":{"0":[0]}}
,"C:\\Users\\scott\\Claude_Code\\caddyai-web\\app\\download\\layout.tsx": {"path":"C:\\Users\\scott\\Claude_Code\\caddyai-web\\app\\download\\layout.tsx","statementMap":{"0":{"start":{"line":50,"column":24},"end":{"line":50,"column":39}},"1":{"start":{"line":3,"column":13},"end":{"line":3,"column":34}},"2":{"start":{"line":3,"column":34},"end":{"line":48,"column":null}},"3":{"start":{"line":56,"column":21},"end":{"line":102,"column":null}}},"fnMap":{"0":{"name":"DownloadLayout","decl":{"start":{"line":50,"column":24},"end":{"line":50,"column":39}},"loc":{"start":{"line":54,"column":1},"end":{"line":113,"column":null}}}},"branchMap":{},"s":{"0":0,"1":0,"2":0,"3":0},"f":{"0":0},"b":{}}
,"C:\\Users\\scott\\Claude_Code\\caddyai-web\\app\\download\\metadata.ts": {"path":"C:\\Users\\scott\\Claude_Code\\caddyai-web\\app\\download\\metadata.ts","statementMap":{"0":{"start":{"line":3,"column":13},"end":{"line":3,"column":34}},"1":{"start":{"line":3,"column":34},"end":{"line":48,"column":null}}},"fnMap":{},"branchMap":{},"s":{"0":0,"1":0},"f":{},"b":{}}
,"C:\\Users\\scott\\Claude_Code\\caddyai-web\\app\\download\\page.tsx": {"path":"C:\\Users\\scott\\Claude_Code\\caddyai-web\\app\\download\\page.tsx","statementMap":{"0":{"start":{"line":26,"column":24},"end":{"line":26,"column":null}},"1":{"start":{"line":3,"column":36},"end":{"line":3,"column":null}},"2":{"start":{"line":4,"column":23},"end":{"line":4,"column":null}},"3":{"start":{"line":5,"column":27},"end":{"line":5,"column":null}},"4":{"start":{"line":6,"column":23},"end":{"line":6,"column":null}},"5":{"start":{"line":10,"column":7},"end":{"line":10,"column":null}},"6":{"start":{"line":11,"column":35},"end":{"line":11,"column":null}},"7":{"start":{"line":24,"column":7},"end":{"line":24,"column":null}},"8":{"start":{"line":27,"column":42},"end":{"line":27,"column":null}},"9":{"start":{"line":28,"column":40},"end":{"line":28,"column":null}},"10":{"start":{"line":30,"column":2},"end":{"line":32,"column":null}},"11":{"start":{"line":31,"column":4},"end":{"line":31,"column":null}},"12":{"start":{"line":34,"column":19},"end":{"line":65,"column":null}},"13":{"start":{"line":67,"column":23},"end":{"line":86,"column":null}},"14":{"start":{"line":88,"column":15},"end":{"line":113,"column":null}},"15":{"start":{"line":115,"column":16},"end":{"line":119,"column":null}},"16":{"start":{"line":176,"column":18},"end":{"line":177,"column":null}},"17":{"start":{"line":279,"column":14},"end":{"line":280,"column":null}},"18":{"start":{"line":362,"column":14},"end":{"line":363,"column":null}},"19":{"start":{"line":401,"column":14},"end":{"line":402,"column":null}},"20":{"start":{"line":414,"column":20},"end":{"line":414,"column":35}},"21":{"start":{"line":442,"column":14},"end":{"line":443,"column":null}},"22":{"start":{"line":452,"column":20},"end":{"line":452,"column":null}}},"fnMap":{"0":{"name":"DownloadPage","decl":{"start":{"line":26,"column":24},"end":{"line":26,"column":null}},"loc":{"start":{"line":26,"column":24},"end":{"line":518,"column":null}}},"1":{"name":"(anonymous_2)","decl":{"start":{"line":30,"column":12},"end":{"line":30,"column":null}},"loc":{"start":{"line":30,"column":12},"end":{"line":32,"column":5}}},"2":{"name":"(anonymous_3)","decl":{"start":{"line":175,"column":27},"end":{"line":175,"column":28}},"loc":{"start":{"line":176,"column":18},"end":{"line":177,"column":null}}},"3":{"name":"(anonymous_4)","decl":{"start":{"line":278,"column":26},"end":{"line":278,"column":27}},"loc":{"start":{"line":279,"column":14},"end":{"line":280,"column":null}}},"4":{"name":"(anonymous_5)","decl":{"start":{"line":361,"column":18},"end":{"line":361,"column":19}},"loc":{"start":{"line":362,"column":14},"end":{"line":363,"column":null}}},"5":{"name":"(anonymous_6)","decl":{"start":{"line":400,"column":30},"end":{"line":400,"column":31}},"loc":{"start":{"line":401,"column":14},"end":{"line":402,"column":null}}},"6":{"name":"(anonymous_7)","decl":{"start":{"line":413,"column":33},"end":{"line":413,"column":34}},"loc":{"start":{"line":414,"column":20},"end":{"line":414,"column":35}}},"7":{"name":"(anonymous_8)","decl":{"start":{"line":441,"column":22},"end":{"line":441,"column":23}},"loc":{"start":{"line":442,"column":14},"end":{"line":443,"column":null}}},"8":{"name":"(anonymous_9)","decl":{"start":{"line":451,"column":27},"end":{"line":451,"column":null}},"loc":{"start":{"line":452,"column":20},"end":{"line":452,"column":null}}}},"branchMap":{"0":{"loc":{"start":{"line":157,"column":15},"end":{"line":157,"column":null}},"type":"binary-expr","locations":[{"start":{"line":157,"column":15},"end":{"line":157,"column":null}}]},"1":{"loc":{"start":{"line":166,"column":21},"end":{"line":168,"column":null}},"type":"cond-expr","locations":[{"start":{"line":167,"column":24},"end":{"line":167,"column":null}},{"start":{"line":168,"column":24},"end":{"line":168,"column":null}}]},"2":{"loc":{"start":{"line":452,"column":35},"end":{"line":452,"column":null}},"type":"cond-expr","locations":[{"start":{"line":452,"column":59},"end":{"line":452,"column":66}},{"start":{"line":452,"column":66},"end":{"line":452,"column":null}}]},"3":{"loc":{"start":{"line":461,"column":22},"end":{"line":461,"column":null}},"type":"cond-expr","locations":[{"start":{"line":461,"column":46},"end":{"line":461,"column":71}},{"start":{"line":461,"column":71},"end":{"line":461,"column":null}}]},"4":{"loc":{"start":{"line":465,"column":17},"end":{"line":465,"column":null}},"type":"binary-expr","locations":[{"start":{"line":465,"column":17},"end":{"line":465,"column":null}}]}},"s":{"0":0,"1":0,"2":0,"3":0,"4":0,"5":0,"6":0,"7":0,"8":0,"9":0,"10":0,"11":0,"12":0,"13":0,"14":0,"15":0,"16":0,"17":0,"18":0,"19":0,"20":0,"21":0,"22":0},"f":{"0":0,"1":0,"2":0,"3":0,"4":0,"5":0,"6":0,"7":0,"8":0},"b":{"0":[0],"1":[0,0],"2":[0,0],"3":[0,0],"4":[0]}}
,"C:\\Users\\scott\\Claude_Code\\caddyai-web\\app\\features\\page.tsx": {"path":"C:\\Users\\scott\\Claude_Code\\caddyai-web\\app\\features\\page.tsx","statementMap":{"0":{"start":{"line":30,"column":24},"end":{"line":30,"column":null}},"1":{"start":{"line":8,"column":27},"end":{"line":8,"column":null}},"2":{"start":{"line":9,"column":23},"end":{"line":9,"column":null}},"3":{"start":{"line":10,"column":41},"end":{"line":10,"column":null}},"4":{"start":{"line":11,"column":27},"end":{"line":11,"column":null}},"5":{"start":{"line":12,"column":43},"end":{"line":12,"column":null}},"6":{"start":{"line":13,"column":23},"end":{"line":13,"column":null}},"7":{"start":{"line":27,"column":7},"end":{"line":27,"column":null}},"8":{"start":{"line":28,"column":56},"end":{"line":28,"column":null}},"9":{"start":{"line":31,"column":23},"end":{"line":74,"column":null}},"10":{"start":{"line":76,"column":27},"end":{"line":113,"column":null}},"11":{"start":{"line":177,"column":14},"end":{"line":177,"column":48}},"12":{"start":{"line":214,"column":14},"end":{"line":214,"column":48}}},"fnMap":{"0":{"name":"FeaturesPage","decl":{"start":{"line":30,"column":24},"end":{"line":30,"column":null}},"loc":{"start":{"line":30,"column":24},"end":{"line":226,"column":null}}},"1":{"name":"(anonymous_2)","decl":{"start":{"line":176,"column":30},"end":{"line":176,"column":31}},"loc":{"start":{"line":177,"column":14},"end":{"line":177,"column":48}}},"2":{"name":"(anonymous_3)","decl":{"start":{"line":213,"column":34},"end":{"line":213,"column":35}},"loc":{"start":{"line":214,"column":14},"end":{"line":214,"column":48}}}},"branchMap":{},"s":{"0":0,"1":0,"2":0,"3":0,"4":0,"5":0,"6":0,"7":0,"8":0,"9":0,"10":0,"11":0,"12":0},"f":{"0":0,"1":0,"2":0},"b":{}}
,"C:\\Users\\scott\\Claude_Code\\caddyai-web\\app\\gdpr\\page.tsx": {"path":"C:\\Users\\scott\\Claude_Code\\caddyai-web\\app\\gdpr\\page.tsx","statementMap":{"0":{"start":{"line":23,"column":24},"end":{"line":23,"column":null}},"1":{"start":{"line":8,"column":23},"end":{"line":8,"column":null}},"2":{"start":{"line":9,"column":27},"end":{"line":9,"column":null}},"3":{"start":{"line":10,"column":23},"end":{"line":10,"column":null}},"4":{"start":{"line":20,"column":7},"end":{"line":20,"column":null}},"5":{"start":{"line":21,"column":23},"end":{"line":21,"column":null}},"6":{"start":{"line":24,"column":17},"end":{"line":61,"column":null}},"7":{"start":{"line":186,"column":33},"end":{"line":186,"column":43}},"8":{"start":{"line":187,"column":20},"end":{"line":189,"column":null}}},"fnMap":{"0":{"name":"GDPRPage","decl":{"start":{"line":23,"column":24},"end":{"line":23,"column":null}},"loc":{"start":{"line":23,"column":24},"end":{"line":393,"column":null}}},"1":{"name":"(anonymous_2)","decl":{"start":{"line":185,"column":30},"end":{"line":185,"column":31}},"loc":{"start":{"line":185,"column":38},"end":{"line":211,"column":null}}}},"branchMap":{},"s":{"0":0,"1":0,"2":0,"3":0,"4":0,"5":0,"6":0,"7":0,"8":0},"f":{"0":0,"1":0},"b":{}}
,"C:\\Users\\scott\\Claude_Code\\caddyai-web\\app\\help\\page.tsx": {"path":"C:\\Users\\scott\\Claude_Code\\caddyai-web\\app\\help\\page.tsx","statementMap":{"0":{"start":{"line":23,"column":24},"end":{"line":23,"column":null}},"1":{"start":{"line":8,"column":25},"end":{"line":8,"column":null}},"2":{"start":{"line":9,"column":23},"end":{"line":9,"column":null}},"3":{"start":{"line":10,"column":27},"end":{"line":10,"column":null}},"4":{"start":{"line":11,"column":23},"end":{"line":11,"column":null}},"5":{"start":{"line":20,"column":7},"end":{"line":20,"column":null}},"6":{"start":{"line":21,"column":23},"end":{"line":21,"column":null}},"7":{"start":{"line":24,"column":40},"end":{"line":24,"column":null}},"8":{"start":{"line":25,"column":40},"end":{"line":25,"column":null}},"9":{"start":{"line":27,"column":15},"end":{"line":109,"column":null}},"10":{"start":{"line":111,"column":25},"end":{"line":136,"column":null}},"11":{"start":{"line":138,"column":23},"end":{"line":146,"column":null}},"12":{"start":{"line":138,"column":47},"end":{"line":146,"column":null}},"13":{"start":{"line":142,"column":8},"end":{"line":144,"column":null}},"14":{"start":{"line":184,"column":33},"end":{"line":184,"column":null}},"15":{"start":{"line":206,"column":27},"end":{"line":206,"column":38}},"16":{"start":{"line":207,"column":14},"end":{"line":209,"column":null}},"17":{"start":{"line":250,"column":14},"end":{"line":304,"column":null}},"18":{"start":{"line":257,"column":42},"end":{"line":257,"column":null}},"19":{"start":{"line":258,"column":22},"end":{"line":260,"column":null}},"20":{"start":{"line":269,"column":30},"end":{"line":270,"column":null}}},"fnMap":{"0":{"name":"HelpPage","decl":{"start":{"line":23,"column":24},"end":{"line":23,"column":null}},"loc":{"start":{"line":23,"column":24},"end":{"line":343,"column":null}}},"1":{"name":"(anonymous_2)","decl":{"start":{"line":138,"column":32},"end":{"line":138,"column":33}},"loc":{"start":{"line":138,"column":47},"end":{"line":146,"column":null}}},"2":{"name":"(anonymous_3)","decl":{"start":{"line":141,"column":6},"end":{"line":141,"column":7}},"loc":{"start":{"line":142,"column":8},"end":{"line":144,"column":null}}},"3":{"name":"(anonymous_4)","decl":{"start":{"line":184,"column":26},"end":{"line":184,"column":27}},"loc":{"start":{"line":184,"column":33},"end":{"line":184,"column":null}}},"4":{"name":"(anonymous_5)","decl":{"start":{"line":205,"column":32},"end":{"line":205,"column":33}},"loc":{"start":{"line":205,"column":41},"end":{"line":230,"column":null}}},"5":{"name":"(anonymous_6)","decl":{"start":{"line":249,"column":30},"end":{"line":249,"column":31}},"loc":{"start":{"line":250,"column":14},"end":{"line":304,"column":null}}},"6":{"name":"(anonymous_7)","decl":{"start":{"line":256,"column":44},"end":{"line":256,"column":45}},"loc":{"start":{"line":256,"column":50},"end":{"line":301,"column":null}}},"7":{"name":"(anonymous_8)","decl":{"start":{"line":268,"column":37},"end":{"line":268,"column":null}},"loc":{"start":{"line":269,"column":30},"end":{"line":270,"column":null}}}},"branchMap":{"0":{"loc":{"start":{"line":142,"column":8},"end":{"line":144,"column":null}},"type":"binary-expr","locations":[{"start":{"line":142,"column":8},"end":{"line":142,"column":null}},{"start":{"line":143,"column":8},"end":{"line":143,"column":null}},{"start":{"line":144,"column":8},"end":{"line":144,"column":null}}]},"1":{"loc":{"start":{"line":250,"column":14},"end":{"line":304,"column":null}},"type":"cond-expr","locations":[{"start":{"line":251,"column":16},"end":{"line":251,"column":null}},{"start":{"line":304,"column":18},"end":{"line":304,"column":null}}]},"2":{"loc":{"start":{"line":270,"column":32},"end":{"line":270,"column":null}},"type":"cond-expr","locations":[{"start":{"line":270,"column":62},"end":{"line":270,"column":69}},{"start":{"line":270,"column":69},"end":{"line":270,"column":null}}]},"3":{"loc":{"start":{"line":280,"column":32},"end":{"line":282,"column":null}},"type":"cond-expr","locations":[{"start":{"line":281,"column":36},"end":{"line":281,"column":null}},{"start":{"line":282,"column":36},"end":{"line":282,"column":null}}]},"4":{"loc":{"start":{"line":286,"column":27},"end":{"line":286,"column":null}},"type":"binary-expr","locations":[{"start":{"line":286,"column":27},"end":{"line":286,"column":null}}]}},"s":{"0":0,"1":0,"2":0,"3":0,"4":0,"5":0,"6":0,"7":0,"8":0,"9":0,"10":0,"11":0,"12":0,"13":0,"14":0,"15":0,"16":0,"17":0,"18":0,"19":0,"20":0},"f":{"0":0,"1":0,"2":0,"3":0,"4":0,"5":0,"6":0,"7":0},"b":{"0":[0,0,0],"1":[0,0],"2":[0,0],"3":[0,0],"4":[0]}}
,"C:\\Users\\scott\\Claude_Code\\caddyai-web\\app\\integrations\\page.tsx": {"path":"C:\\Users\\scott\\Claude_Code\\caddyai-web\\app\\integrations\\page.tsx","statementMap":{"0":{"start":{"line":22,"column":24},"end":{"line":22,"column":null}},"1":{"start":{"line":8,"column":23},"end":{"line":8,"column":null}},"2":{"start":{"line":9,"column":27},"end":{"line":9,"column":null}},"3":{"start":{"line":10,"column":23},"end":{"line":10,"column":null}},"4":{"start":{"line":19,"column":7},"end":{"line":19,"column":null}},"5":{"start":{"line":20,"column":23},"end":{"line":20,"column":null}},"6":{"start":{"line":23,"column":23},"end":{"line":88,"column":null}},"7":{"start":{"line":90,"column":19},"end":{"line":115,"column":null}},"8":{"start":{"line":169,"column":27},"end":{"line":169,"column":43}},"9":{"start":{"line":170,"column":14},"end":{"line":172,"column":null}},"10":{"start":{"line":234,"column":27},"end":{"line":234,"column":39}},"11":{"start":{"line":235,"column":14},"end":{"line":237,"column":null}}},"fnMap":{"0":{"name":"IntegrationsPage","decl":{"start":{"line":22,"column":24},"end":{"line":22,"column":null}},"loc":{"start":{"line":22,"column":24},"end":{"line":289,"column":null}}},"1":{"name":"(anonymous_2)","decl":{"start":{"line":168,"column":30},"end":{"line":168,"column":31}},"loc":{"start":{"line":168,"column":44},"end":{"line":215,"column":null}}},"2":{"name":"(anonymous_3)","decl":{"start":{"line":233,"column":26},"end":{"line":233,"column":27}},"loc":{"start":{"line":233,"column":36},"end":{"line":253,"column":null}}}},"branchMap":{"0":{"loc":{"start":{"line":202,"column":24},"end":{"line":204,"column":null}},"type":"cond-expr","locations":[{"start":{"line":203,"column":28},"end":{"line":203,"column":null}},{"start":{"line":204,"column":28},"end":{"line":204,"column":null}}]},"1":{"loc":{"start":{"line":209,"column":21},"end":{"line":209,"column":null}},"type":"binary-expr","locations":[{"start":{"line":209,"column":21},"end":{"line":209,"column":null}}]}},"s":{"0":0,"1":0,"2":0,"3":0,"4":0,"5":0,"6":0,"7":0,"8":0,"9":0,"10":0,"11":0},"f":{"0":0,"1":0,"2":0},"b":{"0":[0,0],"1":[0]}}
[...]
"line":350,"column":8},"end":{"line":350,"column":null}},"175":{"start":{"line":352,"column":8},"end":{"line":352,"column":null}},"176":{"start":{"line":353,"column":8},"end":{"line":353,"column":null}},"177":{"start":{"line":355,"column":8},"end":{"line":355,"column":null}},"178":{"start":{"line":360,"column":4},"end":{"line":370,"column":null}},"179":{"start":{"line":362,"column":8},"end":{"line":362,"column":null}},"180":{"start":{"line":363,"column":8},"end":{"line":363,"column":null}},"181":{"start":{"line":365,"column":8},"end":{"line":365,"column":null}},"182":{"start":{"line":366,"column":8},"end":{"line":366,"column":null}},"183":{"start":{"line":368,"column":8},"end":{"line":368,"column":null}},"184":{"start":{"line":369,"column":8},"end":{"line":369,"column":null}},"185":{"start":{"line":374,"column":4},"end":{"line":384,"column":null}},"186":{"start":{"line":376,"column":8},"end":{"line":376,"column":null}},"187":{"start":{"line":377,"column":8},"end":{"line":377,"column":null}},"188":{"start":{"line":379,"column":8},"end":{"line":379,"column":null}},"189":{"start":{"line":380,"column":8},"end":{"line":380,"column":null}},"190":{"start":{"line":382,"column":8},"end":{"line":382,"column":null}},"191":{"start":{"line":383,"column":8},"end":{"line":383,"column":null}},"192":{"start":{"line":388,"column":4},"end":{"line":393,"column":null}},"193":{"start":{"line":390,"column":8},"end":{"line":390,"column":null}},"194":{"start":{"line":391,"column":8},"end":{"line":391,"column":null}},"195":{"start":{"line":47,"column":10},"end":{"line":47,"column":null}},"196":{"start":{"line":48,"column":10},"end":{"line":48,"column":null}},"197":{"start":{"line":49,"column":10},"end":{"line":49,"column":null}},"198":{"start":{"line":398,"column":27},"end":{"line":398,"column":null}},"199":{"start":{"line":401,"column":0},"end":{"line":403,"column":null}},"200":{"start":{"line":402,"column":2},"end":{"line":402,"column":null}}},"fnMap":{"0":{"name":"openDatabase","decl":{"start":{"line":17,"column":9},"end":{"line":17,"column":null}},"loc":{"start":{"line":17,"column":9},"end":{"line":41,"column":null}}},"1":{"name":"(anonymous_7)","decl":{"start":{"line":18,"column":21},"end":{"line":18,"column":22}},"loc":{"start":{"line":18,"column":31},"end":{"line":40,"column":null}}},"2":{"name":"(anonymous_8)","decl":{"start":{"line":21,"column":22},"end":{"line":21,"column":28}},"loc":{"start":{"line":21,"column":28},"end":{"line":21,"column":null}}},"3":{"name":"(anonymous_9)","decl":{"start":{"line":22,"column":24},"end":{"line":22,"column":30}},"loc":{"start":{"line":22,"column":30},"end":{"line":22,"column":null}}},"4":{"name":"(anonymous_10)","decl":{"start":{"line":24,"column":30},"end":{"line":24,"column":31}},"loc":{"start":{"line":24,"column":31},"end":{"line":39,"column":null}}},"5":{"name":"(anonymous_11)","decl":{"start":{"line":54,"column":2},"end":{"line":54,"column":8}},"loc":{"start":{"line":54,"column":36},"end":{"line":65,"column":null}}},"6":{"name":"(anonymous_12)","decl":{"start":{"line":70,"column":2},"end":{"line":70,"column":8}},"loc":{"start":{"line":70,"column":98},"end":{"line":92,"column":null}}},"7":{"name":"(anonymous_13)","decl":{"start":{"line":97,"column":2},"end":{"line":97,"column":8}},"loc":{"start":{"line":97,"column":36},"end":{"line":151,"column":null}}},"8":{"name":"(anonymous_14)","decl":{"start":{"line":156,"column":2},"end":{"line":156,"column":8}},"loc":{"start":{"line":156,"column":41},"end":{"line":174,"column":null}}},"9":{"name":"(anonymous_15)","decl":{"start":{"line":179,"column":2},"end":{"line":179,"column":8}},"loc":{"start":{"line":179,"column":36},"end":{"line":197,"column":null}}},"10":{"name":"(anonymous_16)","decl":{"start":{"line":186,"column":30},"end":{"line":186,"column":31}},"loc":{"start":{"line":186,"column":40},"end":{"line":190,"column":null}}},"11":{"name":"(anonymous_17)","decl":{"start":{"line":188,"column":28},"end":{"line":188,"column":34}},"loc":{"start":{"line":188,"column":34},"end":{"line":188,"column":null}}},"12":{"name":"(anonymous_18)","decl":{"start":{"line":189,"column":26},"end":{"line":189,"column":32}},"loc":{"start":{"line":189,"column":32},"end":{"line":189,"column":null}}},"13":{"name":"(anonymous_19)","decl":{"start":{"line":202,"column":2},"end":{"line":202,"column":8}},"loc":{"start":{"line":202,"column":57},"end":{"line":225,"column":null}}},"14":{"name":"(anonymous_20)","decl":{"start":{"line":215,"column":30},"end":{"line":215,"column":31}},"loc":{"start":{"line":215,"column":40},"end":{"line":219,"column":null}}},"15":{"name":"(anonymous_21)","decl":{"start":{"line":217,"column":28},"end":{"line":217,"column":34}},"loc":{"start":{"line":217,"column":34},"end":{"line":217,"column":null}}},"16":{"name":"(anonymous_22)","decl":{"start":{"line":218,"column":26},"end":{"line":218,"column":32}},"loc":{"start":{"line":218,"column":32},"end":{"line":218,"column":null}}},"17":{"name":"(anonymous_23)","decl":{"start":{"line":230,"column":2},"end":{"line":230,"column":8}},"loc":{"start":{"line":230,"column":57},"end":{"line":249,"column":null}}},"18":{"name":"(anonymous_24)","decl":{"start":{"line":237,"column":25},"end":{"line":237,"column":26}},"loc":{"start":{"line":237,"column":35},"end":{"line":244,"column":null}}},"19":{"name":"(anonymous_25)","decl":{"start":{"line":239,"column":28},"end":{"line":239,"column":null}},"loc":{"start":{"line":239,"column":28},"end":{"line":242,"column":null}}},"20":{"name":"(anonymous_26)","decl":{"start":{"line":243,"column":26},"end":{"line":243,"column":32}},"loc":{"start":{"line":243,"column":32},"end":{"line":243,"column":null}}},"21":{"name":"(anonymous_27)","decl":{"start":{"line":254,"column":2},"end":{"line":254,"column":35}},"loc":{"start":{"line":254,"column":36},"end":{"line":271,"column":null}}},"22":{"name":"(anonymous_28)","decl":{"start":{"line":256,"column":36},"end":{"line":256,"column":null}},"loc":{"start":{"line":256,"column":36},"end":{"line":260,"column":7}}},"23":{"name":"(anonymous_29)","decl":{"start":{"line":263,"column":38},"end":{"line":263,"column":null}},"loc":{"start":{"line":263,"column":38},"end":{"line":266,"column":null}}},"24":{"name":"(anonymous_30)","decl":{"start":{"line":268,"column":39},"end":{"line":268,"column":null}},"loc":{"start":{"line":268,"column":39},"end":{"line":270,"column":null}}},"25":{"name":"(anonymous_31)","decl":{"start":{"line":276,"column":2},"end":{"line":276,"column":27}},"loc":{"start":{"line":276,"column":27},"end":{"line":281,"column":null}}},"26":{"name":"(anonymous_32)","decl":{"start":{"line":287,"column":2},"end":{"line":287,"column":16}},"loc":{"start":{"line":287,"column":63},"end":{"line":298,"column":null}}},"27":{"name":"(anonymous_33)","decl":{"start":{"line":293,"column":23},"end":{"line":293,"column":24}},"loc":{"start":{"line":293,"column":33},"end":{"line":297,"column":null}}},"28":{"name":"(anonymous_34)","decl":{"start":{"line":295,"column":26},"end":{"line":295,"column":32}},"loc":{"start":{"line":295,"column":32},"end":{"line":295,"column":null}}},"29":{"name":"(anonymous_35)","decl":{"start":{"line":296,"column":24},"end":{"line":296,"column":30}},"loc":{"start":{"line":296,"column":30},"end":{"line":296,"column":null}}},"30":{"name":"(anonymous_36)","decl":{"start":{"line":300,"column":2},"end":{"line":300,"column":16}},"loc":{"start":{"line":300,"column":59},"end":{"line":311,"column":null}}},"31":{"name":"(anonymous_37)","decl":{"start":{"line":306,"column":23},"end":{"line":306,"column":24}},"loc":{"start":{"line":306,"column":33},"end":{"line":310,"column":null}}},"32":{"name":"(anonymous_38)","decl":{"start":{"line":308,"column":26},"end":{"line":308,"column":32}},"loc":{"start":{"line":308,"column":32},"end":{"line":308,"column":null}}},"33":{"name":"(anonymous_39)","decl":{"start":{"line":309,"column":24},"end":{"line":309,"column":30}},"loc":{"start":{"line":309,"column":30},"end":{"line":309,"column":null}}},"34":{"name":"(anonymous_40)","decl":{"start":{"line":313,"column":2},"end":{"line":313,"column":16}},"loc":{"start":{"line":313,"column":68},"end":{"line":324,"column":null}}},"35":{"name":"(anonymous_41)","decl":{"start":{"line":319,"column":23},"end":{"line":319,"column":24}},"loc":{"start":{"line":319,"column":33},"end":{"line":323,"column":null}}},"36":{"name":"(anonymous_42)","decl":{"start":{"line":321,"column":26},"end":{"line":321,"column":32}},"loc":{"start":{"line":321,"column":32},"end":{"line":321,"column":null}}},"37":{"name":"(anonymous_43)","decl":{"start":{"line":322,"column":24},"end":{"line":322,"column":30}},"loc":{"start":{"line":322,"column":30},"end":{"line":322,"column":null}}},"38":{"name":"(anonymous_44)","decl":{"start":{"line":326,"column":2},"end":{"line":326,"column":16}},"loc":{"start":{"line":326,"column":53},"end":{"line":337,"column":null}}},"39":{"name":"(anonymous_45)","decl":{"start":{"line":332,"column":23},"end":{"line":332,"column":24}},"loc":{"start":{"line":332,"column":33},"end":{"line":336,"column":null}}},"40":{"name":"(anonymous_46)","decl":{"start":{"line":334,"column":26},"end":{"line":334,"column":32}},"loc":{"start":{"line":334,"column":32},"end":{"line":334,"column":null}}},"41":{"name":"(anonymous_47)","decl":{"start":{"line":335,"column":24},"end":{"line":335,"column":30}},"loc":{"start":{"line":335,"column":30},"end":{"line":335,"column":null}}},"42":{"name":"(anonymous_48)","decl":{"start":{"line":339,"column":2},"end":{"line":339,"column":16}},"loc":{"start":{"line":339,"column":69},"end":{"line":357,"column":null}}},"43":{"name":"(anonymous_49)","decl":{"start":{"line":341,"column":31},"end":{"line":341,"column":38}},"loc":{"start":{"line":341,"column":31},"end":{"line":341,"column":null}}},"44":{"name":"(anonymous_50)","decl":{"start":{"line":342,"column":32},"end":{"line":342,"column":39}},"loc":{"start":{"line":342,"column":32},"end":{"line":342,"column":null}}},"45":{"name":"(anonymous_51)","decl":{"start":{"line":359,"column":2},"end":{"line":359,"column":16}},"loc":{"start":{"line":359,"column":88},"end":{"line":371,"column":null}}},"46":{"name":"(anonymous_52)","decl":{"start":{"line":373,"column":2},"end":{"line":373,"column":16}},"loc":{"start":{"line":373,"column":90},"end":{"line":385,"column":null}}},"47":{"name":"(anonymous_53)","decl":{"start":{"line":387,"column":2},"end":{"line":387,"column":16}},"loc":{"start":{"line":387,"column":89},"end":{"line":394,"column":null}}}},"branchMap":{"0":{"loc":{"start":{"line":28,"column":6},"end":{"line":32,"column":null}},"type":"if","locations":[{"start":{"line":28,"column":6},"end":{"line":32,"column":null}},{"start":{},"end":{}}]},"1":{"loc":{"start":{"line":35,"column":6},"end":{"line":38,"column":null}},"type":"if","locations":[{"start":{"line":35,"column":6},"end":{"line":38,"column":null}},{"start":{},"end":{}}]},"2":{"loc":{"start":{"line":72,"column":6},"end":{"line":72,"column":null}},"type":"if","locations":[{"start":{"line":72,"column":6},"end":{"line":72,"column":null}},{"start":{},"end":{}}]},"3":{"loc":{"start":{"line":85,"column":6},"end":{"line":87,"column":null}},"type":"if","locations":[{"start":{"line":85,"column":6},"end":{"line":87,"column":null}},{"start":{},"end":{}}]},"4":{"loc":{"start":{"line":98,"column":4},"end":{"line":101,"column":null}},"type":"if","locations":[{"start":{"line":98,"column":4},"end":{"line":101,"column":null}},{"start":{},"end":{}}]},"5":{"loc":{"start":{"line":103,"column":4},"end":{"line":106,"column":null}},"type":"if","locations":[{"start":{"line":103,"column":4},"end":{"line":106,"column":null}},{"start":{},"end":{}}]},"6":{"loc":{"start":{"line":114,"column":6},"end":{"line":117,"column":null}},"type":"if","locations":[{"start":{"line":114,"column":6},"end":{"line":117,"column":null}},{"start":{},"end":{}}]},"7":{"loc":{"start":{"line":134,"column":10},"end":{"line":139,"column":null}},"type":"if","locations":[{"start":{"line":134,"column":10},"end":{"line":139,"column":null}},{"start":{"line":137,"column":17},"end":{"line":139,"column":null}}]},"8":{"loc":{"start":{"line":181,"column":6},"end":{"line":181,"column":null}},"type":"if","locations":[{"start":{"line":181,"column":6},"end":{"line":181,"column":null}},{"start":{},"end":{}}]},"9":{"loc":{"start":{"line":204,"column":6},"end":{"line":204,"column":null}},"type":"if","locations":[{"start":{"line":204,"column":6},"end":{"line":204,"column":null}},{"start":{},"end":{}}]},"10":{"loc":{"start":{"line":232,"column":6},"end":{"line":232,"column":null}},"type":"if","locations":[{"start":{"line":232,"column":6},"end":{"line":232,"column":null}},{"start":{},"end":{}}]},"11":{"loc":{"start":{"line":241,"column":18},"end":{"line":241,"column":null}},"type":"cond-expr","locations":[{"start":{"line":241,"column":27},"end":{"line":241,"column":38}},{"start":{"line":241,"column":41},"end":{"line":241,"column":null}}]},"12":{"loc":{"start":{"line":257,"column":6},"end":{"line":259,"column":null}},"type":"if","locations":[{"start":{"line":257,"column":6},"end":{"line":259,"column":null}},{"start":{},"end":{}}]},"13":{"loc":{"start":{"line":277,"column":4},"end":{"line":280,"column":null}},"type":"if","locations":[{"start":{"line":277,"column":4},"end":{"line":280,"column":null}},{"start":{},"end":{}}]},"14":{"loc":{"start":{"line":288,"column":4},"end":{"line":288,"column":null}},"type":"if","locations":[{"start":{"line":288,"column":4},"end":{"line":288,"column":null}},{"start":{},"end":{}}]},"15":{"loc":{"start":{"line":301,"column":4},"end":{"line":301,"column":null}},"type":"if","locations":[{"start":{"line":301,"column":4},"end":{"line":301,"column":null}},{"start":{},"end":{}}]},"16":{"loc":{"start":{"line":314,"column":4},"end":{"line":314,"column":null}},"type":"if","locations":[{"start":{"line":314,"column":4},"end":{"line":314,"column":null}},{"start":{},"end":{}}]},"17":{"loc":{"start":{"line":327,"column":4},"end":{"line":327,"column":null}},"type":"if","locations":[{"start":{"line":327,"column":4},"end":{"line":327,"column":null}},{"start":{},"end":{}}]},"18":{"loc":{"start":{"line":334,"column":40},"end":{"line":334,"column":60}},"type":"binary-expr","locations":[{"start":{"line":334,"column":40},"end":{"line":334,"column":54}},{"start":{"line":334,"column":58},"end":{"line":334,"column":60}}]},"19":{"loc":{"start":{"line":344,"column":4},"end":{"line":356,"column":null}},"type":"switch","locations":[{"start":{"line":345,"column":6},"end":{"line":347,"column":null}},{"start":{"line":348,"column":6},"end":{"line":350,"column":null}},{"start":{"line":351,"column":6},"end":{"line":353,"column":null}},{"start":{"line":354,"column":6},"end":{"line":355,"column":null}}]},"20":{"loc":{"start":{"line":360,"column":4},"end":{"line":370,"column":null}},"type":"switch","locations":[{"start":{"line":361,"column":6},"end":{"line":363,"column":null}},{"start":{"line":364,"column":6},"end":{"line":366,"column":null}},{"start":{"line":367,"column":6},"end":{"line":369,"column":null}}]},"21":{"loc":{"start":{"line":374,"column":4},"end":{"line":384,"column":null}},"type":"switch","locations":[{"start":{"line":375,"column":6},"end":{"line":377,"column":null}},{"start":{"line":378,"column":6},"end":{"line":380,"column":null}},{"start":{"line":381,"column":6},"end":{"line":383,"column":null}}]},"22":{"loc":{"start":{"line":388,"column":4},"end":{"line":393,"column":null}},"type":"switch","locations":[{"start":{"line":389,"column":6},"end":{"line":391,"column":null}}]},"23":{"loc":{"start":{"line":401,"column":0},"end":{"line":403,"column":null}},"type":"if","locations":[{"start":{"line":401,"column":0},"end":{"line":403,"column":null}},{"start":{},"end":{}}]}},"s":{"0":0,"1":0,"2":0,"3":0,"4":0,"5":0,"6":0,"7":0,"8":0,"9":0,"10":0,"11":0,"12":0,"13":0,"14":0,"15":0,"16":0,"17":0,"18":0,"19":0,"20":0,"21":0,"22":0,"23":0,"24":0,"25":0,"26":0,"27":0,"28":0,"29":0,"30":0,"31":0,"32":0,"33":0,"34":0,"35":0,"36":0,"37":0,"38":0,"39":0,"40":0,"41":0,"42":0,"43":0,"44":0,"45":0,"46":0,"47":0,"48":0,"49":0,"50":0,"51":0,"52":0,"53":0,"54":0,"55":0,"56":0,"57":0,"58":0,"59":0,"60":0,"61":0,"62":0,"63":0,"64":0,"65":0,"66":0,"67":0,"68":0,"69":0,"70":0,"71":0,"72":0,"73":0,"74":0,"75":0,"76":0,"77":0,"78":0,"79":0,"80":0,"81":0,"82":0,"83":0,"84":0,"85":0,"86":0,"87":0,"88":0,"89":0,"90":0,"91":0,"92":0,"93":0,"94":0,"95":0,"96":0,"97":0,"98":0,"99":0,"100":0,"101":0,"102":0,"103":0,"104":0,"105":0,"106":0,"107":0,"108":0,"109":0,"110":0,"111":0,"112":0,"113":0,"114":0,"115":0,"116":0,"117":0,"118":0,"119":0,"120":0,"121":0,"122":0,"123":0,"124":0,"125":0,"126":0,"127":0,"128":0,"129":0,"130":0,"131":0,"132":0,"133":0,"134":0,"135":0,"136":0,"137":0,"138":0,"139":0,"140":0,"141":0,"142":0,"143":0,"144":0,"145":0,"146":0,"147":0,"148":0,"149":0,"150":0,"151":0,"152":0,"153":0,"154":0,"155":0,"156":0,"157":0,"158":0,"159":0,"160":0,"161":0,"162":0,"163":0,"164":0,"165":0,"166":0,"167":0,"168":0,"169":0,"170":0,"171":0,"172":0,"173":0,"174":0,"175":0,"176":0,"177":0,"178":0,"179":0,"180":0,"181":0,"182":0,"183":0,"184":0,"185":0,"186":0,"187":0,"188":0,"189":0,"190":0,"191":0,"192":0,"193":0,"194":0,"195":0,"196":0,"197":0,"198":0,"199":0,"200":0},"f":{"0":0,"1":0,"2":0,"3":0,"4":0,"5":0,"6":0,"7":0,"8":0,"9":0,"10":0,"11":0,"12":0,"13":0,"14":0,"15":0,"16":0,"17":0,"18":0,"19":0,"20":0,"21":0,"22":0,"23":0,"24":0,"25":0,"26":0,"27":0,"28":0,"29":0,"30":0,"31":0,"32":0,"33":0,"34":0,"35":0,"36":0,"37":0,"38":0,"39":0,"40":0,"41":0,"42":0,"43":0,"44":0,"45":0,"46":0,"47":0},"b":{"0":[0,0],"1":[0,0],"2":[0,0],"3":[0,0],"4":[0,0],"5":[0,0],"6":[0,0],"7":[0,0],"8":[0,0],"9":[0,0],"10":[0,0],"11":[0,0],"12":[0,0],"13":[0,0],"14":[0,0],"15":[0,0],"16":[0,0],"17":[0,0],"18":[0,0],"19":[0,0,0,0],"20":[0,0,0],"21":[0,0,0],"22":[0],"23":[0,0]}}
,"C:\\Users\\scott\\Claude_Code\\caddyai-web\\src\\lib\\firebase.ts": {"path":"C:\\Users\\scott\\Claude_Code\\caddyai-web\\src\\lib\\firebase.ts","statementMap":{"0":{"start":{"line":42,"column":9},"end":{"line":42,"column":14}},"1":{"start":{"line":42,"column":14},"end":{"line":42,"column":20}},"2":{"start":{"line":42,"column":20},"end":{"line":42,"column":24}},"3":{"start":{"line":43,"column":0},"end":{"line":43,"column":15}},"4":{"start":{"line":42,"column":24},"end":{"line":42,"column":null}},"5":{"start":{"line":14,"column":52},"end":{"line":14,"column":null}},"6":{"start":{"line":15,"column":30},"end":{"line":15,"column":null}},"7":{"start":{"line":16,"column":40},"end":{"line":16,"column":null}},"8":{"start":{"line":17,"column":44},"end":{"line":17,"column":null}},"9":{"start":{"line":19,"column":23},"end":{"line":26,"column":null}},"10":{"start":{"line":34,"column":0},"end":{"line":40,"column":null}},"11":{"start":{"line":36,"column":2},"end":{"line":36,"column":null}},"12":{"start":{"line":37,"column":2},"end":{"line":37,"column":null}},"13":{"start":{"line":38,"column":2},"end":{"line":38,"column":null}},"14":{"start":{"line":39,"column":2},"end":{"line":39,"column":null}},"15":{"start":{"line":43,"column":15},"end":{"line":43,"column":null}}},"fnMap":{},"branchMap":{"0":{"loc":{"start":{"line":34,"column":0},"end":{"line":40,"column":null}},"type":"if","locations":[{"start":{"line":34,"column":0},"end":{"line":40,"column":null}},{"start":{},"end":{}}]},"1":{"loc":{"start":{"line":36,"column":8},"end":{"line":36,"column":77}},"type":"cond-expr","locations":[{"start":{"line":36,"column":33},"end":{"line":36,"column":65}},{"start":{"line":36,"column":65},"end":{"line":36,"column":77}}]}},"s":{"0":0,"1":0,"2":0,"3":0,"4":0,"5":0,"6":0,"7":0,"8":0,"9":0,"10":0,"11":0,"12":0,"13":0,"14":0,"15":0},"f":{},"b":{"0":[0,0],"1":[0,0]}}
,"C:\\Users\\scott\\Claude_Code\\caddyai-web\\src\\types\\preferences.ts": {"path":"C:\\Users\\scott\\Claude_Code\\caddyai-web\\src\\types\\preferences.ts","statementMap":{"0":{"start":{"line":51,"column":13},"end":{"line":51,"column":95}},"1":{"start":{"line":51,"column":95},"end":{"line":79,"column":null}}},"fnMap":{},"branchMap":{},"s":{"0":0,"1":0},"f":{},"b":{}}
}
