TN:
SF:app\layout.tsx
FN:49,RootLayout
FNF:1
FNH:0
FNDA:0,RootLayout
DA:2,0
DA:3,0
DA:4,0
DA:5,0
DA:6,0
DA:7,0
DA:9,0
DA:17,0
DA:49,0
LF:9
LH:0
BRF:0
BRH:0
end_of_record
TN:
SF:app\page.tsx
FN:30,LandingPage
FN:35,(anonymous_2)
FN:107,(anonymous_3)
FN:175,(anonymous_4)
FNF:4
FNH:0
FNDA:0,LandingPage
FNDA:0,(anonymous_2)
FNDA:0,(anonymous_3)
FNDA:0,(anonymous_4)
DA:8,0
DA:9,0
DA:10,0
DA:11,0
DA:12,0
DA:13,0
DA:14,0
DA:15,0
DA:16,0
DA:17,0
DA:18,0
DA:19,0
DA:20,0
DA:28,0
DA:30,0
DA:31,0
DA:32,0
DA:35,0
DA:36,0
DA:37,0
DA:41,0
DA:50,0
DA:108,0
DA:176,0
LF:24
LH:0
BRDA:36,0,0,0
BRDA:36,0,1,0
BRDA:36,1,0,0
BRDA:36,1,1,0
BRDA:41,2,0,0
BRDA:41,2,1,0
BRF:6
BRH:0
end_of_record
TN:
SF:app\robots.ts
FN:3,robots
FNF:1
FNH:0
FNDA:0,robots
DA:3,0
DA:4,0
DA:6,0
LF:3
LH:0
BRF:0
BRH:0
end_of_record
TN:
SF:app\sitemap.ts
FN:3,sitemap
FNF:1
FNH:0
FNDA:0,sitemap
DA:3,0
DA:4,0
DA:5,0
DA:8,0
DA:125,0
LF:5
LH:0
BRF:0
BRH:0
end_of_record
TN:
SF:app\about\page.tsx
FN:16,AboutPage
FN:96,(anonymous_2)
FNF:2
FNH:0
FNDA:0,AboutPage
FNDA:0,(anonymous_2)
DA:8,0
DA:9,0
DA:10,0
DA:11,0
DA:12,0
DA:13,0
DA:14,0
DA:16,0
DA:17,0
DA:97,0
DA:98,0
LF:11
LH:0
BRF:0
BRH:0
end_of_record
TN:
SF:app\blog\page.tsx
FN:21,BlogPage
FN:131,(anonymous_2)
FN:154,(anonymous_3)
FNF:3
FNH:0
FNDA:0,BlogPage
FNDA:0,(anonymous_2)
FNDA:0,(anonymous_3)
DA:8,0
DA:9,0
DA:10,0
DA:18,0
DA:19,0
DA:21,0
DA:22,0
DA:85,0
DA:132,0
DA:155,0
LF:10
LH:0
BRDA:138,0,0,0
BRDA:138,0,1,0
BRF:2
BRH:0
end_of_record
TN:
SF:app\careers\page.tsx
FN:24,CareersPage
FN:178,(anonymous_2)
FN:213,(anonymous_3)
FN:251,(anonymous_4)
FNF:4
FNH:0
FNDA:0,CareersPage
FNDA:0,(anonymous_2)
FNDA:0,(anonymous_3)
FNDA:0,(anonymous_4)
DA:8,0
DA:9,0
DA:10,0
DA:21,0
DA:22,0
DA:24,0
DA:25,0
DA:73,0
DA:106,0
DA:179,0
DA:214,0
DA:215,0
DA:252,0
LF:13
LH:0
BRF:0
BRH:0
end_of_record
TN:
SF:app\clubs\page.tsx
FN:39,ClubsPage
FN:49,(anonymous_3)
FN:56,(anonymous_4)
FN:59,(anonymous_5)
FN:69,(anonymous_6)
FN:87,(anonymous_7)
FN:97,(anonymous_8)
FN:110,(anonymous_9)
FN:111,(anonymous_10)
FN:114,(anonymous_11)
FN:134,(anonymous_12)
FN:199,(anonymous_13)
FN:211,(anonymous_14)
FN:224,(anonymous_15)
FN:244,(anonymous_16)
FN:266,(anonymous_17)
FN:275,(anonymous_18)
FNF:17
FNH:0
FNDA:0,ClubsPage
FNDA:0,(anonymous_3)
FNDA:0,(anonymous_4)
FNDA:0,(anonymous_5)
FNDA:0,(anonymous_6)
FNDA:0,(anonymous_7)
FNDA:0,(anonymous_8)
FNDA:0,(anonymous_9)
FNDA:0,(anonymous_10)
FNDA:0,(anonymous_11)
FNDA:0,(anonymous_12)
FNDA:0,(anonymous_13)
FNDA:0,(anonymous_14)
FNDA:0,(anonymous_15)
FNDA:0,(anonymous_16)
FNDA:0,(anonymous_17)
FNDA:0,(anonymous_18)
DA:10,0
DA:11,0
DA:12,0
DA:13,0
DA:14,0
DA:15,0
DA:16,0
DA:17,0
DA:18,0
DA:22,0
DA:39,0
DA:40,0
DA:41,0
DA:42,0
DA:43,0
DA:44,0
DA:45,0
DA:46,0
DA:49,0
DA:50,0
DA:51,0
DA:56,0
DA:57,0
DA:59,0
DA:60,0
DA:61,0
DA:62,0
DA:64,0
DA:65,0
DA:68,0
DA:69,0
DA:77,0
DA:78,0
DA:80,0
DA:84,0
DA:87,0
DA:88,0
DA:89,0
DA:94,0
DA:97,0
DA:98,0
DA:110,0
DA:111,0
DA:114,0
DA:115,0
DA:117,0
DA:120,0
DA:121,0
DA:122,0
DA:125,0
DA:126,0
DA:127,0
DA:128,0
DA:130,0
DA:131,0
DA:134,0
DA:135,0
DA:138,0
DA:139,0
DA:141,0
DA:145,0
DA:200,0
DA:211,0
DA:224,0
DA:244,0
DA:266,0
DA:275,0
LF:67
LH:0
BRDA:50,0,0,0
BRDA:50,0,1,0
BRDA:50,1,0,0
BRDA:50,1,1,0
BRDA:57,2,0,0
BRDA:57,2,1,0
BRDA:64,3,0,0
BRDA:64,3,1,0
BRDA:64,4,0,0
BRDA:64,4,1,0
BRDA:117,5,0,0
BRDA:117,5,1,0
BRDA:120,6,0,0
BRDA:120,6,1,0
BRDA:145,7,0,0
BRDA:145,7,1,0
BRDA:145,8,0,0
BRDA:145,8,1,0
BRDA:177,9,0,0
BRDA:186,10,0,0
BRDA:195,11,0,0
BRDA:195,11,1,0
BRDA:286,12,0,0
BRDA:332,13,0,0
BRF:24
BRH:0
end_of_record
TN:
SF:app\community\page.tsx
FN:24,CommunityPage
FN:136,(anonymous_2)
FN:174,(anonymous_3)
FN:216,(anonymous_4)
FNF:4
FNH:0
FNDA:0,CommunityPage
FNDA:0,(anonymous_2)
FNDA:0,(anonymous_3)
FNDA:0,(anonymous_4)
DA:8,0
DA:9,0
DA:10,0
DA:21,0
DA:22,0
DA:24,0
DA:25,0
DA:61,0
DA:88,0
DA:137,0
DA:138,0
DA:175,0
DA:176,0
DA:217,0
LF:14
LH:0
BRF:0
BRH:0
end_of_record
TN:
SF:app\cookies\page.tsx
FN:14,CookiesPage
FNF:1
FNH:0
FNDA:0,CookiesPage
DA:8,0
DA:9,0
DA:10,0
DA:11,0
DA:12,0
DA:14,0
LF:6
LH:0
BRF:0
BRH:0
end_of_record
TN:
SF:app\courses\page.tsx
FN:20,CoursesPage
FN:41,(anonymous_2)
FN:44,(anonymous_3)
FN:50,(anonymous_4)
FN:58,(anonymous_5)
FN:62,loadCourses
FN:98,handleSearch
FN:103,handleCourseClick
FN:125,(anonymous_9)
FN:135,(anonymous_10)
FN:155,(anonymous_11)
FN:163,(anonymous_12)
FN:176,(anonymous_13)
FN:202,(anonymous_14)
FN:226,(anonymous_15)
FN:247,(anonymous_16)
FN:293,(anonymous_17)
FN:296,(anonymous_18)
FNF:18
FNH:0
FNDA:0,CoursesPage
FNDA:0,(anonymous_2)
FNDA:0,(anonymous_3)
FNDA:0,(anonymous_4)
FNDA:0,(anonymous_5)
FNDA:0,loadCourses
FNDA:0,handleSearch
FNDA:0,handleCourseClick
FNDA:0,(anonymous_9)
FNDA:0,(anonymous_10)
FNDA:0,(anonymous_11)
FNDA:0,(anonymous_12)
FNDA:0,(anonymous_13)
FNDA:0,(anonymous_14)
FNDA:0,(anonymous_15)
FNDA:0,(anonymous_16)
FNDA:0,(anonymous_17)
FNDA:0,(anonymous_18)
DA:9,0
DA:10,0
DA:11,0
DA:16,0
DA:18,0
DA:20,0
DA:21,0
DA:22,0
DA:24,0
DA:25,0
DA:26,0
DA:27,0
DA:28,0
DA:29,0
DA:35,0
DA:41,0
DA:42,0
DA:43,0
DA:45,0
DA:51,0
DA:58,0
DA:59,0
DA:63,0
DA:64,0
DA:68,0
DA:70,0
DA:77,0
DA:79,0
DA:87,0
DA:90,0
DA:92,0
DA:94,0
DA:99,0
DA:100,0
DA:104,0
DA:125,0
DA:135,0
DA:155,0
DA:164,0
DA:165,0
DA:176,0
DA:203,0
DA:227,0
DA:248,0
DA:294,0
DA:296,0
LF:46
LH:0
BRDA:42,0,0,0
BRDA:42,0,1,0
BRDA:68,1,0,0
BRDA:68,1,1,0
BRDA:73,2,0,0
BRDA:73,2,1,0
BRDA:77,3,0,0
BRDA:77,3,1,0
BRDA:127,4,0,0
BRDA:127,4,1,0
BRDA:137,5,0,0
BRDA:137,5,1,0
BRDA:160,6,0,0
BRDA:192,7,0,0
BRDA:205,8,0,0
BRDA:205,8,1,0
BRDA:229,9,0,0
BRDA:229,9,1,0
BRDA:256,10,0,0
BRDA:268,11,0,0
BRDA:275,12,0,0
BRDA:301,13,0,0
BRDA:327,14,0,0
BRDA:345,15,0,0
BRDA:345,15,1,0
BRF:25
BRH:0
end_of_record
TN:
SF:app\courses\[id]\page.tsx
FN:39,(anonymous_5)
FN:39,(anonymous_6)
FN:51,CourseDetailPage
FN:69,(anonymous_10)
FN:72,(anonymous_11)
FN:78,(anonymous_12)
FN:86,(anonymous_13)
FN:92,loadCourseData
FN:122,handleToggleFavorite
FN:153,(anonymous_16)
FN:161,(anonymous_17)
FN:265,(anonymous_18)
FN:268,(anonymous_19)
FN:300,(anonymous_20)
FN:317,(anonymous_21)
FN:321,(anonymous_22)
FN:324,(anonymous_23)
FN:327,(anonymous_24)
FN:330,(anonymous_25)
FN:457,(anonymous_26)
FNF:20
FNH:0
FNDA:0,(anonymous_5)
FNDA:0,(anonymous_6)
FNDA:0,CourseDetailPage
FNDA:0,(anonymous_10)
FNDA:0,(anonymous_11)
FNDA:0,(anonymous_12)
FNDA:0,(anonymous_13)
FNDA:0,loadCourseData
FNDA:0,handleToggleFavorite
FNDA:0,(anonymous_16)
FNDA:0,(anonymous_17)
FNDA:0,(anonymous_18)
FNDA:0,(anonymous_19)
FNDA:0,(anonymous_20)
FNDA:0,(anonymous_21)
FNDA:0,(anonymous_22)
FNDA:0,(anonymous_23)
FNDA:0,(anonymous_24)
FNDA:0,(anonymous_25)
FNDA:0,(anonymous_26)
DA:9,0
DA:10,0
DA:21,0
DA:22,0
DA:30,0
DA:36,0
DA:39,0
DA:51,0
DA:52,0
DA:53,0
DA:54,0
DA:55,0
DA:57,0
DA:58,0
DA:59,0
DA:60,0
DA:61,0
DA:62,0
DA:63,0
DA:69,0
DA:70,0
DA:71,0
DA:73,0
DA:79,0
DA:86,0
DA:87,0
DA:88,0
DA:93,0
DA:94,0
DA:96,0
DA:102,0
DA:103,0
DA:104,0
DA:107,0
DA:108,0
DA:109,0
DA:111,0
DA:112,0
DA:113,0
DA:116,0
DA:118,0
DA:123,0
DA:125,0
DA:126,0
DA:127,0
DA:128,0
DA:130,0
DA:131,0
DA:134,0
DA:138,0
DA:149,0
DA:150,0
DA:153,0
DA:161,0
DA:266,0
DA:268,0
DA:301,0
DA:317,0
DA:321,0
DA:324,0
DA:327,0
DA:330,0
DA:458,0
LF:63
LH:0
BRDA:70,0,0,0
BRDA:70,0,1,0
BRDA:87,1,0,0
BRDA:87,1,1,0
BRDA:102,2,0,0
BRDA:102,2,1,0
BRDA:111,3,0,0
BRDA:111,3,1,0
BRDA:123,4,0,0
BRDA:123,4,1,0
BRDA:123,5,0,0
BRDA:123,5,1,0
BRDA:126,6,0,0
BRDA:126,6,1,0
BRDA:138,7,0,0
BRDA:138,7,1,0
BRDA:149,8,0,0
BRDA:149,8,1,0
BRDA:197,9,0,0
BRDA:204,10,0,0
BRDA:208,11,0,0
BRDA:208,11,1,0
BRDA:214,12,0,0
BRDA:214,12,1,0
BRDA:233,13,0,0
BRDA:243,14,0,0
BRDA:243,14,1,0
BRDA:243,14,2,0
BRDA:270,15,0,0
BRDA:270,15,1,0
BRDA:308,16,0,0
BRDA:308,16,1,0
BRDA:309,17,0,0
BRDA:309,17,1,0
BRDA:310,18,0,0
BRDA:310,18,1,0
BRDA:311,19,0,0
BRDA:311,19,1,0
BRDA:321,20,0,0
BRDA:321,20,1,0
BRDA:324,21,0,0
BRDA:324,21,1,0
BRDA:327,22,0,0
BRDA:327,22,1,0
BRDA:330,23,0,0
BRDA:330,23,1,0
BRDA:357,24,0,0
BRDA:357,24,1,0
BRDA:361,25,0,0
BRDA:370,26,0,0
BRDA:383,27,0,0
BRDA:401,28,0,0
BRDA:407,29,0,0
BRDA:413,30,0,0
BRDA:419,31,0,0
BRDA:425,32,0,0
BRDA:431,33,0,0
BRDA:437,34,0,0
BRDA:461,35,0,0
BRDA:461,35,1,0
BRF:60
BRH:0
end_of_record
TN:
SF:app\dashboard\page.tsx
FN:15,DashboardPage
FN:20,(anonymous_3)
FN:26,(anonymous_4)
FNF:3
FNH:0
FNDA:0,DashboardPage
FNDA:0,(anonymous_3)
FNDA:0,(anonymous_4)
DA:8,0
DA:9,0
DA:10,0
DA:11,0
DA:12,0
DA:13,0
DA:15,0
DA:16,0
DA:17,0
DA:20,0
DA:21,0
DA:22,0
DA:26,0
DA:27,0
DA:28,0
DA:29,0
DA:31,0
DA:35,0
DA:43,0
DA:44,0
LF:20
LH:0
BRDA:21,0,0,0
BRDA:21,0,1,0
BRDA:21,1,0,0
BRDA:21,1,1,0
BRDA:35,2,0,0
BRDA:35,2,1,0
BRDA:43,3,0,0
BRDA:43,3,1,0
BRDA:59,4,0,0
BRDA:59,4,1,0
BRDA:74,5,0,0
BRDA:74,5,1,0
BRDA:84,6,0,0
BRDA:84,6,1,0
BRDA:90,7,0,0
BRDA:116,8,0,0
BRDA:116,8,1,0
BRDA:122,9,0,0
BRDA:122,9,1,0
BRDA:128,10,0,0
BRDA:128,10,1,0
BRDA:134,11,0,0
BRDA:160,12,0,0
BRDA:160,12,1,0
BRDA:166,13,0,0
BRDA:166,13,1,0
BRDA:328,14,0,0
BRDA:328,14,1,0
BRDA:338,15,0,0
BRDA:354,16,0,0
BRDA:354,16,1,0
BRDA:365,17,0,0
BRDA:381,18,0,0
BRDA:381,18,1,0
BRF:34
BRH:0
end_of_record
TN:
SF:app\docs\page.tsx
FN:25,DocsPage
FN:76,(anonymous_2)
FN:79,(anonymous_3)
FN:150,(anonymous_4)
FN:189,(anonymous_5)
FN:249,(anonymous_6)
FN:292,(anonymous_7)
FNF:7
FNH:0
FNDA:0,DocsPage
FNDA:0,(anonymous_2)
FNDA:0,(anonymous_3)
FNDA:0,(anonymous_4)
FNDA:0,(anonymous_5)
FNDA:0,(anonymous_6)
FNDA:0,(anonymous_7)
DA:8,0
DA:9,0
DA:10,0
DA:11,0
DA:22,0
DA:23,0
DA:25,0
DA:26,0
DA:28,0
DA:55,0
DA:76,0
DA:77,0
DA:78,0
DA:79,0
DA:150,0
DA:190,0
DA:191,0
DA:250,0
DA:251,0
DA:293,0
LF:20
LH:0
BRDA:154,0,0,0
BRF:1
BRH:0
end_of_record
TN:
SF:app\download\layout.tsx
FN:50,DownloadLayout
FNF:1
FNH:0
FNDA:0,DownloadLayout
DA:3,0
DA:50,0
DA:56,0
LF:3
LH:0
BRF:0
BRH:0
end_of_record
TN:
SF:app\download\metadata.ts
FNF:0
FNH:0
DA:3,0
LF:1
LH:0
BRF:0
BRH:0
end_of_record
TN:
SF:app\download\page.tsx
FN:26,DownloadPage
FN:30,(anonymous_2)
FN:175,(anonymous_3)
FN:278,(anonymous_4)
FN:361,(anonymous_5)
FN:400,(anonymous_6)
FN:413,(anonymous_7)
FN:441,(anonymous_8)
FN:451,(anonymous_9)
FNF:9
FNH:0
FNDA:0,DownloadPage
FNDA:0,(anonymous_2)
FNDA:0,(anonymous_3)
FNDA:0,(anonymous_4)
FNDA:0,(anonymous_5)
FNDA:0,(anonymous_6)
FNDA:0,(anonymous_7)
FNDA:0,(anonymous_8)
FNDA:0,(anonymous_9)
DA:3,0
DA:4,0
DA:5,0
DA:6,0
DA:10,0
DA:11,0
DA:24,0
DA:26,0
DA:27,0
DA:28,0
DA:30,0
DA:31,0
DA:34,0
DA:67,0
DA:88,0
DA:115,0
DA:176,0
DA:279,0
DA:362,0
DA:401,0
DA:414,0
DA:442,0
DA:452,0
LF:23
LH:0
BRDA:157,0,0,0
BRDA:166,1,0,0
BRDA:166,1,1,0
BRDA:452,2,0,0
BRDA:452,2,1,0
BRDA:461,3,0,0
BRDA:461,3,1,0
BRDA:465,4,0,0
BRF:8
BRH:0
end_of_record
TN:
SF:app\features\page.tsx
FN:30,FeaturesPage
FN:176,(anonymous_2)
FN:213,(anonymous_3)
FNF:3
FNH:0
FNDA:0,FeaturesPage
FNDA:0,(anonymous_2)
FNDA:0,(anonymous_3)
DA:8,0
DA:9,0
DA:10,0
DA:11,0
DA:12,0
DA:13,0
DA:27,0
DA:28,0
DA:30,0
DA:31,0
DA:76,0
DA:177,0
DA:214,0
LF:13
LH:0
BRF:0
BRH:0
end_of_record
TN:
SF:app\gdpr\page.tsx
FN:23,GDPRPage
FN:185,(anonymous_2)
FNF:2
FNH:0
FNDA:0,GDPRPage
FNDA:0,(anonymous_2)
DA:8,0
DA:9,0
DA:10,0
DA:20,0
DA:21,0
DA:23,0
DA:24,0
DA:186,0
DA:187,0
LF:9
LH:0
BRF:0
BRH:0
end_of_record
TN:
SF:app\help\page.tsx
FN:23,HelpPage
FN:138,(anonymous_2)
FN:141,(anonymous_3)
FN:184,(anonymous_4)
FN:205,(anonymous_5)
FN:249,(anonymous_6)
FN:256,(anonymous_7)
FN:268,(anonymous_8)
FNF:8
FNH:0
FNDA:0,HelpPage
FNDA:0,(anonymous_2)
FNDA:0,(anonymous_3)
FNDA:0,(anonymous_4)
FNDA:0,(anonymous_5)
FNDA:0,(anonymous_6)
FNDA:0,(anonymous_7)
FNDA:0,(anonymous_8)
DA:8,0
DA:9,0
DA:10,0
DA:11,0
DA:20,0
DA:21,0
DA:23,0
DA:24,0
DA:25,0
DA:27,0
DA:111,0
DA:138,0
DA:142,0
DA:184,0
DA:206,0
DA:207,0
DA:250,0
DA:257,0
DA:258,0
DA:269,0
LF:20
LH:0
BRDA:142,0,0,0
BRDA:142,0,1,0
BRDA:142,0,2,0
BRDA:250,1,0,0
BRDA:250,1,1,0
BRDA:270,2,0,0
BRDA:270,2,1,0
BRDA:280,3,0,0
BRDA:280,3,1,0
BRDA:286,4,0,0
BRF:10
BRH:0
end_of_record
TN:
SF:app\integrations\page.tsx
FN:22,IntegrationsPage
FN:168,(anonymous_2)
FN:233,(anonymous_3)
FNF:3
FNH:0
FNDA:0,IntegrationsPage
FNDA:0,(anonymous_2)
FNDA:0,(anonymous_3)
DA:8,0
DA:9,0
DA:10,0
DA:19,0
DA:20,0
DA:22,0
DA:23,0
DA:90,0
DA:169,0
DA:170,0
DA:234,0
DA:235,0
LF:12
LH:0
BRDA:202,0,0,0
BRDA:202,0,1,0
BRDA:209,1,0,0
BRF:3
BRH:0
end_of_record
TN:
SF:app\login\page.tsx
FN:27,LoginPage
FN:44,(anonymous_3)
FN:58,(anonymous_4)
FN:72,(anonymous_5)
FN:172,(anonymous_6)
FNF:5
FNH:0
FNDA:0,LoginPage
FNDA:0,(anonymous_3)
FNDA:0,(anonymous_4)
FNDA:0,(anonymous_5)
FNDA:0,(anonymous_6)
DA:8,0
DA:9,0
DA:10,0
DA:11,0
DA:12,0
DA:13,0
DA:14,0
DA:15,0
DA:16,0
DA:17,0
DA:20,0
DA:27,0
DA:28,0
DA:29,0
DA:30,0
DA:31,0
DA:32,0
DA:33,0
DA:39,0
DA:44,0
DA:45,0
DA:46,0
DA:47,0
DA:48,0
DA:49,0
DA:53,0
DA:58,0
DA:59,0
DA:60,0
DA:61,0
DA:62,0
DA:63,0
DA:67,0
DA:72,0
DA:73,0
DA:74,0
DA:75,0
DA:76,0
DA:77,0
DA:81,0
DA:172,0
LF:41
LH:0
BRDA:102,0,0,0
BRDA:183,1,0,0
BRDA:183,1,1,0
BRDA:183,1,2,0
BRDA:209,2,0,0
BRDA:209,2,1,0
BRDA:209,2,2,0
BRDA:242,3,0,0
BRDA:242,3,1,0
BRDA:242,3,2,0
BRF:10
BRH:0
end_of_record
TN:
SF:app\press\page.tsx
FN:22,PressPage
FN:144,(anonymous_2)
FN:187,(anonymous_3)
FN:240,(anonymous_4)
FNF:4
FNH:0
FNDA:0,PressPage
FNDA:0,(anonymous_2)
FNDA:0,(anonymous_3)
FNDA:0,(anonymous_4)
DA:8,0
DA:9,0
DA:10,0
DA:19,0
DA:20,0
DA:22,0
DA:23,0
DA:44,0
DA:71,0
DA:145,0
DA:188,0
DA:189,0
DA:241,0
LF:13
LH:0
BRF:0
BRH:0
end_of_record
TN:
SF:app\pricing\page.tsx
FN:90,PricingPage
FN:138,(anonymous_2)
FN:189,(anonymous_3)
FNF:3
FNH:0
FNDA:0,PricingPage
FNDA:0,(anonymous_2)
FNDA:0,(anonymous_3)
DA:8,0
DA:9,0
DA:10,0
DA:11,0
DA:12,0
DA:13,0
DA:14,0
DA:16,0
DA:90,0
DA:91,0
DA:139,0
DA:190,0
LF:12
LH:0
BRF:0
BRH:0
end_of_record
TN:
SF:app\privacy\page.tsx
FN:13,PrivacyPage
FNF:1
FNH:0
FNDA:0,PrivacyPage
DA:8,0
DA:9,0
DA:10,0
DA:11,0
DA:13,0
LF:5
LH:0
BRF:0
BRH:0
end_of_record
TN:
SF:app\profile\page.tsx
FN:21,ProfilePage
FN:44,(anonymous_3)
FN:51,(anonymous_4)
FN:54,(anonymous_5)
FN:85,(anonymous_6)
FN:113,(anonymous_7)
FN:188,(anonymous_8)
FN:199,(anonymous_9)
FN:222,(anonymous_10)
FN:234,(anonymous_11)
FN:238,(anonymous_12)
FN:262,(anonymous_13)
FN:281,(anonymous_14)
FN:313,(anonymous_15)
FN:324,(anonymous_16)
FN:328,(anonymous_17)
FN:363,(anonymous_18)
FN:374,(anonymous_19)
FN:378,(anonymous_20)
FN:399,(anonymous_21)
FNF:20
FNH:0
FNDA:0,ProfilePage
FNDA:0,(anonymous_3)
FNDA:0,(anonymous_4)
FNDA:0,(anonymous_5)
FNDA:0,(anonymous_6)
FNDA:0,(anonymous_7)
FNDA:0,(anonymous_8)
FNDA:0,(anonymous_9)
FNDA:0,(anonymous_10)
FNDA:0,(anonymous_11)
FNDA:0,(anonymous_12)
FNDA:0,(anonymous_13)
FNDA:0,(anonymous_14)
FNDA:0,(anonymous_15)
FNDA:0,(anonymous_16)
FNDA:0,(anonymous_17)
FNDA:0,(anonymous_18)
FNDA:0,(anonymous_19)
FNDA:0,(anonymous_20)
FNDA:0,(anonymous_21)
DA:10,0
DA:11,0
DA:12,0
DA:13,0
DA:14,0
DA:15,0
DA:16,0
DA:17,0
DA:18,0
DA:21,0
DA:22,0
DA:23,0
DA:24,0
DA:25,0
DA:26,0
DA:27,0
DA:30,0
DA:31,0
DA:32,0
DA:33,0
DA:34,0
DA:37,0
DA:38,0
DA:39,0
DA:40,0
DA:41,0
DA:44,0
DA:45,0
DA:46,0
DA:51,0
DA:52,0
DA:54,0
DA:55,0
DA:56,0
DA:57,0
DA:59,0
DA:61,0
DA:62,0
DA:63,0
DA:64,0
DA:65,0
DA:68,0
DA:69,0
DA:70,0
DA:71,0
DA:72,0
DA:75,0
DA:76,0
DA:78,0
DA:82,0
DA:85,0
DA:86,0
DA:88,0
DA:90,0
DA:91,0
DA:92,0
DA:93,0
DA:95,0
DA:109,0
DA:110,0
DA:113,0
DA:114,0
DA:117,0
DA:118,0
DA:120,0
DA:124,0
DA:188,0
DA:199,0
DA:222,0
DA:235,0
DA:238,0
DA:262,0
DA:281,0
DA:313,0
DA:325,0
DA:328,0
DA:363,0
DA:375,0
DA:378,0
DA:399,0
LF:80
LH:0
BRDA:45,0,0,0
BRDA:45,0,1,0
BRDA:45,1,0,0
BRDA:45,1,1,0
BRDA:52,2,0,0
BRDA:52,2,1,0
BRDA:59,3,0,0
BRDA:59,3,1,0
BRDA:68,4,0,0
BRDA:68,4,1,0
BRDA:69,5,0,0
BRDA:69,5,1,0
BRDA:70,6,0,0
BRDA:70,6,1,0
BRDA:71,7,0,0
BRDA:71,7,1,0
BRDA:72,8,0,0
BRDA:72,8,1,0
BRDA:88,9,0,0
BRDA:88,9,1,0
BRDA:106,10,0,0
BRDA:106,10,1,0
BRDA:124,11,0,0
BRDA:124,11,1,0
BRDA:124,12,0,0
BRDA:124,12,1,0
BRDA:157,13,0,0
BRDA:166,14,0,0
BRDA:190,15,0,0
BRDA:190,15,1,0
BRDA:201,16,0,0
BRDA:201,16,1,0
BRDA:240,17,0,0
BRDA:240,17,1,0
BRDA:273,18,0,0
BRDA:273,18,1,0
BRDA:312,19,0,0
BRDA:312,19,1,0
BRDA:313,20,0,0
BRDA:313,20,1,0
BRDA:330,21,0,0
BRDA:330,21,1,0
BRDA:362,22,0,0
BRDA:362,22,1,0
BRDA:363,23,0,0
BRDA:363,23,1,0
BRDA:380,24,0,0
BRDA:380,24,1,0
BRDA:418,25,0,0
BRF:49
BRH:0
end_of_record
TN:
SF:app\signup\page.tsx
FN:27,(anonymous_2)
FN:34,SignupPage
FN:51,(anonymous_4)
FN:58,(anonymous_5)
FN:69,(anonymous_6)
FN:83,(anonymous_7)
FNF:6
FNH:0
FNDA:0,(anonymous_2)
FNDA:0,SignupPage
FNDA:0,(anonymous_4)
FNDA:0,(anonymous_5)
FNDA:0,(anonymous_6)
FNDA:0,(anonymous_7)
DA:8,0
DA:9,0
DA:10,0
DA:11,0
DA:12,0
DA:13,0
DA:14,0
DA:15,0
DA:16,0
DA:17,0
DA:20,0
DA:27,0
DA:34,0
DA:35,0
DA:36,0
DA:37,0
DA:38,0
DA:39,0
DA:40,0
DA:46,0
DA:51,0
DA:52,0
DA:53,0
DA:54,0
DA:55,0
DA:56,0
DA:58,0
DA:59,0
DA:64,0
DA:69,0
DA:70,0
DA:71,0
DA:72,0
DA:73,0
DA:74,0
DA:78,0
DA:83,0
DA:84,0
DA:85,0
DA:86,0
DA:87,0
DA:88,0
DA:92,0
LF:43
LH:0
BRDA:113,0,0,0
BRDA:136,1,0,0
BRDA:136,1,1,0
BRDA:256,2,0,0
BRDA:256,2,1,0
BRDA:256,2,2,0
BRDA:256,2,3,0
BRDA:282,3,0,0
BRDA:282,3,1,0
BRDA:282,3,2,0
BRDA:282,3,3,0
BRDA:315,4,0,0
BRDA:315,4,1,0
BRDA:315,4,2,0
BRDA:315,4,3,0
BRF:15
BRH:0
end_of_record
TN:
SF:app\terms\page.tsx
FN:13,TermsPage
FNF:1
FNH:0
FNDA:0,TermsPage
DA:8,0
DA:9,0
DA:10,0
DA:11,0
DA:13,0
LF:5
LH:0
BRF:0
BRH:0
end_of_record
TN:
SF:app\tutorials\page.tsx
FN:23,TutorialsPage
FN:130,(anonymous_2)
FN:159,(anonymous_3)
FN:265,(anonymous_4)
FNF:4
FNH:0
FNDA:0,TutorialsPage
FNDA:0,(anonymous_2)
FNDA:0,(anonymous_3)
FNDA:0,(anonymous_4)
DA:8,0
DA:9,0
DA:10,0
DA:20,0
DA:21,0
DA:23,0
DA:24,0
DA:81,0
DA:131,0
DA:132,0
DA:160,0
DA:266,0
LF:12
LH:0
BRDA:139,0,0,0
BRDA:139,0,1,0
BRDA:189,1,0,0
BRDA:189,1,1,0
BRDA:191,2,0,0
BRDA:191,2,1,0
BRF:6
BRH:0
end_of_record
TN:
SF:app\weather-demo\page.tsx
FN:32,WeatherDemoPage
FN:45,(anonymous_2)
FN:75,(anonymous_3)
FN:78,(anonymous_4)
FN:157,(anonymous_5)
FN:168,(anonymous_6)
FNF:6
FNH:0
FNDA:0,WeatherDemoPage
FNDA:0,(anonymous_2)
FNDA:0,(anonymous_3)
FNDA:0,(anonymous_4)
FNDA:0,(anonymous_5)
FNDA:0,(anonymous_6)
DA:8,0
DA:9,0
DA:15,0
DA:16,0
DA:17,0
DA:18,0
DA:19,0
DA:20,0
DA:23,0
DA:32,0
DA:33,0
DA:34,0
DA:35,0
DA:36,0
DA:38,0
DA:45,0
DA:46,0
DA:47,0
DA:51,0
DA:76,0
DA:78,0
DA:157,0
DA:168,0
LF:23
LH:0
BRDA:51,0,0,0
BRDA:51,0,1,0
BRDA:80,1,0,0
BRDA:80,1,1,0
BRDA:101,2,0,0
BRDA:106,3,0,0
BRDA:114,4,0,0
BRDA:124,5,0,0
BRDA:131,6,0,0
BRDA:131,6,1,0
BRDA:135,7,0,0
BRDA:135,7,1,0
BRDA:180,8,0,0
BRDA:180,8,1,0
BRDA:186,9,0,0
BRF:15
BRH:0
end_of_record
TN:
SF:components\CTASection.tsx
FN:30,CTASection
FNF:1
FNH:0
FNDA:0,CTASection
DA:8,0
DA:9,0
DA:10,0
DA:11,0
DA:12,0
DA:13,0
DA:14,0
DA:30,0
LF:8
LH:0
BRDA:31,0,0,0
BRDA:32,1,0,0
BRDA:33,2,0,0
BRDA:37,3,0,0
BRDA:41,4,0,0
BRDA:116,5,0,0
BRDA:130,6,0,0
BRF:7
BRH:0
end_of_record
TN:
SF:components\CourseMap.tsx
FN:28,CourseMap
FN:33,(anonymous_3)
FN:61,(anonymous_4)
FN:71,(anonymous_5)
FN:83,(anonymous_6)
FN:95,(anonymous_7)
FN:96,(anonymous_8)
FN:109,(anonymous_9)
FN:110,(anonymous_10)
FN:123,(anonymous_11)
FN:183,(anonymous_12)
FN:189,(anonymous_13)
FN:190,(anonymous_14)
FNF:13
FNH:0
FNDA:0,CourseMap
FNDA:0,(anonymous_3)
FNDA:0,(anonymous_4)
FNDA:0,(anonymous_5)
FNDA:0,(anonymous_6)
FNDA:0,(anonymous_7)
FNDA:0,(anonymous_8)
FNDA:0,(anonymous_9)
FNDA:0,(anonymous_10)
FNDA:0,(anonymous_11)
FNDA:0,(anonymous_12)
FNDA:0,(anonymous_13)
FNDA:0,(anonymous_14)
DA:9,0
DA:10,0
DA:11,0
DA:15,0
DA:16,0
DA:28,0
DA:29,0
DA:30,0
DA:31,0
DA:33,0
DA:34,0
DA:37,0
DA:38,0
DA:45,0
DA:51,0
DA:58,0
DA:61,0
DA:62,0
DA:63,0
DA:67,0
DA:70,0
DA:71,0
DA:72,0
DA:78,0
DA:82,0
DA:83,0
DA:84,0
DA:90,0
DA:94,0
DA:95,0
DA:96,0
DA:97,0
DA:103,0
DA:108,0
DA:109,0
DA:110,0
DA:111,0
DA:117,0
DA:122,0
DA:123,0
DA:124,0
DA:130,0
DA:133,0
DA:134,0
DA:146,0
DA:155,0
DA:158,0
DA:159,0
DA:168,0
DA:171,0
DA:175,0
DA:179,0
DA:180,0
DA:183,0
DA:189,0
DA:190,0
DA:191,0
DA:192,0
DA:193,0
LF:59
LH:0
BRDA:28,0,0,0
BRDA:34,1,0,0
BRDA:34,1,1,0
BRDA:34,2,0,0
BRDA:34,2,1,0
BRDA:37,3,0,0
BRDA:37,3,1,0
BRDA:62,4,0,0
BRDA:62,4,1,0
BRDA:62,5,0,0
BRDA:62,5,1,0
BRDA:62,5,2,0
BRDA:70,6,0,0
BRDA:70,6,1,0
BRDA:82,7,0,0
BRDA:82,7,1,0
BRDA:94,8,0,0
BRDA:94,8,1,0
BRDA:108,9,0,0
BRDA:108,9,1,0
BRDA:122,10,0,0
BRDA:122,10,1,0
BRDA:158,11,0,0
BRDA:158,11,1,0
BRDA:179,12,0,0
BRDA:179,12,1,0
BRDA:191,13,0,0
BRDA:191,13,1,0
BRDA:203,14,0,0
BRF:29
BRH:0
end_of_record
TN:
SF:components\CourseShowcase.tsx
FN:44,CourseShowcase
FN:90,(anonymous_3)
FNF:2
FNH:0
FNDA:0,CourseShowcase
FNDA:0,(anonymous_3)
DA:8,0
DA:9,0
DA:10,0
DA:11,0
DA:13,0
DA:44,0
DA:91,0
LF:7
LH:0
BRF:0
BRH:0
end_of_record
TN:
SF:components\ErrorBoundary.tsx
FN:17,(anonymous_1)
FN:22,(anonymous_2)
FN:26,(anonymous_3)
FN:34,(anonymous_4)
FN:63,(anonymous_5)
FNF:5
FNH:0
FNDA:0,(anonymous_1)
FNDA:0,(anonymous_2)
FNDA:0,(anonymous_3)
FNDA:0,(anonymous_4)
FNDA:0,(anonymous_5)
DA:3,0
DA:4,0
DA:16,0
DA:18,0
DA:19,0
DA:23,0
DA:27,0
DA:28,0
DA:35,0
DA:36,0
DA:37,0
DA:64,0
DA:65,0
DA:76,0
LF:14
LH:0
BRDA:35,0,0,0
BRDA:35,0,1,0
BRDA:36,1,0,0
BRDA:36,1,1,0
BRF:4
BRH:0
end_of_record
TN:
SF:components\FeatureCard.tsx
FN:23,FeatureCard
FN:130,FeatureGrid
FNF:2
FNH:0
FNDA:0,FeatureCard
FNDA:0,FeatureGrid
DA:10,0
DA:11,0
DA:12,0
DA:23,0
DA:110,0
DA:118,0
DA:130,0
DA:131,0
LF:8
LH:0
BRDA:28,0,0,0
BRDA:90,1,0,0
BRDA:110,2,0,0
BRDA:110,2,1,0
BRDA:130,3,0,0
BRF:5
BRH:0
end_of_record
TN:
SF:components\Footer.tsx
FN:79,Footer
FN:136,(anonymous_3)
FN:148,(anonymous_4)
FN:178,(anonymous_5)
FNF:4
FNH:0
FNDA:0,Footer
FNDA:0,(anonymous_3)
FNDA:0,(anonymous_4)
FNDA:0,(anonymous_5)
DA:8,0
DA:9,0
DA:19,0
DA:32,0
DA:71,0
DA:79,0
DA:80,0
DA:137,0
DA:149,0
DA:179,0
DA:180,0
LF:11
LH:0
BRF:0
BRH:0
end_of_record
TN:
SF:components\GoogleAnalytics.tsx
FN:8,GoogleAnalytics
FN:12,(anonymous_3)
FNF:2
FNH:0
FNDA:0,GoogleAnalytics
FNDA:0,(anonymous_3)
DA:3,0
DA:4,0
DA:5,0
DA:6,0
DA:8,0
DA:9,0
DA:10,0
DA:12,0
DA:13,0
DA:15,0
DA:16,0
DA:19,0
DA:20,0
LF:13
LH:0
BRDA:13,0,0,0
BRDA:13,0,1,0
BRDA:19,1,0,0
BRDA:19,1,1,0
BRF:4
BRH:0
end_of_record
TN:
SF:components\Hero.tsx
FN:25,Hero
FN:43,(anonymous_3)
FN:44,(anonymous_4)
FN:56,(anonymous_5)
FN:59,(anonymous_6)
FNF:5
FNH:0
FNDA:0,Hero
FNDA:0,(anonymous_3)
FNDA:0,(anonymous_4)
FNDA:0,(anonymous_5)
FNDA:0,(anonymous_6)
DA:9,0
DA:10,0
DA:11,0
DA:12,0
DA:13,0
DA:14,0
DA:15,0
DA:16,0
DA:25,0
DA:31,0
DA:32,0
DA:33,0
DA:36,0
DA:37,0
DA:40,0
DA:41,0
DA:43,0
DA:44,0
DA:45,0
DA:47,0
DA:48,0
DA:49,0
DA:51,0
DA:52,0
DA:55,0
DA:56,0
DA:59,0
DA:60,0
DA:61,0
DA:62,0
LF:30
LH:0
BRDA:26,0,0,0
BRDA:27,1,0,0
BRDA:28,2,0,0
BRDA:29,3,0,0
BRDA:45,4,0,0
BRDA:45,4,1,0
BRDA:61,5,0,0
BRDA:61,5,1,0
BRF:8
BRH:0
end_of_record
TN:
SF:components\Navigation.tsx
FN:28,Navigation
FN:35,(anonymous_3)
FN:36,(anonymous_4)
FN:41,(anonymous_5)
FN:45,(anonymous_6)
FN:48,(anonymous_7)
FN:68,(anonymous_8)
FN:72,(anonymous_9)
FN:77,(anonymous_10)
FN:85,(anonymous_11)
FN:89,(anonymous_12)
FN:134,(anonymous_13)
FN:138,(anonymous_14)
FN:173,(anonymous_15)
FN:200,(anonymous_16)
FN:214,(anonymous_17)
FN:223,(anonymous_18)
FNF:17
FNH:0
FNDA:0,Navigation
FNDA:0,(anonymous_3)
FNDA:0,(anonymous_4)
FNDA:0,(anonymous_5)
FNDA:0,(anonymous_6)
FNDA:0,(anonymous_7)
FNDA:0,(anonymous_8)
FNDA:0,(anonymous_9)
FNDA:0,(anonymous_10)
FNDA:0,(anonymous_11)
FNDA:0,(anonymous_12)
FNDA:0,(anonymous_13)
FNDA:0,(anonymous_14)
FNDA:0,(anonymous_15)
FNDA:0,(anonymous_16)
FNDA:0,(anonymous_17)
FNDA:0,(anonymous_18)
DA:9,0
DA:10,0
DA:11,0
DA:12,0
DA:13,0
DA:14,0
DA:15,0
DA:22,0
DA:28,0
DA:29,0
DA:30,0
DA:31,0
DA:32,0
DA:35,0
DA:36,0
DA:37,0
DA:40,0
DA:41,0
DA:45,0
DA:46,0
DA:48,0
DA:49,0
DA:50,0
DA:52,0
DA:53,0
DA:54,0
DA:55,0
DA:56,0
DA:60,0
DA:61,0
DA:67,0
DA:68,0
DA:72,0
DA:73,0
DA:77,0
DA:78,0
DA:79,0
DA:81,0
DA:85,0
DA:86,0
DA:89,0
DA:93,0
DA:94,0
DA:95,0
DA:96,0
DA:97,0
DA:135,0
DA:138,0
DA:173,0
DA:200,0
DA:215,0
DA:224,0
DA:225,0
LF:53
LH:0
BRDA:46,0,0,0
BRDA:46,0,1,0
BRDA:54,1,0,0
BRDA:54,1,1,0
BRDA:56,2,0,0
BRDA:56,2,1,0
BRDA:57,3,0,0
BRDA:57,3,1,0
BRDA:78,4,0,0
BRDA:78,4,1,0
BRDA:93,5,0,0
BRDA:93,5,1,0
BRDA:93,6,0,0
BRDA:93,6,1,0
BRDA:96,7,0,0
BRDA:96,7,1,0
BRDA:109,8,0,0
BRDA:109,8,1,0
BRDA:140,9,0,0
BRDA:140,9,1,0
BRDA:148,10,0,0
BRDA:148,10,1,0
BRDA:180,11,0,0
BRDA:191,12,0,0
BRDA:228,13,0,0
BRDA:228,13,1,0
BRF:26
BRH:0
end_of_record
TN:
SF:components\OptimizedImage.tsx
FN:7,OptimizedImage
FNF:1
FNH:0
FNDA:0,OptimizedImage
DA:1,0
DA:7,0
LF:2
LH:0
BRDA:8,0,0,0
BRDA:17,1,0,0
BRDA:17,1,1,0
BRDA:17,2,0,0
BRDA:17,2,1,0
BRDA:19,3,0,0
BRDA:19,3,1,0
BRDA:20,4,0,0
BRDA:20,4,1,0
BRDA:22,5,0,0
BRDA:22,5,1,0
BRF:11
BRH:0
end_of_record
TN:
SF:components\PricingCard.tsx
FN:34,PricingCard
FN:121,(anonymous_5)
FN:138,(anonymous_6)
FN:139,(anonymous_7)
FN:140,(anonymous_8)
FN:190,PricingToggle
FN:202,(anonymous_10)
FNF:7
FNH:0
FNDA:0,PricingCard
FNDA:0,(anonymous_5)
FNDA:0,(anonymous_6)
FNDA:0,(anonymous_7)
FNDA:0,(anonymous_8)
FNDA:0,PricingToggle
FNDA:0,(anonymous_10)
DA:8,0
DA:9,0
DA:10,0
DA:11,0
DA:12,0
DA:34,0
DA:35,0
DA:37,0
DA:38,0
DA:39,0
DA:122,0
DA:124,0
DA:138,0
DA:139,0
DA:141,0
DA:142,0
DA:190,0
DA:202,0
LF:18
LH:0
BRDA:34,0,0,0
BRDA:37,1,0,0
BRDA:37,1,1,0
BRDA:62,2,0,0
BRDA:62,2,1,0
BRDA:68,3,0,0
BRDA:92,4,0,0
BRDA:92,4,1,0
BRDA:96,5,0,0
BRDA:96,5,1,0
BRDA:111,6,0,0
BRDA:111,6,1,0
BRDA:135,7,0,0
BRDA:143,8,0,0
BRDA:143,8,1,0
BRDA:152,9,0,0
BRDA:173,10,0,0
BRDA:195,11,0,0
BRDA:195,11,1,0
BRDA:204,12,0,0
BRDA:204,12,1,0
BRDA:211,13,0,0
BRDA:211,13,1,0
BRDA:219,14,0,0
BRDA:219,14,1,0
BRF:25
BRH:0
end_of_record
TN:
SF:components\StatsCounter.tsx
FN:23,StatsCounter
FN:26,(anonymous_4)
FN:37,AnimatedStat
FN:50,(anonymous_6)
FN:57,(anonymous_7)
FN:58,(anonymous_8)
FN:62,(anonymous_9)
FN:65,formatNumber
FNF:8
FNH:0
FNDA:0,StatsCounter
FNDA:0,(anonymous_4)
FNDA:0,AnimatedStat
FNDA:0,(anonymous_6)
FNDA:0,(anonymous_7)
FNDA:0,(anonymous_8)
FNDA:0,(anonymous_9)
FNDA:0,formatNumber
DA:9,0
DA:10,0
DA:23,0
DA:27,0
DA:38,0
DA:39,0
DA:40,0
DA:42,0
DA:43,0
DA:48,0
DA:50,0
DA:51,0
DA:52,0
DA:53,0
DA:57,0
DA:58,0
DA:59,0
DA:62,0
DA:66,0
DA:67,0
DA:69,0
DA:70,0
DA:72,0
DA:112,0
LF:24
LH:0
BRDA:51,0,0,0
BRDA:51,0,1,0
BRDA:51,1,0,0
BRDA:51,1,1,0
BRDA:66,2,0,0
BRDA:66,2,1,0
BRDA:69,3,0,0
BRDA:69,3,1,0
BRF:8
BRH:0
end_of_record
TN:
SF:components\TestimonialSlider.tsx
FN:20,TestimonialSlider
FN:31,(anonymous_2)
FN:36,(anonymous_3)
FN:39,(anonymous_4)
FN:43,(anonymous_5)
FN:46,(anonymous_6)
FN:56,(anonymous_7)
FN:64,(anonymous_8)
FN:65,(anonymous_9)
FN:96,(anonymous_10)
FN:104,(anonymous_11)
FN:116,(anonymous_12)
FN:119,(anonymous_13)
FN:139,TestimonialCard
FN:149,(anonymous_15)
FN:168,(anonymous_16)
FNF:16
FNH:0
FNDA:0,TestimonialSlider
FNDA:0,(anonymous_2)
FNDA:0,(anonymous_3)
FNDA:0,(anonymous_4)
FNDA:0,(anonymous_5)
FNDA:0,(anonymous_6)
FNDA:0,(anonymous_7)
FNDA:0,(anonymous_8)
FNDA:0,(anonymous_9)
FNDA:0,(anonymous_10)
FNDA:0,(anonymous_11)
FNDA:0,(anonymous_12)
FNDA:0,(anonymous_13)
FNDA:0,TestimonialCard
FNDA:0,(anonymous_15)
FNDA:0,(anonymous_16)
DA:8,0
DA:9,0
DA:10,0
DA:11,0
DA:12,0
DA:20,0
DA:25,0
DA:26,0
DA:28,0
DA:29,0
DA:31,0
DA:32,0
DA:36,0
DA:37,0
DA:39,0
DA:40,0
DA:43,0
DA:46,0
DA:47,0
DA:49,0
DA:50,0
DA:51,0
DA:52,0
DA:56,0
DA:57,0
DA:58,0
DA:64,0
DA:65,0
DA:96,0
DA:104,0
DA:117,0
DA:119,0
DA:150,0
DA:168,0
LF:34
LH:0
BRDA:21,0,0,0
BRDA:22,1,0,0
BRDA:23,2,0,0
BRDA:37,3,0,0
BRDA:37,3,1,0
BRDA:37,4,0,0
BRDA:37,4,1,0
BRDA:49,5,0,0
BRDA:49,5,1,0
BRDA:51,6,0,0
BRDA:51,6,1,0
BRDA:57,7,0,0
BRDA:57,7,1,0
BRDA:93,8,0,0
BRDA:93,8,1,0
BRDA:114,9,0,0
BRDA:114,9,1,0
BRDA:121,10,0,0
BRDA:121,10,1,0
BRDA:126,11,0,0
BRDA:126,11,1,0
BRF:21
BRH:0
end_of_record
TN:
SF:components\analytics\Analytics.tsx
FN:21,Analytics
FN:25,(anonymous_8)
FN:40,(anonymous_9)
FN:50,(anonymous_10)
FN:60,(anonymous_11)
FN:70,(anonymous_12)
FN:80,(anonymous_13)
FN:91,(anonymous_14)
FN:102,(anonymous_15)
FN:113,(anonymous_16)
FN:125,(anonymous_17)
FN:137,ScrollDepthTracker
FN:138,(anonymous_19)
FN:142,(anonymous_20)
FN:147,(anonymous_21)
FN:156,(anonymous_22)
FN:163,trackFormEvent
FN:175,trackABTest
FN:187,trackPerformance
FNF:19
FNH:0
FNDA:0,Analytics
FNDA:0,(anonymous_8)
FNDA:0,(anonymous_9)
FNDA:0,(anonymous_10)
FNDA:0,(anonymous_11)
FNDA:0,(anonymous_12)
FNDA:0,(anonymous_13)
FNDA:0,(anonymous_14)
FNDA:0,(anonymous_15)
FNDA:0,(anonymous_16)
FNDA:0,(anonymous_17)
FNDA:0,ScrollDepthTracker
FNDA:0,(anonymous_19)
FNDA:0,(anonymous_20)
FNDA:0,(anonymous_21)
FNDA:0,(anonymous_22)
FNDA:0,trackFormEvent
FNDA:0,trackABTest
FNDA:0,trackPerformance
DA:8,0
DA:9,0
DA:21,0
DA:22,0
DA:23,0
DA:25,0
DA:27,0
DA:28,0
DA:34,0
DA:38,0
DA:41,0
DA:42,0
DA:51,0
DA:52,0
DA:61,0
DA:62,0
DA:71,0
DA:72,0
DA:81,0
DA:82,0
DA:92,0
DA:93,0
DA:103,0
DA:104,0
DA:114,0
DA:115,0
DA:126,0
DA:127,0
DA:137,0
DA:138,0
DA:139,0
DA:140,0
DA:142,0
DA:143,0
DA:147,0
DA:148,0
DA:149,0
DA:150,0
DA:155,0
DA:156,0
DA:159,0
DA:163,0
DA:164,0
DA:165,0
DA:175,0
DA:176,0
DA:177,0
DA:187,0
DA:188,0
DA:189,0
LF:50
LH:0
BRDA:27,0,0,0
BRDA:27,0,1,0
BRDA:27,1,0,0
BRDA:27,1,1,0
BRDA:28,2,0,0
BRDA:28,2,1,0
BRDA:29,3,0,0
BRDA:29,3,1,0
BRDA:41,4,0,0
BRDA:41,4,1,0
BRDA:41,5,0,0
BRDA:41,5,1,0
BRDA:51,6,0,0
BRDA:51,6,1,0
BRDA:51,7,0,0
BRDA:51,7,1,0
BRDA:61,8,0,0
BRDA:61,8,1,0
BRDA:61,9,0,0
BRDA:61,9,1,0
BRDA:71,10,0,0
BRDA:71,10,1,0
BRDA:71,11,0,0
BRDA:71,11,1,0
BRDA:81,12,0,0
BRDA:81,12,1,0
BRDA:81,13,0,0
BRDA:81,13,1,0
BRDA:92,14,0,0
BRDA:92,14,1,0
BRDA:92,15,0,0
BRDA:92,15,1,0
BRDA:103,16,0,0
BRDA:103,16,1,0
BRDA:103,17,0,0
BRDA:103,17,1,0
BRDA:114,18,0,0
BRDA:114,18,1,0
BRDA:114,19,0,0
BRDA:114,19,1,0
BRDA:126,20,0,0
BRDA:126,20,1,0
BRDA:126,21,0,0
BRDA:126,21,1,0
BRDA:148,22,0,0
BRDA:148,22,1,0
BRDA:148,23,0,0
BRDA:148,23,1,0
BRDA:164,24,0,0
BRDA:164,24,1,0
BRDA:164,25,0,0
BRDA:164,25,1,0
BRDA:176,26,0,0
BRDA:176,26,1,0
BRDA:176,27,0,0
BRDA:176,27,1,0
BRDA:188,28,0,0
BRDA:188,28,1,0
BRDA:188,29,0,0
BRDA:188,29,1,0
BRF:60
BRH:0
end_of_record
TN:
SF:components\auth\ProtectedRoute.tsx
FN:18,ProtectedRoute
FN:22,(anonymous_2)
FNF:2
FNH:0
FNDA:0,ProtectedRoute
FNDA:0,(anonymous_2)
DA:9,0
DA:10,0
DA:11,0
DA:18,0
DA:19,0
DA:20,0
DA:22,0
DA:23,0
DA:25,0
DA:26,0
DA:27,0
DA:31,0
DA:32,0
DA:33,0
DA:39,0
DA:51,0
DA:52,0
DA:56,0
DA:57,0
LF:19
LH:0
BRDA:18,0,0,0
BRDA:23,1,0,0
BRDA:23,1,1,0
BRDA:25,2,0,0
BRDA:25,2,1,0
BRDA:31,3,0,0
BRDA:31,3,1,0
BRDA:31,4,0,0
BRDA:31,4,1,0
BRDA:31,4,2,0
BRDA:39,5,0,0
BRDA:39,5,1,0
BRDA:51,6,0,0
BRDA:51,6,1,0
BRDA:56,7,0,0
BRDA:56,7,1,0
BRDA:56,8,0,0
BRDA:56,8,1,0
BRDA:56,8,2,0
BRF:19
BRH:0
end_of_record
TN:
SF:components\download\DownloadButton.tsx
FN:20,DownloadButton
FN:31,(anonymous_5)
FN:84,(anonymous_6)
FN:107,(anonymous_7)
FN:118,detectPlatform
FNF:5
FNH:0
FNDA:0,DownloadButton
FNDA:0,(anonymous_5)
FNDA:0,(anonymous_6)
FNDA:0,(anonymous_7)
FNDA:0,detectPlatform
DA:3,0
DA:4,0
DA:5,0
DA:6,0
DA:15,0
DA:20,0
DA:26,0
DA:27,0
DA:29,0
DA:31,0
DA:32,0
DA:33,0
DA:44,0
DA:84,0
DA:107,0
DA:118,0
DA:119,0
DA:121,0
DA:122,0
DA:123,0
DA:124,0
LF:21
LH:0
BRDA:22,0,0,0
BRDA:23,1,0,0
BRDA:24,2,0,0
BRDA:32,3,0,0
BRDA:32,3,1,0
BRDA:58,4,0,0
BRDA:58,4,1,0
BRDA:66,5,0,0
BRDA:74,6,0,0
BRDA:74,6,1,0
BRDA:77,7,0,0
BRDA:77,7,1,0
BRDA:82,8,0,0
BRDA:92,9,0,0
BRDA:92,9,1,0
BRDA:102,10,0,0
BRDA:102,10,1,0
BRDA:119,11,0,0
BRDA:119,11,1,0
BRDA:122,12,0,0
BRDA:122,12,1,0
BRDA:123,13,0,0
BRDA:123,13,1,0
BRF:23
BRH:0
end_of_record
TN:
SF:components\download\ScreenshotCarousel.tsx
FN:65,ScreenshotCarousel
FN:70,(anonymous_2)
FN:79,(anonymous_3)
FN:87,(anonymous_4)
FN:91,(anonymous_5)
FN:93,(anonymous_6)
FN:102,(anonymous_7)
FN:103,(anonymous_8)
FN:107,(anonymous_9)
FN:129,(anonymous_10)
FN:179,(anonymous_11)
FN:186,(anonymous_12)
FN:196,(anonymous_13)
FN:199,(anonymous_14)
FN:227,(anonymous_15)
FN:230,(anonymous_16)
FNF:16
FNH:0
FNDA:0,ScreenshotCarousel
FNDA:0,(anonymous_2)
FNDA:0,(anonymous_3)
FNDA:0,(anonymous_4)
FNDA:0,(anonymous_5)
FNDA:0,(anonymous_6)
FNDA:0,(anonymous_7)
FNDA:0,(anonymous_8)
FNDA:0,(anonymous_9)
FNDA:0,(anonymous_10)
FNDA:0,(anonymous_11)
FNDA:0,(anonymous_12)
FNDA:0,(anonymous_13)
FNDA:0,(anonymous_14)
FNDA:0,(anonymous_15)
FNDA:0,(anonymous_16)
DA:3,0
DA:4,0
DA:5,0
DA:14,0
DA:65,0
DA:66,0
DA:67,0
DA:69,0
DA:70,0
DA:79,0
DA:86,0
DA:87,0
DA:88,0
DA:91,0
DA:92,0
DA:93,0
DA:94,0
DA:95,0
DA:96,0
DA:97,0
DA:102,0
DA:103,0
DA:104,0
DA:107,0
DA:130,0
DA:132,0
DA:133,0
DA:134,0
DA:135,0
DA:179,0
DA:186,0
DA:197,0
DA:200,0
DA:201,0
DA:228,0
DA:231,0
DA:232,0
LF:37
LH:0
BRDA:71,0,0,0
BRDA:71,0,1,0
BRDA:81,1,0,0
BRDA:81,1,1,0
BRDA:95,2,0,0
BRDA:95,2,1,0
BRDA:96,3,0,0
BRDA:96,3,1,0
BRDA:132,4,0,0
BRDA:132,4,1,0
BRDA:134,5,0,0
BRDA:134,5,1,0
BRDA:200,6,0,0
BRDA:200,6,1,0
BRDA:206,7,0,0
BRDA:206,7,1,0
BRDA:231,8,0,0
BRDA:231,8,1,0
BRDA:237,9,0,0
BRDA:237,9,1,0
BRF:20
BRH:0
end_of_record
TN:
SF:components\gamification\BadgeSystem.tsx
FN:76,BadgeSystem
FN:87,(anonymous_4)
FN:141,ReferralProgram
FN:146,(anonymous_6)
FN:152,(anonymous_7)
FN:224,(anonymous_8)
FN:233,(anonymous_9)
FN:242,(anonymous_10)
FN:252,(anonymous_11)
FNF:9
FNH:0
FNDA:0,BadgeSystem
FNDA:0,(anonymous_4)
FNDA:0,ReferralProgram
FNDA:0,(anonymous_6)
FNDA:0,(anonymous_7)
FNDA:0,(anonymous_8)
FNDA:0,(anonymous_9)
FNDA:0,(anonymous_10)
FNDA:0,(anonymous_11)
DA:8,0
DA:9,0
DA:21,0
DA:76,0
DA:88,0
DA:141,0
DA:142,0
DA:143,0
DA:144,0
DA:146,0
DA:147,0
DA:149,0
DA:152,0
DA:153,0
DA:154,0
DA:156,0
DA:163,0
DA:224,0
DA:233,0
DA:242,0
DA:252,0
LF:21
LH:0
BRDA:90,0,0,0
BRDA:90,0,1,0
BRDA:92,1,0,0
BRDA:92,1,1,0
BRDA:95,2,0,0
BRDA:95,2,1,0
BRDA:103,3,0,0
BRDA:114,4,0,0
BRDA:113,5,0,0
BRDA:113,5,1,0
BRDA:198,6,0,0
BRDA:198,6,1,0
BRF:12
BRH:0
end_of_record
TN:
SF:components\landing\ComparisonCalculator.tsx
FN:11,ComparisonCalculator
FN:16,(anonymous_2)
FN:57,(anonymous_3)
FN:72,(anonymous_4)
FN:75,(anonymous_5)
FNF:5
FNH:0
FNDA:0,ComparisonCalculator
FNDA:0,(anonymous_2)
FNDA:0,(anonymous_3)
FNDA:0,(anonymous_4)
FNDA:0,(anonymous_5)
DA:8,0
DA:9,0
DA:11,0
DA:12,0
DA:13,0
DA:16,0
DA:18,0
DA:19,0
DA:20,0
DA:21,0
DA:22,0
DA:25,0
DA:26,0
DA:27,0
DA:28,0
DA:29,0
DA:57,0
DA:73,0
DA:75,0
LF:19
LH:0
BRDA:18,0,0,0
BRDA:18,0,1,0
BRDA:19,1,0,0
BRDA:19,1,1,0
BRDA:20,2,0,0
BRDA:20,2,1,0
BRDA:21,3,0,0
BRDA:21,3,1,0
BRDA:77,4,0,0
BRDA:77,4,1,0
BRF:10
BRH:0
end_of_record
TN:
SF:components\landing\ExitIntentPopup.tsx
FN:12,ExitIntentPopup
FN:18,(anonymous_3)
FN:19,(anonymous_4)
FN:28,(anonymous_5)
FN:37,(anonymous_6)
FN:43,(anonymous_7)
FN:50,(anonymous_8)
FN:55,(anonymous_9)
FN:148,(anonymous_10)
FNF:9
FNH:0
FNDA:0,ExitIntentPopup
FNDA:0,(anonymous_3)
FNDA:0,(anonymous_4)
FNDA:0,(anonymous_5)
FNDA:0,(anonymous_6)
FNDA:0,(anonymous_7)
FNDA:0,(anonymous_8)
FNDA:0,(anonymous_9)
FNDA:0,(anonymous_10)
DA:8,0
DA:9,0
DA:10,0
DA:12,0
DA:13,0
DA:14,0
DA:15,0
DA:16,0
DA:18,0
DA:19,0
DA:21,0
DA:22,0
DA:23,0
DA:28,0
DA:29,0
DA:30,0
DA:31,0
DA:35,0
DA:37,0
DA:38,0
DA:39,0
DA:43,0
DA:44,0
DA:46,0
DA:47,0
DA:50,0
DA:51,0
DA:55,0
DA:56,0
DA:59,0
DA:148,0
LF:31
LH:0
BRDA:21,0,0,0
BRDA:21,0,1,0
BRDA:21,1,0,0
BRDA:21,1,1,0
BRDA:21,1,2,0
BRDA:29,2,0,0
BRDA:29,2,1,0
BRDA:29,3,0,0
BRDA:29,3,1,0
BRDA:59,4,0,0
BRDA:59,4,1,0
BRDA:82,5,0,0
BRF:12
BRH:0
end_of_record
TN:
SF:components\landing\InteractiveDemo.tsx
FN:24,InteractiveDemo
FN:33,(anonymous_2)
FN:52,(anonymous_3)
FN:84,(anonymous_4)
FN:106,(anonymous_5)
FN:130,(anonymous_6)
FNF:6
FNH:0
FNDA:0,InteractiveDemo
FNDA:0,(anonymous_2)
FNDA:0,(anonymous_3)
FNDA:0,(anonymous_4)
FNDA:0,(anonymous_5)
FNDA:0,(anonymous_6)
DA:8,0
DA:9,0
DA:10,0
DA:24,0
DA:25,0
DA:30,0
DA:33,0
DA:34,0
DA:37,0
DA:40,0
DA:43,0
DA:44,0
DA:45,0
DA:46,0
DA:47,0
DA:48,0
DA:49,0
DA:52,0
DA:53,0
DA:56,0
DA:84,0
DA:106,0
DA:130,0
LF:23
LH:0
BRDA:43,0,0,0
BRDA:43,0,1,0
BRDA:44,1,0,0
BRDA:44,1,1,0
BRDA:45,2,0,0
BRDA:45,2,1,0
BRDA:46,3,0,0
BRDA:46,3,1,0
BRDA:47,4,0,0
BRDA:47,4,1,0
BRDA:48,5,0,0
BRDA:48,5,1,0
BRDA:56,6,0,0
BRDA:56,6,1,0
BRDA:112,7,0,0
BRDA:112,7,1,0
BRDA:136,8,0,0
BRDA:136,8,1,0
BRDA:151,9,0,0
BRDA:175,10,0,0
BRDA:175,10,1,0
BRDA:176,11,0,0
BRDA:176,11,1,0
BRF:23
BRH:0
end_of_record
TN:
SF:components\landing\MobileStickyCTA.tsx
FN:11,MobileStickyCTA
FN:14,(anonymous_3)
FN:15,(anonymous_4)
FN:21,(anonymous_5)
FNF:4
FNH:0
FNDA:0,MobileStickyCTA
FNDA:0,(anonymous_3)
FNDA:0,(anonymous_4)
FNDA:0,(anonymous_5)
DA:8,0
DA:9,0
DA:11,0
DA:12,0
DA:14,0
DA:15,0
DA:17,0
DA:20,0
DA:21,0
DA:24,0
LF:10
LH:0
BRDA:24,0,0,0
BRDA:24,0,1,0
BRF:2
BRH:0
end_of_record
TN:
SF:components\landing\Testimonials.tsx
FN:63,Testimonials
FN:77,(anonymous_2)
FN:87,(anonymous_3)
FNF:3
FNH:0
FNDA:0,Testimonials
FNDA:0,(anonymous_2)
FNDA:0,(anonymous_3)
DA:8,0
DA:18,0
DA:63,0
DA:78,0
DA:88,0
LF:5
LH:0
BRF:0
BRH:0
end_of_record
TN:
SF:components\redesign\FeatureCard.tsx
FN:22,FeatureCard
FN:95,FeatureGrid
FNF:2
FNH:0
FNDA:0,FeatureCard
FNDA:0,FeatureGrid
DA:9,0
DA:10,0
DA:11,0
DA:12,0
DA:22,0
DA:95,0
LF:6
LH:0
BRDA:27,0,0,0
BRDA:71,1,0,0
BRF:2
BRH:0
end_of_record
TN:
SF:components\redesign\SocialProofSection.tsx
FN:47,SocialProofSection
FN:52,(anonymous_2)
FN:55,(anonymous_3)
FN:56,(anonymous_4)
FN:59,(anonymous_5)
FN:62,(anonymous_6)
FN:64,(anonymous_7)
FN:67,(anonymous_8)
FN:69,(anonymous_9)
FN:72,(anonymous_10)
FN:110,(anonymous_11)
FN:146,(anonymous_12)
FN:149,(anonymous_13)
FN:176,(anonymous_14)
FN:179,(anonymous_15)
FNF:15
FNH:0
FNDA:0,SocialProofSection
FNDA:0,(anonymous_2)
FNDA:0,(anonymous_3)
FNDA:0,(anonymous_4)
FNDA:0,(anonymous_5)
FNDA:0,(anonymous_6)
FNDA:0,(anonymous_7)
FNDA:0,(anonymous_8)
FNDA:0,(anonymous_9)
FNDA:0,(anonymous_10)
FNDA:0,(anonymous_11)
FNDA:0,(anonymous_12)
FNDA:0,(anonymous_13)
FNDA:0,(anonymous_14)
FNDA:0,(anonymous_15)
DA:9,0
DA:10,0
DA:11,0
DA:12,0
DA:13,0
DA:14,0
DA:15,0
DA:17,0
DA:47,0
DA:48,0
DA:49,0
DA:52,0
DA:53,0
DA:55,0
DA:56,0
DA:59,0
DA:62,0
DA:63,0
DA:64,0
DA:67,0
DA:68,0
DA:69,0
DA:72,0
DA:75,0
DA:111,0
DA:147,0
DA:150,0
DA:151,0
DA:177,0
DA:180,0
DA:181,0
LF:31
LH:0
BRDA:53,0,0,0
BRDA:53,0,1,0
BRDA:154,1,0,0
BRDA:154,1,1,0
BRDA:184,2,0,0
BRDA:184,2,1,0
BRF:6
BRH:0
end_of_record
TN:
SF:components\redesign\StatCounter.tsx
FN:22,StatCounter
FN:35,(anonymous_2)
FN:41,(anonymous_3)
FN:56,(anonymous_4)
FN:60,(anonymous_5)
FNF:5
FNH:0
FNDA:0,StatCounter
FNDA:0,(anonymous_2)
FNDA:0,(anonymous_3)
FNDA:0,(anonymous_4)
FNDA:0,(anonymous_5)
DA:9,0
DA:10,0
DA:11,0
DA:22,0
DA:30,0
DA:31,0
DA:32,0
DA:33,0
DA:35,0
DA:36,0
DA:37,0
DA:39,0
DA:41,0
DA:42,0
DA:44,0
DA:46,0
DA:47,0
DA:48,0
DA:50,0
DA:51,0
DA:52,0
DA:56,0
DA:60,0
DA:61,0
LF:24
LH:0
BRDA:24,0,0,0
BRDA:26,1,0,0
BRDA:27,2,0,0
BRDA:28,3,0,0
BRDA:36,4,0,0
BRDA:36,4,1,0
BRDA:36,5,0,0
BRDA:36,5,1,0
BRDA:44,6,0,0
BRDA:44,6,1,0
BRDA:46,7,0,0
BRDA:46,7,1,0
BRDA:69,8,0,0
BRDA:69,8,1,0
BRDA:76,9,0,0
BRF:15
BRH:0
end_of_record
TN:
SF:components\redesign\TestimonialCard.tsx
FN:25,TestimonialCard
FN:94,(anonymous_3)
FNF:2
FNH:0
FNDA:0,TestimonialCard
FNDA:0,(anonymous_3)
DA:9,0
DA:10,0
DA:11,0
DA:12,0
DA:25,0
DA:95,0
LF:6
LH:0
BRDA:31,0,0,0
BRDA:32,1,0,0
BRDA:33,2,0,0
BRDA:51,3,0,0
BRDA:67,4,0,0
BRDA:98,5,0,0
BRDA:98,5,1,0
BRDA:107,6,0,0
BRF:8
BRH:0
end_of_record
TN:
SF:components\redesign\TrustBadge.tsx
FN:20,TrustBadge
FNF:1
FNH:0
FNDA:0,TrustBadge
DA:9,0
DA:11,0
DA:20,0
LF:3
LH:0
BRDA:24,0,0,0
BRDA:42,1,0,0
BRF:2
BRH:0
end_of_record
TN:
SF:components\ui\Button.tsx
FN:18,Button
FNF:1
FNH:1
FNDA:23,Button
DA:7,1
DA:18,23
DA:30,23
DA:32,23
DA:46,23
LF:5
LH:5
BRDA:20,0,0,18
BRDA:21,1,0,19
BRDA:22,2,0,22
BRDA:23,3,0,20
BRDA:58,4,0,23
BRDA:58,4,1,1
BRDA:61,5,0,23
BRDA:61,5,1,20
BRDA:64,6,0,23
BRDA:86,7,0,23
BRDA:86,7,1,20
BRF:11
BRH:11
end_of_record
TN:
SF:components\ui\Card.tsx
FN:15,Card
FN:56,CardHeader
FN:80,CardContent
FN:96,CardFooter
FNF:4
FNH:4
FNDA:11,Card
FNDA:6,CardHeader
FNDA:4,CardContent
FNDA:4,CardFooter
DA:7,1
DA:15,11
DA:22,11
DA:28,11
DA:56,6
DA:80,4
DA:96,4
LF:7
LH:7
BRDA:17,0,0,9
BRDA:18,1,0,7
BRDA:65,2,0,6
BRDA:68,3,0,6
BRF:4
BRH:4
end_of_record
TN:
SF:components\ui\Icon.tsx
FN:71,Icon
FN:103,IconWithBackground
FN:152,IconWithGradient
FN:197,AnimatedIcon
FNF:4
FNH:0
FNDA:0,Icon
FNDA:0,IconWithBackground
FNDA:0,IconWithGradient
FNDA:0,AnimatedIcon
DA:7,0
DA:28,0
DA:40,0
DA:52,0
DA:71,0
DA:103,0
DA:112,0
DA:120,0
DA:152,0
DA:160,0
DA:197,0
DA:202,0
DA:220,0
LF:13
LH:0
BRDA:73,0,0,0
BRDA:74,1,0,0
BRDA:85,2,0,0
BRDA:85,2,1,0
BRDA:105,3,0,0
BRDA:106,4,0,0
BRDA:107,5,0,0
BRDA:108,6,0,0
BRDA:133,7,0,0
BRDA:133,7,1,0
BRDA:154,8,0,0
BRDA:155,9,0,0
BRDA:156,10,0,0
BRDA:174,11,0,0
BRDA:174,11,1,0
BRDA:198,12,0,0
BRF:16
BRH:0
end_of_record
TN:
SF:components\ui\Input.tsx
FN:18,(anonymous_1)
FNF:1
FNH:1
FNDA:26,(anonymous_1)
DA:6,1
DA:7,1
DA:17,26
DA:31,26
DA:98,1
LF:5
LH:5
BRDA:24,0,0,25
BRDA:31,1,0,26
BRDA:31,1,1,25
BRDA:31,1,2,23
BRDA:34,2,0,26
BRDA:34,2,1,1
BRDA:35,3,0,26
BRDA:45,4,0,26
BRDA:63,5,0,26
BRDA:63,5,1,4
BRDA:65,6,0,26
BRDA:65,6,1,2
BRDA:73,7,0,26
BRDA:90,8,0,26
BRDA:90,8,1,22
BRF:15
BRH:15
end_of_record
TN:
SF:components\ui\PWAInstallPrompt.tsx
FN:28,PWAInstallPrompt
FN:36,(anonymous_4)
FN:46,(anonymous_5)
FN:48,(anonymous_6)
FN:54,(anonymous_7)
FN:67,(anonymous_8)
FN:73,(anonymous_9)
FN:80,(anonymous_10)
FN:87,(anonymous_11)
FN:170,PWAInstallBanner
FN:173,(anonymous_13)
FN:178,(anonymous_14)
FN:181,(anonymous_15)
FN:186,(anonymous_16)
FN:190,(anonymous_17)
FN:195,(anonymous_18)
FNF:16
FNH:0
FNDA:0,PWAInstallPrompt
FNDA:0,(anonymous_4)
FNDA:0,(anonymous_5)
FNDA:0,(anonymous_6)
FNDA:0,(anonymous_7)
FNDA:0,(anonymous_8)
FNDA:0,(anonymous_9)
FNDA:0,(anonymous_10)
FNDA:0,(anonymous_11)
FNDA:0,PWAInstallBanner
FNDA:0,(anonymous_13)
FNDA:0,(anonymous_14)
FNDA:0,(anonymous_15)
FNDA:0,(anonymous_16)
FNDA:0,(anonymous_17)
FNDA:0,(anonymous_18)
DA:8,0
DA:9,0
DA:10,0
DA:16,0
DA:17,0
DA:28,0
DA:33,0
DA:34,0
DA:36,0
DA:38,0
DA:39,0
DA:43,0
DA:46,0
DA:47,0
DA:48,0
DA:49,0
DA:54,0
DA:55,0
DA:56,0
DA:59,0
DA:60,0
DA:63,0
DA:64,0
DA:67,0
DA:68,0
DA:69,0
DA:73,0
DA:74,0
DA:75,0
DA:76,0
DA:80,0
DA:81,0
DA:83,0
DA:87,0
DA:88,0
DA:89,0
DA:90,0
DA:91,0
DA:92,0
DA:93,0
DA:98,0
DA:170,0
DA:171,0
DA:173,0
DA:174,0
DA:176,0
DA:178,0
DA:179,0
DA:180,0
DA:181,0
DA:185,0
DA:186,0
DA:187,0
DA:190,0
DA:191,0
DA:192,0
DA:195,0
DA:196,0
DA:197,0
LF:59
LH:0
BRDA:29,0,0,0
BRDA:30,1,0,0
BRDA:31,2,0,0
BRDA:38,3,0,0
BRDA:38,3,1,0
BRDA:63,4,0,0
BRDA:63,4,1,0
BRDA:75,5,0,0
BRDA:75,5,1,0
BRDA:75,6,0,0
BRDA:75,6,1,0
BRDA:89,7,0,0
BRDA:89,7,1,0
BRDA:92,8,0,0
BRDA:92,8,1,0
BRDA:98,9,0,0
BRDA:98,9,1,0
BRDA:102,10,0,0
BRDA:104,11,0,0
BRDA:104,11,1,0
BRDA:106,12,0,0
BRDA:106,12,1,0
BRDA:109,13,0,0
BRDA:109,13,1,0
BRDA:174,14,0,0
BRDA:174,14,1,0
BRDA:180,15,0,0
BRDA:180,15,1,0
BRDA:202,16,0,0
BRF:29
BRH:0
end_of_record
TN:
SF:components\ui\ShareButton.tsx
FN:25,ShareButton
FN:39,(anonymous_4)
FN:66,(anonymous_5)
FN:71,(anonymous_6)
FN:107,ShareIconButton
FNF:5
FNH:0
FNDA:0,ShareButton
FNDA:0,(anonymous_4)
FNDA:0,(anonymous_5)
FNDA:0,(anonymous_6)
FNDA:0,ShareIconButton
DA:8,0
DA:9,0
DA:10,0
DA:11,0
DA:25,0
DA:36,0
DA:37,0
DA:39,0
DA:40,0
DA:47,0
DA:48,0
DA:49,0
DA:50,0
DA:51,0
DA:52,0
DA:55,0
DA:56,0
DA:58,0
DA:62,0
DA:66,0
DA:67,0
DA:68,0
DA:69,0
DA:70,0
DA:71,0
DA:72,0
DA:74,0
DA:107,0
LF:28
LH:0
BRDA:26,0,0,0
BRDA:27,1,0,0
BRDA:29,2,0,0
BRDA:30,3,0,0
BRDA:31,4,0,0
BRDA:37,5,0,0
BRDA:37,5,1,0
BRDA:37,6,0,0
BRDA:37,6,1,0
BRDA:47,7,0,0
BRDA:47,7,1,0
BRDA:50,8,0,0
BRDA:50,8,1,0
BRDA:68,9,0,0
BRDA:68,9,1,0
BRDA:86,10,0,0
BRDA:88,11,0,0
BRDA:94,12,0,0
BRDA:94,12,1,0
BRDA:95,13,0,0
BRDA:95,13,1,0
BRDA:97,14,0,0
BRDA:97,14,1,0
BRF:23
BRH:0
end_of_record
TN:
SF:components\ui\ThemeToggle.tsx
FN:10,ThemeToggle
FNF:1
FNH:0
FNDA:0,ThemeToggle
DA:8,0
DA:10,0
DA:11,0
LF:3
LH:0
BRDA:21,0,0,0
BRF:1
BRH:0
end_of_record
TN:
SF:components\weather\WeatherCard.tsx
FN:14,WeatherCard
FN:20,(anonymous_2)
FNF:2
FNH:0
FNDA:0,WeatherCard
FNDA:0,(anonymous_2)
DA:4,0
DA:5,0
DA:14,0
DA:20,0
DA:22,0
DA:23,0
DA:24,0
DA:25,0
DA:26,0
DA:27,0
DA:28,0
DA:29,0
LF:12
LH:0
BRDA:16,0,0,0
BRDA:17,1,0,0
BRDA:18,2,0,0
BRDA:22,3,0,0
BRDA:22,3,1,0
BRDA:23,4,0,0
BRDA:23,4,1,0
BRDA:24,5,0,0
BRDA:24,5,1,0
BRDA:24,6,0,0
BRDA:24,6,1,0
BRDA:25,7,0,0
BRDA:25,7,1,0
BRDA:25,8,0,0
BRDA:25,8,1,0
BRDA:26,9,0,0
BRDA:26,9,1,0
BRDA:27,10,0,0
BRDA:27,10,1,0
BRDA:28,11,0,0
BRDA:28,11,1,0
BRDA:47,12,0,0
BRDA:47,12,1,0
BRDA:49,13,0,0
BRDA:49,13,1,0
BRDA:50,14,0,0
BRDA:50,14,1,0
BRF:27
BRH:0
end_of_record
TN:
SF:components\weather\WeatherForecast.tsx
FN:15,WeatherForecast
FN:27,(anonymous_2)
FN:28,fetchForecast
FN:51,(anonymous_4)
FN:62,(anonymous_5)
FN:72,(anonymous_6)
FN:103,(anonymous_7)
FN:113,(anonymous_8)
FN:129,(anonymous_9)
FN:175,(anonymous_10)
FNF:10
FNH:0
FNDA:0,WeatherForecast
FNDA:0,(anonymous_2)
FNDA:0,fetchForecast
FNDA:0,(anonymous_4)
FNDA:0,(anonymous_5)
FNDA:0,(anonymous_6)
FNDA:0,(anonymous_7)
FNDA:0,(anonymous_8)
FNDA:0,(anonymous_9)
FNDA:0,(anonymous_10)
DA:3,0
DA:5,0
DA:6,0
DA:15,0
DA:21,0
DA:22,0
DA:23,0
DA:24,0
DA:25,0
DA:27,0
DA:29,0
DA:30,0
DA:31,0
DA:33,0
DA:34,0
DA:36,0
DA:37,0
DA:38,0
DA:41,0
DA:42,0
DA:44,0
DA:48,0
DA:51,0
DA:52,0
DA:53,0
DA:54,0
DA:55,0
DA:56,0
DA:57,0
DA:58,0
DA:59,0
DA:62,0
DA:63,0
DA:64,0
DA:65,0
DA:67,0
DA:68,0
DA:69,0
DA:72,0
DA:73,0
DA:76,0
DA:86,0
DA:103,0
DA:113,0
DA:130,0
DA:176,0
LF:46
LH:0
BRDA:17,0,0,0
BRDA:18,1,0,0
BRDA:19,2,0,0
BRDA:36,3,0,0
BRDA:36,3,1,0
BRDA:52,4,0,0
BRDA:52,4,1,0
BRDA:53,5,0,0
BRDA:53,5,1,0
BRDA:54,6,0,0
BRDA:54,6,1,0
BRDA:54,7,0,0
BRDA:54,7,1,0
BRDA:55,8,0,0
BRDA:55,8,1,0
BRDA:55,9,0,0
BRDA:55,9,1,0
BRDA:56,10,0,0
BRDA:56,10,1,0
BRDA:57,11,0,0
BRDA:57,11,1,0
BRDA:58,12,0,0
BRDA:58,12,1,0
BRDA:67,13,0,0
BRDA:67,13,1,0
BRDA:68,14,0,0
BRDA:68,14,1,0
BRDA:76,15,0,0
BRDA:76,15,1,0
BRDA:86,16,0,0
BRDA:86,16,1,0
BRDA:100,17,0,0
BRDA:105,18,0,0
BRDA:105,18,1,0
BRDA:115,19,0,0
BRDA:115,19,1,0
BRDA:126,20,0,0
BRDA:171,21,0,0
BRF:38
BRH:0
end_of_record
TN:
SF:components\weather\WeatherImpactDisplay.tsx
FN:12,WeatherImpactDisplay
FN:17,(anonymous_2)
FN:22,(anonymous_3)
FN:123,(anonymous_4)
FNF:4
FNH:0
FNDA:0,WeatherImpactDisplay
FNDA:0,(anonymous_2)
FNDA:0,(anonymous_3)
FNDA:0,(anonymous_4)
DA:4,0
DA:12,0
DA:17,0
DA:18,0
DA:19,0
DA:22,0
DA:23,0
DA:24,0
DA:27,0
DA:124,0
LF:10
LH:0
BRDA:15,0,0,0
BRDA:18,1,0,0
BRDA:18,1,1,0
BRDA:19,2,0,0
BRDA:19,2,1,0
BRDA:23,3,0,0
BRDA:23,3,1,0
BRDA:24,4,0,0
BRDA:24,4,1,0
BRDA:27,5,0,0
BRDA:27,5,1,0
BRDA:34,6,0,0
BRDA:44,7,0,0
BRDA:57,8,0,0
BRDA:70,9,0,0
BRDA:83,10,0,0
BRDA:101,11,0,0
BRDA:111,12,0,0
BRDA:119,13,0,0
BRF:19
BRH:0
end_of_record
TN:
SF:components\weather\WindIndicator.tsx
FN:14,WindIndicator
FN:25,(anonymous_2)
FNF:2
FNH:0
FNDA:0,WindIndicator
FNDA:0,(anonymous_2)
DA:3,0
DA:4,0
DA:14,0
DA:21,0
DA:22,0
DA:25,0
DA:26,0
DA:27,0
DA:28,0
DA:29,0
DA:30,0
DA:31,0
DA:34,0
DA:37,0
DA:38,0
DA:39,0
DA:40,0
DA:41,0
DA:43,0
DA:44,0
DA:45,0
DA:46,0
DA:48,0
LF:23
LH:0
BRDA:19,0,0,0
BRDA:26,1,0,0
BRDA:26,1,1,0
BRDA:27,2,0,0
BRDA:27,2,1,0
BRDA:28,3,0,0
BRDA:28,3,1,0
BRDA:29,4,0,0
BRDA:29,4,1,0
BRDA:30,5,0,0
BRDA:30,5,1,0
BRDA:38,6,0,0
BRDA:38,6,1,0
BRDA:43,7,0,0
BRDA:43,7,1,0
BRDA:45,8,0,0
BRDA:45,8,1,0
BRDA:82,9,0,0
BRDA:105,10,0,0
BRDA:111,11,0,0
BRDA:111,11,1,0
BRDA:113,12,0,0
BRDA:113,12,1,0
BRDA:114,13,0,0
BRDA:114,13,1,0
BRF:25
BRH:0
end_of_record
TN:
SF:components\weather\index.ts
FNF:0
FNH:0
DA:5,0
DA:6,0
DA:7,0
DA:8,0
LF:4
LH:0
BRF:0
BRH:0
end_of_record
TN:
SF:hooks\useAuth.tsx
FN:43,AuthProvider
FN:50,(anonymous_7)
FN:51,(anonymous_8)
FN:65,(anonymous_9)
FN:69,(anonymous_10)
FN:88,(anonymous_11)
FN:103,(anonymous_12)
FN:118,(anonymous_13)
FN:133,(anonymous_14)
FN:148,(anonymous_15)
FN:159,(anonymous_16)
FN:187,useAuth
FN:200,useRequireOnboarding
FN:208,useRequireProfile
FN:216,useRequireClubs
FNF:15
FNH:0
FNDA:0,AuthProvider
FNDA:0,(anonymous_7)
FNDA:0,(anonymous_8)
FNDA:0,(anonymous_9)
FNDA:0,(anonymous_10)
FNDA:0,(anonymous_11)
FNDA:0,(anonymous_12)
FNDA:0,(anonymous_13)
FNDA:0,(anonymous_14)
FNDA:0,(anonymous_15)
FNDA:0,(anonymous_16)
FNDA:0,useAuth
FNDA:0,useRequireOnboarding
FNDA:0,useRequireProfile
FNDA:0,useRequireClubs
DA:9,0
DA:20,0
DA:37,0
DA:43,0
DA:44,0
DA:45,0
DA:46,0
DA:47,0
DA:50,0
DA:51,0
DA:52,0
DA:55,0
DA:56,0
DA:57,0
DA:59,0
DA:62,0
DA:65,0
DA:69,0
DA:74,0
DA:75,0
DA:76,0
DA:77,0
DA:80,0
DA:81,0
DA:83,0
DA:88,0
DA:89,0
DA:90,0
DA:91,0
DA:92,0
DA:95,0
DA:96,0
DA:98,0
DA:103,0
DA:104,0
DA:105,0
DA:106,0
DA:107,0
DA:110,0
DA:111,0
DA:113,0
DA:118,0
DA:119,0
DA:120,0
DA:121,0
DA:122,0
DA:125,0
DA:126,0
DA:128,0
DA:133,0
DA:134,0
DA:135,0
DA:136,0
DA:137,0
DA:140,0
DA:141,0
DA:143,0
DA:148,0
DA:149,0
DA:150,0
DA:151,0
DA:153,0
DA:154,0
DA:159,0
DA:160,0
DA:163,0
DA:187,0
DA:188,0
DA:190,0
DA:191,0
DA:194,0
DA:200,0
DA:201,0
DA:202,0
DA:208,0
DA:209,0
DA:210,0
DA:216,0
DA:217,0
DA:218,0
LF:80
LH:0
BRDA:55,0,0,0
BRDA:55,0,1,0
BRDA:190,1,0,0
BRDA:190,1,1,0
BRDA:202,2,0,0
BRDA:202,2,1,0
BRDA:210,3,0,0
BRDA:210,3,1,0
BRDA:218,4,0,0
BRDA:218,4,1,0
BRF:10
BRH:0
end_of_record
TN:
SF:hooks\useFavorites.tsx
FN:30,useFavorites
FN:37,(anonymous_2)
FN:58,(anonymous_3)
FN:64,(anonymous_4)
FN:65,(anonymous_5)
FN:72,(anonymous_6)
FN:92,(anonymous_7)
FN:103,(anonymous_8)
FN:112,(anonymous_9)
FN:112,(anonymous_10)
FN:123,(anonymous_11)
FN:134,(anonymous_12)
FNF:12
FNH:0
FNDA:0,useFavorites
FNDA:0,(anonymous_2)
FNDA:0,(anonymous_3)
FNDA:0,(anonymous_4)
FNDA:0,(anonymous_5)
FNDA:0,(anonymous_6)
FNDA:0,(anonymous_7)
FNDA:0,(anonymous_8)
FNDA:0,(anonymous_9)
FNDA:0,(anonymous_10)
FNDA:0,(anonymous_11)
FNDA:0,(anonymous_12)
DA:9,0
DA:15,0
DA:17,0
DA:30,0
DA:31,0
DA:32,0
DA:33,0
DA:34,0
DA:37,0
DA:38,0
DA:39,0
DA:40,0
DA:41,0
DA:44,0
DA:45,0
DA:46,0
DA:47,0
DA:48,0
DA:50,0
DA:51,0
DA:53,0
DA:58,0
DA:59,0
DA:63,0
DA:65,0
DA:71,0
DA:73,0
DA:74,0
DA:77,0
DA:78,0
DA:81,0
DA:92,0
DA:94,0
DA:95,0
DA:102,0
DA:104,0
DA:105,0
DA:108,0
DA:109,0
DA:112,0
DA:114,0
DA:115,0
DA:122,0
DA:124,0
DA:125,0
DA:127,0
DA:134,0
DA:135,0
DA:138,0
LF:49
LH:0
BRDA:38,0,0,0
BRDA:38,0,1,0
BRDA:73,1,0,0
BRDA:73,1,1,0
BRDA:104,2,0,0
BRDA:104,2,1,0
BRDA:124,3,0,0
BRDA:124,3,1,0
BRF:8
BRH:0
end_of_record
TN:
SF:hooks\useGPS.tsx
FN:38,useGPS
FN:60,(anonymous_2)
FN:67,(anonymous_3)
FN:68,(anonymous_4)
FN:76,(anonymous_5)
FN:92,(anonymous_6)
FN:111,(anonymous_7)
FN:128,(anonymous_8)
FN:136,(anonymous_9)
FN:155,(anonymous_10)
FNF:10
FNH:0
FNDA:0,useGPS
FNDA:0,(anonymous_2)
FNDA:0,(anonymous_3)
FNDA:0,(anonymous_4)
FNDA:0,(anonymous_5)
FNDA:0,(anonymous_6)
FNDA:0,(anonymous_7)
FNDA:0,(anonymous_8)
FNDA:0,(anonymous_9)
FNDA:0,(anonymous_10)
DA:9,0
DA:16,0
DA:38,0
DA:43,0
DA:45,0
DA:46,0
DA:47,0
DA:48,0
DA:49,0
DA:51,0
DA:52,0
DA:55,0
DA:60,0
DA:61,0
DA:62,0
DA:67,0
DA:68,0
DA:69,0
DA:70,0
DA:75,0
DA:77,0
DA:80,0
DA:81,0
DA:84,0
DA:85,0
DA:86,0
DA:87,0
DA:92,0
DA:93,0
DA:95,0
DA:97,0
DA:98,0
DA:100,0
DA:101,0
DA:103,0
DA:104,0
DA:107,0
DA:108,0
DA:111,0
DA:112,0
DA:114,0
DA:115,0
DA:117,0
DA:119,0
DA:120,0
DA:121,0
DA:123,0
DA:124,0
DA:128,0
DA:129,0
DA:131,0
DA:132,0
DA:133,0
DA:136,0
DA:137,0
DA:138,0
DA:140,0
DA:141,0
DA:142,0
DA:144,0
DA:145,0
DA:147,0
DA:150,0
DA:154,0
DA:156,0
DA:157,0
DA:160,0
DA:161,0
DA:162,0
DA:167,0
LF:70
LH:0
BRDA:38,0,0,0
BRDA:40,1,0,0
BRDA:41,2,0,0
BRDA:42,3,0,0
BRDA:55,4,0,0
BRDA:55,4,1,0
BRDA:61,5,0,0
BRDA:61,5,1,0
BRDA:69,6,0,0
BRDA:69,6,1,0
BRDA:80,7,0,0
BRDA:80,7,1,0
BRDA:95,8,0,0
BRDA:95,8,1,0
BRDA:95,8,2,0
BRDA:112,9,0,0
BRDA:112,9,1,0
BRDA:129,10,0,0
BRDA:129,10,1,0
BRDA:129,11,0,0
BRDA:129,11,1,0
BRDA:144,12,0,0
BRDA:144,12,1,0
BRDA:156,13,0,0
BRDA:156,13,1,0
BRDA:156,14,0,0
BRDA:156,14,1,0
BRF:27
BRH:0
end_of_record
TN:
SF:hooks\useSync.tsx
FN:36,useSync
FN:45,(anonymous_4)
FN:59,(anonymous_5)
FN:63,(anonymous_6)
FN:67,(anonymous_7)
FN:71,(anonymous_8)
FN:75,(anonymous_9)
FN:82,(anonymous_10)
FN:87,(anonymous_11)
FN:108,useSyncStatus
FN:111,(anonymous_13)
FN:113,(anonymous_14)
FN:117,(anonymous_15)
FNF:13
FNH:0
FNDA:0,useSync
FNDA:0,(anonymous_4)
FNDA:0,(anonymous_5)
FNDA:0,(anonymous_6)
FNDA:0,(anonymous_7)
FNDA:0,(anonymous_8)
FNDA:0,(anonymous_9)
FNDA:0,(anonymous_10)
FNDA:0,(anonymous_11)
FNDA:0,useSyncStatus
FNDA:0,(anonymous_13)
FNDA:0,(anonymous_14)
FNDA:0,(anonymous_15)
DA:10,0
DA:11,0
DA:12,0
DA:36,0
DA:37,0
DA:38,0
DA:39,0
DA:40,0
DA:41,0
DA:42,0
DA:43,0
DA:45,0
DA:46,0
DA:48,0
DA:49,0
DA:50,0
DA:51,0
DA:52,0
DA:53,0
DA:54,0
DA:58,0
DA:60,0
DA:61,0
DA:64,0
DA:65,0
DA:68,0
DA:69,0
DA:72,0
DA:73,0
DA:76,0
DA:77,0
DA:82,0
DA:83,0
DA:87,0
DA:88,0
DA:89,0
DA:90,0
DA:94,0
DA:108,0
DA:109,0
DA:111,0
DA:113,0
DA:114,0
DA:117,0
DA:120,0
LF:45
LH:0
BRDA:46,0,0,0
BRDA:46,0,1,0
BRDA:88,1,0,0
BRDA:88,1,1,0
BRF:4
BRH:0
end_of_record
TN:
SF:hooks\useTheme.tsx
FN:12,useTheme
FN:17,(anonymous_2)
FN:25,(anonymous_3)
FN:53,(anonymous_4)
FN:57,(anonymous_5)
FN:72,(anonymous_6)
FN:79,(anonymous_7)
FN:80,(anonymous_8)
FNF:8
FNH:0
FNDA:0,useTheme
FNDA:0,(anonymous_2)
FNDA:0,(anonymous_3)
FNDA:0,(anonymous_4)
FNDA:0,(anonymous_5)
FNDA:0,(anonymous_6)
FNDA:0,(anonymous_7)
FNDA:0,(anonymous_8)
DA:8,0
DA:12,0
DA:13,0
DA:14,0
DA:17,0
DA:18,0
DA:19,0
DA:20,0
DA:25,0
DA:26,0
DA:27,0
DA:29,0
DA:31,0
DA:32,0
DA:34,0
DA:37,0
DA:40,0
DA:41,0
DA:42,0
DA:44,0
DA:45,0
DA:49,0
DA:53,0
DA:54,0
DA:56,0
DA:57,0
DA:58,0
DA:59,0
DA:61,0
DA:62,0
DA:63,0
DA:64,0
DA:66,0
DA:67,0
DA:71,0
DA:72,0
DA:75,0
DA:80,0
LF:38
LH:0
BRDA:19,0,0,0
BRDA:19,0,1,0
BRDA:29,1,0,0
BRDA:29,1,1,0
BRDA:32,2,0,0
BRDA:32,2,1,0
BRDA:40,3,0,0
BRDA:40,3,1,0
BRDA:54,4,0,0
BRDA:54,4,1,0
BRDA:58,5,0,0
BRDA:58,5,1,0
BRDA:62,6,0,0
BRDA:62,6,1,0
BRDA:80,7,0,0
BRDA:80,7,1,0
BRF:16
BRH:0
end_of_record
TN:
SF:hooks\useWeather.tsx
FN:21,useWeather
FN:31,(anonymous_2)
FN:57,(anonymous_3)
FN:66,(anonymous_4)
FN:71,(anonymous_5)
FN:74,(anonymous_6)
FN:78,(anonymous_7)
FNF:7
FNH:0
FNDA:0,useWeather
FNDA:0,(anonymous_2)
FNDA:0,(anonymous_3)
FNDA:0,(anonymous_4)
FNDA:0,(anonymous_5)
FNDA:0,(anonymous_6)
FNDA:0,(anonymous_7)
DA:3,0
DA:5,0
DA:21,0
DA:26,0
DA:27,0
DA:28,0
DA:29,0
DA:31,0
DA:32,0
DA:33,0
DA:34,0
DA:37,0
DA:38,0
DA:39,0
DA:41,0
DA:43,0
DA:44,0
DA:45,0
DA:47,0
DA:50,0
DA:51,0
DA:53,0
DA:57,0
DA:58,0
DA:61,0
DA:62,0
DA:66,0
DA:67,0
DA:71,0
DA:72,0
DA:74,0
DA:75,0
DA:78,0
DA:81,0
LF:34
LH:0
BRDA:23,0,0,0
BRDA:24,1,0,0
BRDA:32,2,0,0
BRDA:32,2,1,0
BRDA:43,3,0,0
BRDA:43,3,1,0
BRDA:58,4,0,0
BRDA:58,4,1,0
BRDA:72,5,0,0
BRDA:72,5,1,0
BRDA:72,6,0,0
BRDA:72,6,1,0
BRF:12
BRH:0
end_of_record
TN:
SF:lib\analytics.ts
FN:7,(anonymous_25)
FN:24,(anonymous_26)
FN:37,(anonymous_27)
FN:45,(anonymous_28)
FN:54,(anonymous_29)
FN:62,(anonymous_30)
FN:71,(anonymous_31)
FN:80,(anonymous_32)
FN:89,(anonymous_33)
FN:97,(anonymous_34)
FN:106,(anonymous_35)
FN:115,(anonymous_36)
FN:123,(anonymous_37)
FN:132,(anonymous_38)
FN:140,(anonymous_39)
FN:149,(anonymous_40)
FN:158,(anonymous_41)
FN:167,(anonymous_42)
FN:176,(anonymous_43)
FN:185,(anonymous_44)
FN:194,(anonymous_45)
FN:203,(anonymous_46)
FN:210,(anonymous_47)
FNF:23
FNH:0
FNDA:0,(anonymous_25)
FNDA:0,(anonymous_26)
FNDA:0,(anonymous_27)
FNDA:0,(anonymous_28)
FNDA:0,(anonymous_29)
FNDA:0,(anonymous_30)
FNDA:0,(anonymous_31)
FNDA:0,(anonymous_32)
FNDA:0,(anonymous_33)
FNDA:0,(anonymous_34)
FNDA:0,(anonymous_35)
FNDA:0,(anonymous_36)
FNDA:0,(anonymous_37)
FNDA:0,(anonymous_38)
FNDA:0,(anonymous_39)
FNDA:0,(anonymous_40)
FNDA:0,(anonymous_41)
FNDA:0,(anonymous_42)
FNDA:0,(anonymous_43)
FNDA:0,(anonymous_44)
FNDA:0,(anonymous_45)
FNDA:0,(anonymous_46)
FNDA:0,(anonymous_47)
DA:4,0
DA:7,0
DA:8,0
DA:9,0
DA:24,0
DA:25,0
DA:26,0
DA:37,0
DA:38,0
DA:45,0
DA:46,0
DA:54,0
DA:55,0
DA:62,0
DA:63,0
DA:71,0
DA:72,0
DA:80,0
DA:81,0
DA:89,0
DA:90,0
DA:97,0
DA:98,0
DA:106,0
DA:107,0
DA:115,0
DA:116,0
DA:123,0
DA:124,0
DA:132,0
DA:133,0
DA:140,0
DA:141,0
DA:149,0
DA:150,0
DA:158,0
DA:159,0
DA:167,0
DA:168,0
DA:176,0
DA:177,0
DA:185,0
DA:186,0
DA:194,0
DA:195,0
DA:203,0
DA:204,0
DA:205,0
DA:210,0
DA:215,0
DA:216,0
DA:220,0
DA:221,0
LF:53
LH:0
BRDA:4,0,0,0
BRDA:4,0,1,0
BRDA:8,1,0,0
BRDA:8,1,1,0
BRDA:8,2,0,0
BRDA:8,2,1,0
BRDA:25,3,0,0
BRDA:25,3,1,0
BRDA:25,4,0,0
BRDA:25,4,1,0
BRDA:58,5,0,0
BRDA:58,5,1,0
BRDA:119,6,0,0
BRDA:119,6,1,0
BRDA:204,7,0,0
BRDA:204,7,1,0
BRDA:204,8,0,0
BRDA:204,8,1,0
BRDA:215,9,0,0
BRDA:215,9,1,0
BRDA:215,10,0,0
BRDA:215,10,1,0
BRDA:220,11,0,0
BRDA:220,11,1,0
BRF:24
BRH:0
end_of_record
TN:
SF:lib\animations.ts
FN:198,(anonymous_31)
FN:224,(anonymous_32)
FN:233,(anonymous_33)
FN:241,(anonymous_34)
FN:263,(anonymous_35)
FNF:5
FNH:0
FNDA:0,(anonymous_31)
FNDA:0,(anonymous_32)
FNDA:0,(anonymous_33)
FNDA:0,(anonymous_34)
FNDA:0,(anonymous_35)
DA:9,0
DA:20,0
DA:32,0
DA:44,0
DA:56,0
DA:69,0
DA:81,0
DA:90,0
DA:101,0
DA:114,0
DA:132,0
DA:151,0
DA:172,0
DA:182,0
DA:190,0
DA:198,0
DA:209,0
DA:216,0
DA:223,0
DA:224,0
DA:233,0
DA:240,0
DA:241,0
DA:242,0
DA:246,0
DA:258,0
DA:263,0
DA:275,0
DA:288,0
DA:301,0
DA:313,0
DA:329,0
DA:351,0
DA:365,0
LF:34
LH:0
BRDA:225,0,0,0
BRDA:225,0,1,0
BRDA:235,1,0,0
BRDA:235,1,1,0
BRDA:263,2,0,0
BRF:5
BRH:0
end_of_record
TN:
SF:lib\design-tokens.ts
FN:205,colorWithOpacity
FN:210,responsive
FNF:2
FNH:0
FNDA:0,colorWithOpacity
FNDA:0,responsive
DA:7,0
DA:205,0
DA:206,0
DA:210,0
DA:216,0
DA:225,0
DA:226,0
DA:227,0
DA:228,0
DA:229,0
DA:230,0
DA:231,0
DA:232,0
LF:13
LH:0
BRDA:218,0,0,0
BRDA:218,0,1,0
BRDA:219,1,0,0
BRDA:219,1,1,0
BRDA:220,2,0,0
BRDA:220,2,1,0
BRF:6
BRH:0
end_of_record
TN:
SF:lib\firebase.ts
FNF:0
FNH:0
DA:6,0
DA:7,0
DA:8,0
DA:9,0
DA:11,0
DA:21,0
DA:24,0
DA:25,0
DA:26,0
DA:28,0
LF:10
LH:0
BRDA:21,0,0,0
BRDA:21,0,1,0
BRF:2
BRH:0
end_of_record
TN:
SF:lib\performance.ts
FN:4,reportWebVitals
FN:9,(anonymous_10)
FN:45,getPerformanceMetrics
FN:60,(anonymous_12)
FN:69,trackPagePerformance
FN:72,(anonymous_14)
FN:73,(anonymous_15)
FN:92,trackScrollDepth
FN:99,(anonymous_17)
FN:107,(anonymous_18)
FN:126,(anonymous_19)
FN:132,trackTimeOnPage
FN:139,(anonymous_21)
FN:142,(anonymous_22)
FN:159,(anonymous_23)
FN:175,(anonymous_24)
FN:182,trackResourceTiming
FN:197,(anonymous_26)
FN:225,monitorLongTasks
FN:229,(anonymous_28)
FN:254,initPerformanceTracking
FN:262,(anonymous_30)
FN:263,(anonymous_31)
FN:272,(anonymous_32)
FNF:24
FNH:0
FNDA:0,reportWebVitals
FNDA:0,(anonymous_10)
FNDA:0,getPerformanceMetrics
FNDA:0,(anonymous_12)
FNDA:0,trackPagePerformance
FNDA:0,(anonymous_14)
FNDA:0,(anonymous_15)
FNDA:0,trackScrollDepth
FNDA:0,(anonymous_17)
FNDA:0,(anonymous_18)
FNDA:0,(anonymous_19)
FNDA:0,trackTimeOnPage
FNDA:0,(anonymous_21)
FNDA:0,(anonymous_22)
FNDA:0,(anonymous_23)
FNDA:0,(anonymous_24)
FNDA:0,trackResourceTiming
FNDA:0,(anonymous_26)
FNDA:0,monitorLongTasks
FNDA:0,(anonymous_28)
FNDA:0,initPerformanceTracking
FNDA:0,(anonymous_30)
FNDA:0,(anonymous_31)
FNDA:0,(anonymous_32)
DA:4,0
DA:5,0
DA:8,0
DA:9,0
DA:10,0
DA:11,0
DA:12,0
DA:15,0
DA:16,0
DA:26,0
DA:27,0
DA:29,0
DA:45,0
DA:46,0
DA:47,0
DA:50,0
DA:51,0
DA:53,0
DA:60,0
DA:61,0
DA:62,0
DA:65,0
DA:69,0
DA:70,0
DA:72,0
DA:73,0
DA:74,0
DA:76,0
DA:79,0
DA:80,0
DA:92,0
DA:93,0
DA:95,0
DA:96,0
DA:97,0
DA:99,0
DA:100,0
DA:101,0
DA:102,0
DA:103,0
DA:105,0
DA:107,0
DA:108,0
DA:109,0
DA:111,0
DA:112,0
DA:123,0
DA:126,0
DA:127,0
DA:132,0
DA:133,0
DA:135,0
DA:136,0
DA:137,0
DA:139,0
DA:140,0
DA:142,0
DA:143,0
DA:144,0
DA:146,0
DA:147,0
DA:159,0
DA:160,0
DA:162,0
DA:163,0
DA:172,0
DA:175,0
DA:176,0
DA:177,0
DA:182,0
DA:183,0
DA:185,0
DA:187,0
DA:197,0
DA:198,0
DA:199,0
DA:201,0
DA:202,0
DA:204,0
DA:205,0
DA:206,0
DA:207,0
DA:208,0
DA:211,0
DA:214,0
DA:215,0
DA:225,0
DA:226,0
DA:228,0
DA:229,0
DA:230,0
DA:231,0
DA:232,0
DA:233,0
DA:235,0
DA:236,0
DA:247,0
DA:249,0
DA:254,0
DA:255,0
DA:257,0
DA:258,0
DA:259,0
DA:262,0
DA:263,0
DA:264,0
DA:269,0
DA:270,0
DA:272,0
DA:273,0
DA:274,0
LF:111
LH:0
BRDA:5,0,0,0
BRDA:5,0,1,0
BRDA:8,1,0,0
BRDA:8,1,1,0
BRDA:15,2,0,0
BRDA:15,2,1,0
BRDA:17,3,0,0
BRDA:17,3,1,0
BRDA:46,4,0,0
BRDA:46,4,1,0
BRDA:46,5,0,0
BRDA:46,5,1,0
BRDA:61,6,0,0
BRDA:61,6,1,0
BRDA:70,7,0,0
BRDA:70,7,1,0
BRDA:79,8,0,0
BRDA:79,8,1,0
BRDA:79,9,0,0
BRDA:79,9,1,0
BRDA:93,10,0,0
BRDA:93,10,1,0
BRDA:108,11,0,0
BRDA:108,11,1,0
BRDA:108,12,0,0
BRDA:108,12,1,0
BRDA:111,13,0,0
BRDA:111,13,1,0
BRDA:133,14,0,0
BRDA:133,14,1,0
BRDA:143,15,0,0
BRDA:143,15,1,0
BRDA:143,16,0,0
BRDA:143,16,1,0
BRDA:146,17,0,0
BRDA:146,17,1,0
BRDA:162,18,0,0
BRDA:162,18,1,0
BRDA:183,19,0,0
BRDA:183,19,1,0
BRDA:183,20,0,0
BRDA:183,20,1,0
BRDA:198,21,0,0
BRDA:198,21,1,0
BRDA:204,22,0,0
BRDA:204,22,1,0
BRDA:205,23,0,0
BRDA:205,23,1,0
BRDA:206,24,0,0
BRDA:206,24,1,0
BRDA:207,25,0,0
BRDA:207,25,1,0
BRDA:214,26,0,0
BRDA:214,26,1,0
BRDA:226,27,0,0
BRDA:226,27,1,0
BRDA:226,28,0,0
BRDA:226,28,1,0
BRDA:232,29,0,0
BRDA:232,29,1,0
BRDA:235,30,0,0
BRDA:235,30,1,0
BRDA:255,31,0,0
BRDA:255,31,1,0
BRF:64
BRH:0
end_of_record
TN:
SF:lib\pwa.ts
FN:18,(anonymous_27)
FN:21,(anonymous_28)
FN:32,(anonymous_29)
FN:41,(anonymous_30)
FN:61,(anonymous_31)
FN:68,(anonymous_32)
FN:91,(anonymous_33)
FN:99,(anonymous_34)
FN:120,(anonymous_35)
FN:130,(anonymous_36)
FN:165,(anonymous_37)
FN:172,(anonymous_38)
FN:180,(anonymous_39)
FN:190,(anonymous_40)
FN:221,(anonymous_41)
FN:228,(anonymous_42)
FN:231,(anonymous_43)
FN:233,(anonymous_44)
FN:244,(anonymous_45)
FN:260,(anonymous_46)
FN:267,(anonymous_47)
FN:290,(anonymous_48)
FN:299,(anonymous_49)
FN:307,(anonymous_50)
FN:315,(anonymous_51)
FN:324,(anonymous_52)
FN:344,(anonymous_53)
FN:355,(anonymous_54)
FN:376,(anonymous_55)
FN:382,(anonymous_56)
FN:394,(anonymous_57)
FNF:31
FNH:0
FNDA:0,(anonymous_27)
FNDA:0,(anonymous_28)
FNDA:0,(anonymous_29)
FNDA:0,(anonymous_30)
FNDA:0,(anonymous_31)
FNDA:0,(anonymous_32)
FNDA:0,(anonymous_33)
FNDA:0,(anonymous_34)
FNDA:0,(anonymous_35)
FNDA:0,(anonymous_36)
FNDA:0,(anonymous_37)
FNDA:0,(anonymous_38)
FNDA:0,(anonymous_39)
FNDA:0,(anonymous_40)
FNDA:0,(anonymous_41)
FNDA:0,(anonymous_42)
FNDA:0,(anonymous_43)
FNDA:0,(anonymous_44)
FNDA:0,(anonymous_45)
FNDA:0,(anonymous_46)
FNDA:0,(anonymous_47)
FNDA:0,(anonymous_48)
FNDA:0,(anonymous_49)
FNDA:0,(anonymous_50)
FNDA:0,(anonymous_51)
FNDA:0,(anonymous_52)
FNDA:0,(anonymous_53)
FNDA:0,(anonymous_54)
FNDA:0,(anonymous_55)
FNDA:0,(anonymous_56)
FNDA:0,(anonymous_57)
DA:13,0
DA:18,0
DA:19,0
DA:21,0
DA:23,0
DA:25,0
DA:28,0
DA:32,0
DA:33,0
DA:34,0
DA:41,0
DA:42,0
DA:43,0
DA:47,0
DA:50,0
DA:53,0
DA:55,0
DA:61,0
DA:62,0
DA:68,0
DA:69,0
DA:91,0
DA:92,0
DA:93,0
DA:99,0
DA:100,0
DA:101,0
DA:104,0
DA:105,0
DA:106,0
DA:109,0
DA:110,0
DA:112,0
DA:113,0
DA:120,0
DA:121,0
DA:122,0
DA:124,0
DA:130,0
DA:131,0
DA:133,0
DA:134,0
DA:135,0
DA:136,0
DA:137,0
DA:138,0
DA:139,0
DA:140,0
DA:141,0
DA:142,0
DA:144,0
DA:145,0
DA:149,0
DA:150,0
DA:151,0
DA:153,0
DA:154,0
DA:165,0
DA:166,0
DA:172,0
DA:173,0
DA:174,0
DA:180,0
DA:181,0
DA:183,0
DA:184,0
DA:190,0
DA:194,0
DA:196,0
DA:197,0
DA:198,0
DA:201,0
DA:221,0
DA:222,0
DA:228,0
DA:229,0
DA:231,0
DA:232,0
DA:234,0
DA:245,0
DA:246,0
DA:260,0
DA:264,0
DA:266,0
DA:268,0
DA:290,0
DA:291,0
DA:292,0
DA:299,0
DA:300,0
DA:307,0
DA:308,0
DA:315,0
DA:316,0
DA:318,0
DA:324,0
DA:325,0
DA:326,0
DA:332,0
DA:344,0
DA:345,0
DA:355,0
DA:356,0
DA:358,0
DA:359,0
DA:360,0
DA:367,0
DA:368,0
DA:376,0
DA:377,0
DA:380,0
DA:382,0
DA:383,0
DA:385,0
DA:386,0
DA:387,0
DA:389,0
DA:390,0
DA:394,0
DA:395,0
DA:396,0
DA:397,0
LF:122
LH:0
BRDA:19,0,0,0
BRDA:19,0,1,0
BRDA:42,1,0,0
BRDA:42,1,1,0
BRDA:69,2,0,0
BRDA:69,2,1,0
BRDA:72,3,0,0
BRDA:72,3,1,0
BRDA:72,3,2,0
BRDA:92,4,0,0
BRDA:92,4,1,0
BRDA:100,5,0,0
BRDA:100,5,1,0
BRDA:109,6,0,0
BRDA:109,6,1,0
BRDA:121,7,0,0
BRDA:121,7,1,0
BRDA:122,8,0,0
BRDA:122,8,1,0
BRDA:131,9,0,0
BRDA:131,9,1,0
BRDA:131,10,0,0
BRDA:131,10,1,0
BRDA:166,11,0,0
BRDA:166,11,1,0
BRDA:173,12,0,0
BRDA:173,12,1,0
BRDA:181,13,0,0
BRDA:181,13,1,0
BRDA:194,14,0,0
BRDA:194,14,1,0
BRDA:197,15,0,0
BRDA:197,15,1,0
BRDA:222,16,0,0
BRDA:222,16,1,0
BRDA:229,17,0,0
BRDA:229,17,1,0
BRDA:238,18,0,0
BRDA:238,18,1,0
BRDA:239,19,0,0
BRDA:239,19,1,0
BRDA:240,20,0,0
BRDA:240,20,1,0
BRDA:241,21,0,0
BRDA:241,21,1,0
BRDA:264,22,0,0
BRDA:264,22,1,0
BRDA:272,23,0,0
BRDA:272,23,1,0
BRDA:273,24,0,0
BRDA:273,24,1,0
BRDA:274,25,0,0
BRDA:274,25,1,0
BRDA:275,26,0,0
BRDA:275,26,1,0
BRDA:291,27,0,0
BRDA:291,27,1,0
BRDA:300,28,0,0
BRDA:300,28,1,0
BRDA:308,29,0,0
BRDA:308,29,1,0
BRDA:316,30,0,0
BRDA:316,30,1,0
BRDA:325,31,0,0
BRDA:325,31,1,0
BRDA:345,32,0,0
BRDA:345,32,1,0
BRDA:356,33,0,0
BRDA:356,33,1,0
BRDA:377,34,0,0
BRDA:377,34,1,0
BRDA:383,35,0,0
BRDA:383,35,1,0
BRDA:395,36,0,0
BRDA:395,36,1,0
BRF:75
BRH:0
end_of_record
TN:
SF:lib\responsive.ts
FN:119,(anonymous_17)
FN:124,(anonymous_18)
FN:129,(anonymous_19)
FN:135,(anonymous_20)
FN:141,(anonymous_21)
FN:150,(anonymous_22)
FN:195,(anonymous_23)
FN:200,(anonymous_24)
FNF:8
FNH:0
FNDA:0,(anonymous_17)
FNDA:0,(anonymous_18)
FNDA:0,(anonymous_19)
FNDA:0,(anonymous_20)
FNDA:0,(anonymous_21)
FNDA:0,(anonymous_22)
FNDA:0,(anonymous_23)
FNDA:0,(anonymous_24)
DA:7,0
DA:16,0
DA:23,0
DA:81,0
DA:103,0
DA:119,0
DA:120,0
DA:121,0
DA:124,0
DA:125,0
DA:126,0
DA:129,0
DA:130,0
DA:131,0
DA:135,0
DA:136,0
DA:137,0
DA:141,0
DA:142,0
DA:143,0
DA:150,0
DA:151,0
DA:153,0
DA:154,0
DA:158,0
DA:184,0
DA:187,0
DA:195,0
DA:196,0
DA:197,0
DA:200,0
DA:201,0
DA:202,0
LF:33
LH:0
BRDA:120,0,0,0
BRDA:120,0,1,0
BRDA:125,1,0,0
BRDA:125,1,1,0
BRDA:126,2,0,0
BRDA:126,2,1,0
BRDA:130,3,0,0
BRDA:130,3,1,0
BRDA:136,4,0,0
BRDA:136,4,1,0
BRDA:137,5,0,0
BRDA:137,5,1,0
BRDA:142,6,0,0
BRDA:142,6,1,0
BRDA:151,7,0,0
BRDA:151,7,1,0
BRDA:196,8,0,0
BRDA:196,8,1,0
BRDA:201,9,0,0
BRDA:201,9,1,0
BRF:20
BRH:0
end_of_record
TN:
SF:lib\sentry.ts
FN:105,(anonymous_6)
FN:128,(anonymous_7)
FN:132,(anonymous_8)
FN:139,(anonymous_9)
FN:145,(anonymous_10)
FNF:5
FNH:0
FNDA:0,(anonymous_6)
FNDA:0,(anonymous_7)
FNDA:0,(anonymous_8)
FNDA:0,(anonymous_9)
FNDA:0,(anonymous_10)
DA:105,0
DA:106,0
DA:109,0
DA:110,0
DA:128,0
DA:129,0
DA:132,0
DA:134,0
DA:135,0
DA:139,0
DA:140,0
DA:141,0
DA:145,0
DA:147,0
LF:14
LH:0
BRDA:109,0,0,0
BRDA:109,0,1,0
BRDA:109,1,0,0
BRDA:109,1,1,0
BRDA:128,2,0,0
BRDA:134,3,0,0
BRDA:134,3,1,0
BRDA:140,4,0,0
BRDA:140,4,1,0
BRF:9
BRH:0
end_of_record
TN:
SF:lib\seo.tsx
FN:26,generatePageMetadata
FN:109,generateOrganizationSchema
FN:130,generateMobileAppSchema
FN:155,generateBreadcrumbSchema
FN:159,(anonymous_13)
FN:168,generateFAQSchema
FN:172,(anonymous_15)
FN:183,generateProductSchema
FN:216,StructuredData
FNF:9
FNH:0
FNDA:0,generatePageMetadata
FNDA:0,generateOrganizationSchema
FNDA:0,generateMobileAppSchema
FNDA:0,generateBreadcrumbSchema
FNDA:0,(anonymous_13)
FNDA:0,generateFAQSchema
FNDA:0,(anonymous_15)
FNDA:0,generateProductSchema
FNDA:0,StructuredData
DA:4,0
DA:26,0
DA:41,0
DA:44,0
DA:45,0
DA:46,0
DA:47,0
DA:49,0
DA:109,0
DA:110,0
DA:130,0
DA:131,0
DA:155,0
DA:156,0
DA:159,0
DA:168,0
DA:169,0
DA:172,0
DA:183,0
DA:196,0
DA:216,0
LF:21
LH:0
BRDA:30,0,0,0
BRDA:32,1,0,0
BRDA:41,2,0,0
BRDA:41,2,1,0
BRDA:44,3,0,0
BRDA:44,3,1,0
BRDA:46,4,0,0
BRDA:46,4,1,0
BRDA:47,5,0,0
BRDA:47,5,1,0
BRDA:187,6,0,0
BRDA:188,7,0,0
BRF:12
BRH:0
end_of_record
TN:
SF:lib\testimonials.ts
FNF:0
FNH:0
DA:16,0
LF:1
LH:0
BRF:0
BRH:0
end_of_record
TN:
SF:lib\api\client.ts
FN:34,(anonymous_4)
FN:45,(anonymous_5)
FN:52,(anonymous_6)
FN:59,(anonymous_7)
FN:66,(anonymous_8)
FN:73,(anonymous_9)
FN:92,(anonymous_10)
FN:101,(anonymous_11)
FN:111,(anonymous_12)
FN:133,(anonymous_13)
FN:152,(anonymous_14)
FN:165,(anonymous_15)
FN:185,(anonymous_16)
FN:193,(anonymous_17)
FN:214,(anonymous_18)
FN:236,(anonymous_19)
FN:253,(anonymous_20)
FN:271,(anonymous_21)
FN:296,(anonymous_22)
FN:307,(anonymous_23)
FN:327,createOptimisticUpdate
FN:337,debounce
FN:343,(anonymous_26)
FN:345,(anonymous_27)
FNF:24
FNH:0
FNDA:0,(anonymous_4)
FNDA:0,(anonymous_5)
FNDA:0,(anonymous_6)
FNDA:0,(anonymous_7)
FNDA:0,(anonymous_8)
FNDA:0,(anonymous_9)
FNDA:0,(anonymous_10)
FNDA:0,(anonymous_11)
FNDA:0,(anonymous_12)
FNDA:0,(anonymous_13)
FNDA:0,(anonymous_14)
FNDA:0,(anonymous_15)
FNDA:0,(anonymous_16)
FNDA:0,(anonymous_17)
FNDA:0,(anonymous_18)
FNDA:0,(anonymous_19)
FNDA:0,(anonymous_20)
FNDA:0,(anonymous_21)
FNDA:0,(anonymous_22)
FNDA:0,(anonymous_23)
FNDA:0,createOptimisticUpdate
FNDA:0,debounce
FNDA:0,(anonymous_26)
FNDA:0,(anonymous_27)
DA:6,0
DA:24,0
DA:30,0
DA:35,0
DA:36,0
DA:37,0
DA:39,0
DA:46,0
DA:53,0
DA:60,0
DA:67,0
DA:74,0
DA:75,0
DA:76,0
DA:78,0
DA:79,0
DA:82,0
DA:84,0
DA:85,0
DA:96,0
DA:97,0
DA:98,0
DA:99,0
DA:101,0
DA:103,0
DA:104,0
DA:116,0
DA:117,0
DA:118,0
DA:119,0
DA:121,0
DA:123,0
DA:125,0
DA:126,0
DA:138,0
DA:139,0
DA:140,0
DA:142,0
DA:144,0
DA:145,0
DA:153,0
DA:154,0
DA:155,0
DA:157,0
DA:158,0
DA:169,0
DA:171,0
DA:172,0
DA:175,0
DA:176,0
DA:179,0
DA:186,0
DA:194,0
DA:196,0
DA:197,0
DA:198,0
DA:199,0
DA:201,0
DA:202,0
DA:203,0
DA:207,0
DA:215,0
DA:216,0
DA:217,0
DA:220,0
DA:222,0
DA:223,0
DA:224,0
DA:226,0
DA:230,0
DA:237,0
DA:239,0
DA:240,0
DA:243,0
DA:254,0
DA:265,0
DA:278,0
DA:279,0
DA:280,0
DA:282,0
DA:285,0
DA:290,0
DA:294,0
DA:295,0
DA:296,0
DA:301,0
DA:312,0
DA:314,0
DA:315,0
DA:316,0
DA:317,0
DA:320,0
DA:327,0
DA:331,0
DA:337,0
DA:343,0
DA:344,0
DA:345,0
LF:98
LH:0
BRDA:36,0,0,0
BRDA:36,0,1,0
BRDA:78,1,0,0
BRDA:78,1,1,0
BRDA:94,2,0,0
BRDA:117,3,0,0
BRDA:117,3,1,0
BRDA:166,4,0,0
BRDA:167,5,0,0
BRDA:171,6,0,0
BRDA:171,6,1,0
BRDA:172,7,0,0
BRDA:172,7,1,0
BRDA:175,8,0,0
BRDA:175,8,1,0
BRDA:197,9,0,0
BRDA:197,9,1,0
BRDA:199,10,0,0
BRDA:199,10,1,0
BRDA:199,11,0,0
BRDA:199,11,1,0
BRDA:199,11,2,0
BRDA:202,12,0,0
BRDA:202,12,1,0
BRDA:216,13,0,0
BRDA:216,13,1,0
BRDA:223,14,0,0
BRDA:223,14,1,0
BRDA:239,15,0,0
BRDA:239,15,1,0
BRDA:245,16,0,0
BRDA:245,16,1,0
BRDA:265,17,0,0
BRDA:265,17,1,0
BRDA:273,18,0,0
BRDA:274,19,0,0
BRDA:285,20,0,0
BRDA:285,20,1,0
BRDA:286,21,0,0
BRDA:286,21,1,0
BRDA:286,21,2,0
BRDA:294,22,0,0
BRDA:294,22,1,0
BRDA:310,23,0,0
BRF:44
BRH:0
end_of_record
TN:
SF:lib\api\clubs.ts
FN:16,(anonymous_3)
FN:38,(anonymous_4)
FN:60,(anonymous_5)
FN:88,(anonymous_6)
FN:123,(anonymous_7)
FN:153,(anonymous_8)
FN:180,(anonymous_9)
FN:185,(anonymous_10)
FN:198,(anonymous_11)
FN:211,(anonymous_12)
FN:232,(anonymous_13)
FN:271,(anonymous_14)
FN:272,(anonymous_15)
FNF:13
FNH:0
FNDA:0,(anonymous_3)
FNDA:0,(anonymous_4)
FNDA:0,(anonymous_5)
FNDA:0,(anonymous_6)
FNDA:0,(anonymous_7)
FNDA:0,(anonymous_8)
FNDA:0,(anonymous_9)
FNDA:0,(anonymous_10)
FNDA:0,(anonymous_11)
FNDA:0,(anonymous_12)
FNDA:0,(anonymous_13)
FNDA:0,(anonymous_14)
FNDA:0,(anonymous_15)
DA:6,0
DA:8,0
DA:10,0
DA:17,0
DA:18,0
DA:20,0
DA:28,0
DA:29,0
DA:31,0
DA:39,0
DA:40,0
DA:41,0
DA:44,0
DA:45,0
DA:51,0
DA:53,0
DA:61,0
DA:62,0
DA:63,0
DA:65,0
DA:76,0
DA:78,0
DA:79,0
DA:81,0
DA:89,0
DA:90,0
DA:93,0
DA:94,0
DA:95,0
DA:97,0
DA:98,0
DA:104,0
DA:110,0
DA:112,0
DA:114,0
DA:116,0
DA:124,0
DA:125,0
DA:128,0
DA:129,0
DA:130,0
DA:132,0
DA:133,0
DA:139,0
DA:144,0
DA:146,0
DA:154,0
DA:155,0
DA:158,0
DA:159,0
DA:160,0
DA:162,0
DA:163,0
DA:169,0
DA:171,0
DA:173,0
DA:181,0
DA:182,0
DA:183,0
DA:185,0
DA:196,0
DA:198,0
DA:201,0
DA:202,0
DA:204,0
DA:212,0
DA:213,0
DA:215,0
DA:223,0
DA:225,0
DA:238,0
DA:239,0
DA:242,0
DA:243,0
DA:244,0
DA:246,0
DA:247,0
DA:254,0
DA:262,0
DA:263,0
DA:271,0
DA:272,0
DA:274,0
DA:281,0
DA:287,0
DA:288,0
LF:86
LH:0
BRDA:44,0,0,0
BRDA:44,0,1,0
BRDA:44,1,0,0
BRDA:44,1,1,0
BRDA:94,2,0,0
BRDA:94,2,1,0
BRDA:97,3,0,0
BRDA:97,3,1,0
BRDA:129,4,0,0
BRDA:129,4,1,0
BRDA:132,5,0,0
BRDA:132,5,1,0
BRDA:159,6,0,0
BRDA:159,6,1,0
BRDA:162,7,0,0
BRDA:162,7,1,0
BRDA:223,8,0,0
BRDA:223,8,1,0
BRDA:243,9,0,0
BRDA:243,9,1,0
BRDA:246,10,0,0
BRDA:246,10,1,0
BRDA:262,11,0,0
BRDA:262,11,1,0
BRF:24
BRH:0
end_of_record
TN:
SF:lib\api\courses.ts
FN:23,(anonymous_3)
FN:35,(anonymous_4)
FN:92,(anonymous_5)
FN:117,(anonymous_6)
FN:136,(anonymous_7)
FN:167,(anonymous_8)
FN:183,(anonymous_9)
FN:198,(anonymous_10)
FN:204,(anonymous_11)
FN:213,(anonymous_12)
FN:229,(anonymous_13)
FN:250,(anonymous_14)
FN:273,(anonymous_15)
FN:297,(anonymous_16)
FN:304,(anonymous_17)
FN:311,(anonymous_18)
FN:320,(anonymous_19)
FN:321,(anonymous_20)
FN:322,(anonymous_21)
FN:328,(anonymous_22)
FN:355,(anonymous_23)
FN:356,(anonymous_24)
FNF:22
FNH:0
FNDA:0,(anonymous_3)
FNDA:0,(anonymous_4)
FNDA:0,(anonymous_5)
FNDA:0,(anonymous_6)
FNDA:0,(anonymous_7)
FNDA:0,(anonymous_8)
FNDA:0,(anonymous_9)
FNDA:0,(anonymous_10)
FNDA:0,(anonymous_11)
FNDA:0,(anonymous_12)
FNDA:0,(anonymous_13)
FNDA:0,(anonymous_14)
FNDA:0,(anonymous_15)
FNDA:0,(anonymous_16)
FNDA:0,(anonymous_17)
FNDA:0,(anonymous_18)
FNDA:0,(anonymous_19)
FNDA:0,(anonymous_20)
FNDA:0,(anonymous_21)
FNDA:0,(anonymous_22)
FNDA:0,(anonymous_23)
FNDA:0,(anonymous_24)
DA:6,0
DA:13,0
DA:15,0
DA:24,0
DA:25,0
DA:26,0
DA:28,0
DA:36,0
DA:37,0
DA:38,0
DA:41,0
DA:43,0
DA:44,0
DA:51,0
DA:54,0
DA:56,0
DA:58,0
DA:59,0
DA:62,0
DA:63,0
DA:70,0
DA:77,0
DA:79,0
DA:85,0
DA:97,0
DA:100,0
DA:105,0
DA:107,0
DA:108,0
DA:110,0
DA:118,0
DA:119,0
DA:127,0
DA:129,0
DA:137,0
DA:138,0
DA:139,0
DA:141,0
DA:142,0
DA:145,0
DA:146,0
DA:156,0
DA:158,0
DA:160,0
DA:168,0
DA:169,0
DA:170,0
DA:172,0
DA:174,0
DA:176,0
DA:184,0
DA:185,0
DA:187,0
DA:196,0
DA:199,0
DA:200,0
DA:204,0
DA:206,0
DA:214,0
DA:215,0
DA:216,0
DA:218,0
DA:219,0
DA:221,0
DA:222,0
DA:230,0
DA:233,0
DA:241,0
DA:243,0
DA:251,0
DA:252,0
DA:254,0
DA:261,0
DA:263,0
DA:264,0
DA:266,0
DA:279,0
DA:280,0
DA:281,0
DA:284,0
DA:290,0
DA:291,0
DA:298,0
DA:310,0
DA:311,0
DA:320,0
DA:321,0
DA:322,0
DA:334,0
DA:335,0
DA:337,0
DA:346,0
DA:347,0
DA:355,0
DA:356,0
DA:358,0
DA:365,0
DA:371,0
DA:372,0
LF:99
LH:0
BRDA:35,0,0,0
BRDA:38,1,0,0
BRDA:38,1,1,0
BRDA:41,2,0,0
BRDA:41,2,1,0
BRDA:59,3,0,0
BRDA:59,3,1,0
BRDA:62,4,0,0
BRDA:62,4,1,0
BRDA:62,5,0,0
BRDA:62,5,1,0
BRDA:95,6,0,0
BRDA:141,7,0,0
BRDA:141,7,1,0
BRDA:229,8,0,0
BRDA:346,9,0,0
BRDA:346,9,1,0
BRF:17
BRH:0
end_of_record
TN:
SF:lib\api\index.ts
FNF:0
FNH:0
DA:7,0
DA:10,0
DA:11,0
DA:12,0
DA:13,0
DA:14,0
DA:18,0
DA:19,0
DA:20,0
DA:21,0
DA:22,0
DA:26,0
LF:12
LH:0
BRF:0
BRH:0
end_of_record
TN:
SF:lib\api\realtime.ts
FN:21,subscribeToActiveGolfersCount
FN:37,(anonymous_12)
FN:42,(anonymous_13)
FN:51,(anonymous_14)
FN:58,subscribeToOnlineGolfersAtCourse
FN:75,(anonymous_16)
FN:100,(anonymous_17)
FN:109,(anonymous_18)
FN:116,subscribeToActiveRound
FN:126,(anonymous_20)
FN:153,(anonymous_21)
FN:162,(anonymous_22)
FN:170,subscribeToCoursReounds
FN:183,(anonymous_24)
FN:188,(anonymous_25)
FN:197,(anonymous_26)
FN:205,updateLastActivity
FN:207,(anonymous_28)
FN:228,(anonymous_29)
FN:239,(anonymous_30)
FN:251,(anonymous_31)
FN:265,(anonymous_32)
FNF:22
FNH:0
FNDA:0,subscribeToActiveGolfersCount
FNDA:0,(anonymous_12)
FNDA:0,(anonymous_13)
FNDA:0,(anonymous_14)
FNDA:0,subscribeToOnlineGolfersAtCourse
FNDA:0,(anonymous_16)
FNDA:0,(anonymous_17)
FNDA:0,(anonymous_18)
FNDA:0,subscribeToActiveRound
FNDA:0,(anonymous_20)
FNDA:0,(anonymous_21)
FNDA:0,(anonymous_22)
FNDA:0,subscribeToCoursReounds
FNDA:0,(anonymous_24)
FNDA:0,(anonymous_25)
FNDA:0,(anonymous_26)
FNDA:0,updateLastActivity
FNDA:0,(anonymous_28)
FNDA:0,(anonymous_29)
FNDA:0,(anonymous_30)
FNDA:0,(anonymous_31)
FNDA:0,(anonymous_32)
DA:6,0
DA:14,0
DA:21,0
DA:24,0
DA:25,0
DA:26,0
DA:27,0
DA:30,0
DA:35,0
DA:38,0
DA:39,0
DA:40,0
DA:43,0
DA:44,0
DA:48,0
DA:50,0
DA:51,0
DA:58,0
DA:62,0
DA:63,0
DA:64,0
DA:65,0
DA:67,0
DA:73,0
DA:76,0
DA:78,0
DA:79,0
DA:82,0
DA:86,0
DA:97,0
DA:98,0
DA:101,0
DA:102,0
DA:106,0
DA:108,0
DA:109,0
DA:116,0
DA:120,0
DA:121,0
DA:122,0
DA:124,0
DA:127,0
DA:128,0
DA:129,0
DA:132,0
DA:133,0
DA:136,0
DA:150,0
DA:151,0
DA:154,0
DA:155,0
DA:159,0
DA:161,0
DA:162,0
DA:170,0
DA:174,0
DA:175,0
DA:176,0
DA:181,0
DA:184,0
DA:185,0
DA:186,0
DA:189,0
DA:190,0
DA:194,0
DA:196,0
DA:197,0
DA:205,0
DA:206,0
DA:207,0
DA:208,0
DA:210,0
DA:214,0
DA:222,0
DA:223,0
DA:230,0
DA:232,0
DA:233,0
DA:240,0
DA:241,0
DA:242,0
DA:243,0
DA:244,0
DA:252,0
DA:254,0
DA:255,0
DA:256,0
DA:259,0
DA:266,0
DA:271,0
LF:90
LH:0
BRDA:82,0,0,0
BRDA:82,0,1,0
BRDA:88,1,0,0
BRDA:88,1,1,0
BRDA:89,2,0,0
BRDA:89,2,1,0
BRDA:127,3,0,0
BRDA:127,3,1,0
BRDA:145,4,0,0
BRDA:145,4,1,0
BRDA:241,5,0,0
BRDA:241,5,1,0
BRF:12
BRH:0
end_of_record
TN:
SF:lib\api\rounds.ts
FN:25,(anonymous_3)
FN:48,(anonymous_4)
FN:70,(anonymous_5)
FN:76,(anonymous_6)
FN:103,(anonymous_7)
FN:126,(anonymous_8)
FN:143,(anonymous_9)
FN:174,(anonymous_10)
FN:190,(anonymous_11)
FN:213,(anonymous_12)
FN:225,(anonymous_13)
FN:247,(anonymous_14)
FN:277,(anonymous_15)
FN:311,(anonymous_16)
FN:345,(anonymous_17)
FN:354,(anonymous_18)
FN:367,(anonymous_19)
FN:377,(anonymous_20)
FN:378,(anonymous_21)
FN:380,(anonymous_22)
FN:447,(anonymous_23)
FN:453,(anonymous_24)
FN:454,(anonymous_25)
FN:458,(anonymous_26)
FN:462,(anonymous_27)
FN:464,(anonymous_28)
FN:472,(anonymous_29)
FNF:27
FNH:0
FNDA:0,(anonymous_3)
FNDA:0,(anonymous_4)
FNDA:0,(anonymous_5)
FNDA:0,(anonymous_6)
FNDA:0,(anonymous_7)
FNDA:0,(anonymous_8)
FNDA:0,(anonymous_9)
FNDA:0,(anonymous_10)
FNDA:0,(anonymous_11)
FNDA:0,(anonymous_12)
FNDA:0,(anonymous_13)
FNDA:0,(anonymous_14)
FNDA:0,(anonymous_15)
FNDA:0,(anonymous_16)
FNDA:0,(anonymous_17)
FNDA:0,(anonymous_18)
FNDA:0,(anonymous_19)
FNDA:0,(anonymous_20)
FNDA:0,(anonymous_21)
FNDA:0,(anonymous_22)
FNDA:0,(anonymous_23)
FNDA:0,(anonymous_24)
FNDA:0,(anonymous_25)
FNDA:0,(anonymous_26)
FNDA:0,(anonymous_27)
FNDA:0,(anonymous_28)
FNDA:0,(anonymous_29)
DA:6,0
DA:15,0
DA:17,0
DA:26,0
DA:27,0
DA:29,0
DA:38,0
DA:39,0
DA:41,0
DA:49,0
DA:50,0
DA:51,0
DA:54,0
DA:55,0
DA:61,0
DA:63,0
DA:71,0
DA:72,0
DA:73,0
DA:76,0
DA:78,0
DA:91,0
DA:93,0
DA:94,0
DA:96,0
DA:104,0
DA:105,0
DA:108,0
DA:109,0
DA:110,0
DA:112,0
DA:113,0
DA:119,0
DA:125,0
DA:126,0
DA:130,0
DA:132,0
DA:134,0
DA:136,0
DA:144,0
DA:145,0
DA:148,0
DA:149,0
DA:150,0
DA:152,0
DA:153,0
DA:160,0
DA:163,0
DA:165,0
DA:167,0
DA:179,0
DA:180,0
DA:181,0
DA:183,0
DA:190,0
DA:197,0
DA:203,0
DA:204,0
DA:206,0
DA:214,0
DA:215,0
DA:216,0
DA:218,0
DA:226,0
DA:227,0
DA:229,0
DA:238,0
DA:240,0
DA:248,0
DA:249,0
DA:250,0
DA:252,0
DA:253,0
DA:257,0
DA:265,0
DA:267,0
DA:268,0
DA:270,0
DA:278,0
DA:279,0
DA:282,0
DA:283,0
DA:284,0
DA:286,0
DA:287,0
DA:293,0
DA:299,0
DA:301,0
DA:302,0
DA:304,0
DA:312,0
DA:313,0
DA:316,0
DA:317,0
DA:318,0
DA:320,0
DA:321,0
DA:327,0
DA:336,0
DA:338,0
DA:346,0
DA:347,0
DA:352,0
DA:354,0
DA:357,0
DA:359,0
DA:368,0
DA:369,0
DA:370,0
DA:372,0
DA:373,0
DA:376,0
DA:377,0
DA:378,0
DA:379,0
DA:380,0
DA:383,0
DA:384,0
DA:385,0
DA:386,0
DA:387,0
DA:388,0
DA:389,0
DA:390,0
DA:391,0
DA:392,0
DA:394,0
DA:395,0
DA:396,0
DA:397,0
DA:398,0
DA:400,0
DA:401,0
DA:402,0
DA:404,0
DA:405,0
DA:406,0
DA:408,0
DA:409,0
DA:410,0
DA:411,0
DA:412,0
DA:413,0
DA:418,0
DA:438,0
DA:440,0
DA:448,0
DA:451,0
DA:452,0
DA:453,0
DA:454,0
DA:456,0
DA:458,0
DA:459,0
DA:462,0
DA:463,0
DA:464,0
DA:466,0
DA:473,0
DA:496,0
DA:497,0
LF:161
LH:0
BRDA:25,0,0,0
BRDA:54,1,0,0
BRDA:54,1,1,0
BRDA:54,2,0,0
BRDA:54,2,1,0
BRDA:76,3,0,0
BRDA:76,3,1,0
BRDA:109,4,0,0
BRDA:109,4,1,0
BRDA:112,5,0,0
BRDA:112,5,1,0
BRDA:125,6,0,0
BRDA:125,6,1,0
BRDA:126,7,0,0
BRDA:126,7,1,0
BRDA:149,8,0,0
BRDA:149,8,1,0
BRDA:152,9,0,0
BRDA:152,9,1,0
BRDA:177,10,0,0
BRDA:252,11,0,0
BRDA:252,11,1,0
BRDA:283,12,0,0
BRDA:283,12,1,0
BRDA:286,13,0,0
BRDA:286,13,1,0
BRDA:317,14,0,0
BRDA:317,14,1,0
BRDA:320,15,0,0
BRDA:320,15,1,0
BRDA:372,16,0,0
BRDA:372,16,1,0
BRDA:396,17,0,0
BRDA:396,17,1,0
BRDA:397,18,0,0
BRDA:397,18,1,0
BRDA:400,19,0,0
BRDA:400,19,1,0
BRDA:401,20,0,0
BRDA:401,20,1,0
BRDA:404,21,0,0
BRDA:404,21,1,0
BRDA:408,22,0,0
BRDA:408,22,1,0
BRDA:408,23,0,0
BRDA:408,23,1,0
BRDA:410,24,0,0
BRDA:410,24,1,0
BRDA:411,25,0,0
BRDA:411,25,1,0
BRDA:412,26,0,0
BRDA:412,26,1,0
BRDA:413,27,0,0
BRDA:413,27,1,0
BRDA:426,28,0,0
BRDA:426,28,1,0
BRDA:428,29,0,0
BRDA:428,29,1,0
BRDA:429,30,0,0
BRDA:429,30,1,0
BRDA:448,31,0,0
BRDA:448,31,1,0
BRDA:456,32,0,0
BRDA:456,32,1,0
BRF:64
BRH:0
end_of_record
TN:
SF:lib\api\sync.ts
FN:17,openDatabase
FN:18,(anonymous_7)
FN:21,(anonymous_8)
FN:22,(anonymous_9)
FN:24,(anonymous_10)
FN:54,(anonymous_11)
FN:70,(anonymous_12)
FN:97,(anonymous_13)
FN:156,(anonymous_14)
FN:179,(anonymous_15)
FN:186,(anonymous_16)
FN:188,(anonymous_17)
FN:189,(anonymous_18)
FN:202,(anonymous_19)
FN:215,(anonymous_20)
FN:217,(anonymous_21)
FN:218,(anonymous_22)
FN:230,(anonymous_23)
FN:237,(anonymous_24)
FN:239,(anonymous_25)
FN:243,(anonymous_26)
FN:254,(anonymous_27)
FN:256,(anonymous_28)
FN:263,(anonymous_29)
FN:268,(anonymous_30)
FN:276,(anonymous_31)
FN:287,(anonymous_32)
FN:293,(anonymous_33)
FN:295,(anonymous_34)
FN:296,(anonymous_35)
FN:300,(anonymous_36)
FN:306,(anonymous_37)
FN:308,(anonymous_38)
FN:309,(anonymous_39)
FN:313,(anonymous_40)
FN:319,(anonymous_41)
FN:321,(anonymous_42)
FN:322,(anonymous_43)
FN:326,(anonymous_44)
FN:332,(anonymous_45)
FN:334,(anonymous_46)
FN:335,(anonymous_47)
FN:339,(anonymous_48)
FN:341,(anonymous_49)
FN:342,(anonymous_50)
FN:359,(anonymous_51)
FN:373,(anonymous_52)
FN:387,(anonymous_53)
FNF:48
FNH:0
FNDA:0,openDatabase
FNDA:0,(anonymous_7)
FNDA:0,(anonymous_8)
FNDA:0,(anonymous_9)
FNDA:0,(anonymous_10)
FNDA:0,(anonymous_11)
FNDA:0,(anonymous_12)
FNDA:0,(anonymous_13)
FNDA:0,(anonymous_14)
FNDA:0,(anonymous_15)
FNDA:0,(anonymous_16)
FNDA:0,(anonymous_17)
FNDA:0,(anonymous_18)
FNDA:0,(anonymous_19)
FNDA:0,(anonymous_20)
FNDA:0,(anonymous_21)
FNDA:0,(anonymous_22)
FNDA:0,(anonymous_23)
FNDA:0,(anonymous_24)
FNDA:0,(anonymous_25)
FNDA:0,(anonymous_26)
FNDA:0,(anonymous_27)
FNDA:0,(anonymous_28)
FNDA:0,(anonymous_29)
FNDA:0,(anonymous_30)
FNDA:0,(anonymous_31)
FNDA:0,(anonymous_32)
FNDA:0,(anonymous_33)
FNDA:0,(anonymous_34)
FNDA:0,(anonymous_35)
FNDA:0,(anonymous_36)
FNDA:0,(anonymous_37)
FNDA:0,(anonymous_38)
FNDA:0,(anonymous_39)
FNDA:0,(anonymous_40)
FNDA:0,(anonymous_41)
FNDA:0,(anonymous_42)
FNDA:0,(anonymous_43)
FNDA:0,(anonymous_44)
FNDA:0,(anonymous_45)
FNDA:0,(anonymous_46)
FNDA:0,(anonymous_47)
FNDA:0,(anonymous_48)
FNDA:0,(anonymous_49)
FNDA:0,(anonymous_50)
FNDA:0,(anonymous_51)
FNDA:0,(anonymous_52)
FNDA:0,(anonymous_53)
DA:9,0
DA:10,0
DA:11,0
DA:12,0
DA:18,0
DA:19,0
DA:21,0
DA:22,0
DA:24,0
DA:25,0
DA:28,0
DA:29,0
DA:30,0
DA:31,0
DA:35,0
DA:36,0
DA:37,0
DA:46,0
DA:47,0
DA:48,0
DA:49,0
DA:55,0
DA:56,0
DA:57,0
DA:60,0
DA:62,0
DA:63,0
DA:71,0
DA:72,0
DA:74,0
DA:81,0
DA:82,0
DA:85,0
DA:86,0
DA:89,0
DA:90,0
DA:98,0
DA:99,0
DA:100,0
DA:103,0
DA:104,0
DA:105,0
DA:108,0
DA:109,0
DA:111,0
DA:112,0
DA:114,0
DA:115,0
DA:116,0
DA:119,0
DA:121,0
DA:122,0
DA:123,0
DA:124,0
DA:125,0
DA:127,0
DA:130,0
DA:131,0
DA:134,0
DA:135,0
DA:136,0
DA:138,0
DA:143,0
DA:144,0
DA:146,0
DA:147,0
DA:149,0
DA:157,0
DA:158,0
DA:160,0
DA:166,0
DA:167,0
DA:180,0
DA:181,0
DA:183,0
DA:184,0
DA:186,0
DA:187,0
DA:188,0
DA:189,0
DA:192,0
DA:194,0
DA:195,0
DA:203,0
DA:204,0
DA:206,0
DA:207,0
DA:209,0
DA:215,0
DA:216,0
DA:217,0
DA:218,0
DA:221,0
DA:223,0
DA:231,0
DA:232,0
DA:234,0
DA:235,0
DA:237,0
DA:238,0
DA:239,0
DA:240,0
DA:241,0
DA:243,0
DA:246,0
DA:247,0
DA:256,0
DA:257,0
DA:258,0
DA:263,0
DA:264,0
DA:265,0
DA:268,0
DA:269,0
DA:277,0
DA:278,0
DA:279,0
DA:288,0
DA:290,0
DA:291,0
DA:293,0
DA:294,0
DA:295,0
DA:296,0
DA:301,0
DA:303,0
DA:304,0
DA:306,0
DA:307,0
DA:308,0
DA:309,0
DA:314,0
DA:316,0
DA:317,0
DA:319,0
DA:320,0
DA:321,0
DA:322,0
DA:327,0
DA:329,0
DA:330,0
DA:332,0
DA:333,0
DA:334,0
DA:335,0
DA:341,0
DA:342,0
DA:344,0
DA:346,0
DA:347,0
DA:349,0
DA:350,0
DA:352,0
DA:353,0
DA:355,0
DA:360,0
DA:362,0
DA:363,0
DA:365,0
DA:366,0
DA:368,0
DA:369,0
DA:374,0
DA:376,0
DA:377,0
DA:379,0
DA:380,0
DA:382,0
DA:383,0
DA:388,0
DA:390,0
DA:391,0
DA:398,0
DA:401,0
DA:402,0
LF:175
LH:0
BRDA:28,0,0,0
BRDA:28,0,1,0
BRDA:35,1,0,0
BRDA:35,1,1,0
BRDA:72,2,0,0
BRDA:72,2,1,0
BRDA:85,3,0,0
BRDA:85,3,1,0
BRDA:98,4,0,0
BRDA:98,4,1,0
BRDA:103,5,0,0
BRDA:103,5,1,0
BRDA:114,6,0,0
BRDA:114,6,1,0
BRDA:134,7,0,0
BRDA:134,7,1,0
BRDA:181,8,0,0
BRDA:181,8,1,0
BRDA:204,9,0,0
BRDA:204,9,1,0
BRDA:232,10,0,0
BRDA:232,10,1,0
BRDA:241,11,0,0
BRDA:241,11,1,0
BRDA:257,12,0,0
BRDA:257,12,1,0
BRDA:277,13,0,0
BRDA:277,13,1,0
BRDA:288,14,0,0
BRDA:288,14,1,0
BRDA:301,15,0,0
BRDA:301,15,1,0
BRDA:314,16,0,0
BRDA:314,16,1,0
BRDA:327,17,0,0
BRDA:327,17,1,0
BRDA:334,18,0,0
BRDA:334,18,1,0
BRDA:344,19,0,0
BRDA:344,19,1,0
BRDA:344,19,2,0
BRDA:344,19,3,0
BRDA:360,20,0,0
BRDA:360,20,1,0
BRDA:360,20,2,0
BRDA:374,21,0,0
BRDA:374,21,1,0
BRDA:374,21,2,0
BRDA:388,22,0,0
BRDA:401,23,0,0
BRDA:401,23,1,0
BRF:51
BRH:0
end_of_record
TN:
SF:src\lib\firebase.ts
FNF:0
FNH:0
DA:14,0
DA:15,0
DA:16,0
DA:17,0
DA:19,0
DA:34,0
DA:36,0
DA:37,0
DA:38,0
DA:39,0
DA:42,0
DA:43,0
LF:12
LH:0
BRDA:34,0,0,0
BRDA:34,0,1,0
BRDA:36,1,0,0
BRDA:36,1,1,0
BRF:4
BRH:0
end_of_record
TN:
SF:src\types\preferences.ts
FNF:0
FNH:0
DA:51,0
LF:1
LH:0
BRF:0
BRH:0
end_of_record
